9956  5.002  1564
10006  5.000  1567
10056  5.000  1571
10106  5.000  1563
10156  5.000  1566
10206  5.000  1553
10256  5.000  1539
10306  5.000  1540
10356  5.000  1530
10406  5.000  1529
10456  5.000  1519
10506  5.000  1516
10556  5.000  1514
10606  5.000  1506
10656  5.000  1501
10706  5.000  1493
10756  5.000  1488
10806  5.000  1493
10856  5.000  1493
10906  5.000  1491
10956  5.000  1493
11006  5.000  1489
11056  5.000  1490
11106  5.000  1492
11156  5.000  1491
11206  5.000  1500
11256  5.000  1500
11306  5.000  1495
11356  5.000  1512
11406  5.000  1511
11456  5.000  1513
11506  5.000  1520
11556  5.000  1518
11606  5.000  1518
11656  5.000  1523
11706  5.000  1519
11756  5.000  1515
11806  5.000  1517
11856  5.000  1514
11906  5.000  1517
11956  5.000  1513
12006  5.000  1514
12056  5.000  1515
12106  5.000  1507
12156  5.000  1510
12206  5.000  1507
12256  5.000  1503
12306  5.000  1509
12356  5.000  1502
12406  5.000  1500
12456  5.000  1498
12506  5.000  1463
12556  5.000  1640
12606  5.000  1548
12656  5.000  1483
12706  5.000  1268
12756  5.000  1577
12806  5.000  1784
12856  5.000  1537
12906  5.000  46
12956  5.000  35
13006  5.000  31
13056  5.000  27
13106  5.000  24
13156  5.000  22
13206  5.000  2408
13256  5.000  2177
13306  5.000  2159
13356  5.000  2151
13406  5.000  2109
13456  5.000  2068
13506  5.000  2028
13556  5.000  2105
13606  5.000  2237
13656  5.000  2311
13706  5.000  2261
13756  5.000  2245
13806  5.000  2273
13856  5.000  2251
13906  5.000  2225
13956  5.000  2194
14006  5.000  2233
14056  5.000  2256
14106  5.000  2265
14156  5.000  2237
14206  5.000  2234
14256  5.000  1773
14306  5.000  30
14356  5.000  29
14406  5.000  28
14456  5.000  28
14506  5.000  31
14556  5.000  32
14606  5.000  34
14656  5.000  2266
14706  5.000  2273
14756  5.000  2271
14806  5.000  2244
14856  5.000  2243
14906  5.000  2253
14956  5.000  2263
15006  5.000  2280
15056  5.000  2269
15106  5.000  2259
15156  5.000  2247
15206  5.000  2256
15256  5.000  2261
15306  5.000  2261
15356  5.000  2274
15406  5.000  2276
15456  5.000  2289
15506  5.000  2293
15556  5.000  2288
15606  5.000  2295
15656  5.000  2302
15706  5.000  1462
15756  5.000  31
15806  5.000  31
15856  5.000  31
15906  5.000  30
15956  5.000  30
16006  5.000  30
16056  5.000  42
16106  5.000  2289
16156  5.000  2296
16206  5.000  2293
16256  5.000  2285
16306  5.000  2274
16356  5.000  2252
16406  5.000  2255
16456  5.000  2254
16506  5.000  2270
16556  5.000  2288
16606  5.000  2292
16656  5.000  2278
16706  5.000  2276
16756  5.000  2306
16806  5.000  2326
16856  5.000  2336
16906  5.000  2334
16956  5.000  2311
17006  5.000  2295
17056  5.000  2314
17106  5.000  2346
17156  5.000  739
17206  5.000  29
17256  5.000  30
17306  5.000  31
17356  5.000  32
17406  5.000  31
17456  5.000  30
17506  5.000  283
17556  5.000  2298
17606  5.000  2295
17656  5.000  2294
17706  5.000  2294
17756  5.000  2301
17806  5.000  2297
17856  5.000  2289
17906  5.000  2296
17956  5.000  2308
18006  5.000  2315
18056  5.000  2323
18106  5.000  2322
18156  5.000  2319
18206  5.000  2324
18256  5.000  2332
18306  5.000  2352
18356  5.000  2353
18406  5.000  2339
18456  5.000  2332
18506  5.000  2344
18556  5.000  2345
18606  5.000  29
18656  5.000  31
18706  5.000  31
18756  5.000  31
18806  5.000  30
18856  5.000  30
18906  5.000  30
18956  5.000  2325
19006  5.000  2316
19056  5.000  2302
19106  5.000  2296
19156  5.000  2308
19206  5.000  2324
19256  5.000  2323
19306  5.000  2311
19356  5.000  2321
19406  5.000  2316
19456  5.000  2310
19506  5.000  2321
19556  5.000  2311
19606  5.000  2310
19656  5.000  2319
19706  5.000  2312
19756  5.000  2315
19806  5.000  2304
19856  5.000  2286
19906  5.000  2276
19956  5.000  2290
20006  5.000  358
20056  5.000  30
20106  5.000  30
20156  5.000  32
20206  5.000  33
20256  5.000  31
20306  5.000  31
20356  5.000  1182
20406  5.000  2279
20456  5.000  2260
20506  5.000  2251
20556  5.000  2237
20606  5.000  2225
20656  5.000  2231
20706  5.000  2230
20756  5.000  2243
20806  5.000  2248
20856  5.000  2267
20906  5.000  2284
20956  5.000  2289
21006  5.000  2296
21056  5.000  2295
21106  5.000  2286
21156  5.000  2275
21206  5.000  2265
21256  5.000  2271
21306  5.000  2270
21356  5.000  2290
21406  5.000  1387
21456  5.000  33
21506  5.000  33
21556  5.000  33
21606  5.000  35
21656  5.000  34
21706  5.000  34
21756  5.000  587
21806  5.000  2243
21856  5.000  2277
21906  5.000  2397
21956  5.000  2273
22006  5.000  1853
22056  5.000  2027
22106  5.000  1733
22156  5.000  1573
22206  5.000  1511
22256  5.000  1491
22306  5.000  1457
22356  5.000  1452
22406  5.000  1448
22456  5.000  1434
22506  5.000  1436
22556  5.000  1435
22606  5.000  1431
22656  5.000  1435
22706  5.000  1424
22756  5.000  1424
22806  5.000  1419
22856  5.000  1429
22906  5.000  1431
22956  5.000  1432
23006  5.000  1432
23056  5.000  1425
23106  5.000  1433
23156  5.000  1425
23206  5.000  1424
23256  5.000  1425
23306  5.000  1417
23356  5.000  1420
23406  5.000  1409
23456  5.000  1411
23506  5.000  1417
23556  5.000  1410
23606  5.000  1412
23656  5.000  1404
23706  5.000  1412
23756  5.000  1408
23806  5.000  1406
23856  5.000  1410
23906  5.000  1404
23956  5.000  1408
24006  5.000  1407
24056  5.000  1409
24106  5.000  1409
24156  5.000  1408
24206  5.000  1415
24256  5.000  1420
24306  5.000  1423
24356  5.000  1425
24406  5.000  1423
24456  5.000  1437
24506  5.000  1438
24556  5.000  1441
24606  5.000  1443
24656  5.000  1439
24706  5.000  1445
24756  5.000  1441
24806  5.000  1442
24856  5.000  1448
24906  5.000  1443
24956  5.000  1451
25006  5.000  1452
25056  5.000  1446
25106  5.000  1451
25156  5.000  1447
25206  5.000  1440
25256  5.000  1443
25306  5.000  1437
25356  5.000  1448
25406  5.000  1477
25456  5.000  1469
25506  5.000  1397
25556  5.000  1334
25606  5.000  1296
25656  5.000  1266
25706  5.000  1192
25756  5.000  1086
25806  5.000  986
25856  5.000  902
25906  5.000  814
25956  5.000  714
26006  5.000  605
26056  5.000  544
26106  5.000  498
26156  5.000  482
26206  5.000  480
26256  5.000  484
26306  5.000  505
26356  5.000  541
26406  5.000  582
26456  5.000  642
26506  5.000  697
26556  5.000  762
26606  5.000  833
26656  5.000  911
26706  5.000  1017
26756  5.000  1128
26806  5.000  1235
26856  5.000  1317
26906  5.000  1372
26956  5.000  1420
27006  5.000  1453
27056  5.000  1490
27106  5.000  1530
27156  5.000  1546
27206  5.000  1565
27256  5.000  1561
27306  5.000  1565
27356  5.000  1572
27406  5.000  1592
27456  5.000  1615
27506  5.000  1334
27556  5.000  2224
27606  5.000  2195
27656  5.000  2632
27706  5.000  2490
27756  5.000  2485
27806  5.000  2415
27856  5.000  2367
27906  5.000  2360
27956  5.000  2322
28006  5.000  2287
28056  5.000  2239
28106  5.000  2164
28156  5.000  2097
28206  5.000  2055
28256  5.000  2022
28306  5.000  2013
28356  5.000  1490
28406  5.000  9
28456  5.000  10
28506  5.000  9
28556  5.000  9
28606  5.000  9
28656  5.000  10
28706  5.000  14
28756  5.000  2003
28806  5.000  2008
28856  5.000  2019
28906  5.000  2020
28956  5.000  2030
29006  5.000  2022
29056  5.000  2012
29106  5.000  2006
29156  5.000  2005
29206  5.000  2009
29256  5.000  2016
29306  5.000  2023
29356  5.000  2031
29406  5.000  2033
29456  5.000  2025
29506  5.000  2036
29556  5.000  2046
29606  5.000  2058
29656  5.000  2078
29706  5.000  2135
29756  5.000  12
29806  5.000  11
29856  5.000  12
29906  5.000  12
29956  5.000  11
30006  5.000  12
30056  5.000  11
30106  5.000  2139
30156  5.000  2153
30206  5.000  2170
30256  5.000  2180
30306  5.000  2194
30356  5.000  2197
30406  5.000  2186
30456  5.000  2198
30506  5.000  2197
30556  5.000  2205
30606  5.000  2201
30656  5.000  2218
30706  5.000  2231
30756  5.000  2228
30806  5.000  2226
30856  5.000  2219
30906  5.000  2214
30956  5.000  2216
31006  5.000  2223
31056  5.000  2242
31106  5.000  -86
31156  5.000  11
31206  5.000  12
31256  5.000  12
31306  5.000  13
31356  5.000  12
31406  5.000  13
31456  5.000  2155
31506  5.000  2141
31556  5.000  2149
31606  5.000  2155
31656  5.000  2161
31706  5.000  2158
31756  5.000  2152
31806  5.000  2147
31856  5.000  2133
31906  5.000  2128
31956  5.000  2136
32006  5.000  2136
32056  5.000  2139
32106  5.000  2124
32156  5.000  2121
32206  5.000  2135
32256  5.000  2148
32306  5.000  2167
32356  5.000  2175
32406  5.000  2177
32456  5.000  868
32506  5.000  11
32556  5.000  12
32606  5.000  12
32656  5.000  12
32706  5.000  11
32756  5.000  12
32806  5.000  3296
32856  5.000  2197
32906  5.000  2200
32956  5.000  2204
33006  5.000  2214
33056  5.000  2226
33106  5.000  2243
33156  5.000  2252
33206  5.000  2260
33256  5.000  2252
33306  5.000  2273
33356  5.000  2275
33406  5.000  2277
33456  5.000  2301
33506  5.000  2314
33556  5.000  2327
33606  5.000  2335
33656  5.000  2346
33706  5.000  2351
33756  5.000  2354
33806  5.000  1634
33856  5.000  14
33906  5.000  14
33956  5.000  14
34006  5.000  15
34056  5.000  14
34106  5.000  14
34156  5.000  981
34206  5.000  2386
34256  5.000  2371
34306  5.000  2370
34356  5.000  2368
34406  5.000  2368
34456  5.000  2380
34506  5.000  2384
34556  5.000  2373
34606  5.000  2353
34656  5.000  2333
34706  5.000  2333
34756  5.000  2329
34806  5.000  2331
34856  5.000  2343
34906  5.000  2333
34956  5.000  2323
35006  5.000  2321
35056  5.000  2335
35106  5.000  2360
35156  5.000  1372
35206  5.000  14
35256  5.000  13
35306  5.000  15
35356  5.000  14
35406  5.000  13
35456  5.000  14
35506  5.000  3224
35556  5.000  2415
35606  5.000  2423
35656  5.000  2423
35706  5.000  2424
35756  5.000  2412
35806  5.000  2403
35856  5.000  2394
35906  5.000  2364
35956  5.000  2324
36006  5.000  2223
36056  5.000  2096
36106  5.000  1941
36156  5.000  1022
36206  5.000  1010
36256  5.000  730
36306  5.000  564
36356  5.000  451
36406  5.000  361
36456  5.000  295
36506  5.000  269
36556  5.000  269
36606  5.000  265
36656  5.000  264
36706  5.000  266
36756  5.000  263
36806  5.000  265
36856  5.000  264
36906  5.000  263
36956  5.000  263
37006  5.000  263
37056  5.000  262
37106  5.000  265
37156  5.000  261
37206  5.000  262
37256  5.000  259
37306  5.000  264
37356  5.000  261
37406  5.000  262
37456  5.000  261
37506  5.000  261
37556  5.000  262
37606  5.000  262
37656  5.000  262
37706  5.000  262
37756  5.000  262
37806  5.000  262
37856  5.000  262
37906  5.000  262
37956  5.000  262
38006  5.000  261
38056  5.000  262
38106  5.000  262
38156  5.000  262
38206  5.000  261
38256  5.000  263
38306  5.000  261
38356  5.000  262
38406  5.000  261
38456  5.000  262
38506  5.000  260
38556  5.000  261
38606  5.000  260
38656  5.000  262
38706  5.000  260
38756  5.000  261
38806  5.000  262
38856  5.000  261
38906  5.000  263
38956  5.000  261
39006  5.000  263
39056  5.000  260
39106  5.000  263
39156  5.000  261
39206  5.000  262
39256  5.000  262
39306  5.000  260
39356  5.000  263
39406  5.000  262
39456  5.000  263
39506  5.000  262
39556  5.000  262
39606  5.000  262
39656  5.000  262
39706  5.000  262
39756  5.000  262
39806  5.000  262
39856  5.000  262
39906  5.000  261
39956  5.000  262
40006  5.000  261
40056  5.000  262
40106  5.000  261
40156  5.000  262
40206  5.000  262
40256  5.000  263
40306  5.000  262
40356  5.000  262
40406  5.000  260
40456  5.000  261
40506  5.000  262
40556  5.000  262
40606  5.000  262
40656  5.000  261
40706  5.000  263
40756  5.000  263
40806  5.000  262
40856  5.000  262
40906  5.000  263
40956  5.000  262
41006  5.000  262
41056  5.000  262
41106  5.000  262
41156  5.000  262
41206  5.000  263
41256  5.000  261
41306  5.000  260
41356  5.000  263
41406  5.000  263
41456  5.000  301
41506  5.000  345
41556  5.000  463
41606  5.000  281
41656  5.000  286
41706  5.000  286
41756  5.000  568
41806  5.000  581
41856  5.000  584
41906  5.000  295
41956  5.000  294
42006  5.000  298
42056  5.000  566
42106  5.000  574
42156  5.000  573
42206  5.000  571
42256  5.000  304
42306  5.000  304
42356  5.000  305
42406  5.000  555
42456  5.000  531
42506  5.000  518
42556  5.000  322
42606  5.000  326
42656  5.000  332
42706  5.000  386
42756  5.000  383
42806  5.000  368
42856  5.000  3200
42906  5.000  339
42956  5.000  340
43006  5.000  341
43056  5.000  487
43106  5.000  475
43156  5.000  483
43206  5.000  341
43256  5.000  342
43306  5.000  342
43356  5.000  489
43406  5.000  466
43456  5.000  453
43506  5.000  350
43556  5.000  348
43606  5.000  347
43656  5.000  -2292
43706  5.000  411
43756  5.000  393
43806  5.000  401
43856  5.000  353
43906  5.000  351
43956  5.000  356
44006  5.000  482
44056  5.000  472
44106  5.000  475
44156  5.000  351
44206  5.000  351
44256  5.000  352
44306  5.000  488
44356  5.000  469
44406  5.000  477
44456  5.000  470
44506  5.000  353
44556  5.000  354
44606  5.000  353
44656  5.000  471
44706  5.000  469
44756  5.000  464
44806  5.000  352
44856  5.000  351
44906  5.000  353
44956  5.000  474
45006  5.000  462
45056  5.000  437
45106  5.000  3191
45156  5.000  351
45206  5.000  353
45256  5.000  351
45306  5.000  361
45356  5.000  341
45406  5.000  318
45456  5.000  363
45506  5.000  363
45556  5.000  364
45606  5.000  54
45656  5.000  39
45706  5.000  33
45756  5.000  360
45806  5.000  354
45856  5.000  349
45906  5.000  -3024
45956  5.000  35
46006  5.000  42
46056  5.000  47
46106  5.000  362
46156  5.000  357
46206  5.000  357
46256  5.000  51
46306  5.000  51
46356  5.000  50
46406  5.000  372
46456  5.000  370
46506  5.000  377
46556  5.000  44
46606  5.000  43
46656  5.000  42
46706  5.000  40
46756  5.000  387
46806  5.000  389
46856  5.000  389
46906  5.000  34
46956  5.000  33
47006  5.000  33
47056  5.000  391
47106  5.000  393
47156  5.000  386
47206  5.000  36
47256  5.000  35
47306  5.000  32
47356  5.000  3143
47406  5.000  385
47456  5.000  384
47506  5.000  386
47556  5.000  34
47606  5.000  32
47656  5.000  30
47706  5.000  383
47756  5.000  387
47806  5.000  381
47856  5.000  28
47906  5.000  27
47956  5.000  26
48006  5.000  386
48056  5.000  379
48106  5.000  380
48156  5.000  -3009
48206  5.000  24
48256  5.000  24
48306  5.000  24
48356  5.000  383
48406  5.000  380
48456  5.000  380
48506  5.000  23
48556  5.000  23
48606  5.000  24
48656  5.000  385
48706  5.000  384
48756  5.000  384
48806  5.000  24
48856  5.000  23
48906  5.000  23
48956  5.000  23
49006  5.000  383
49056  5.000  384
49106  5.000  382
49156  5.000  22
49206  5.000  23
49256  5.000  22
49306  5.000  388
49356  5.000  385
49406  5.000  389
49456  5.000  21
49506  5.000  22
49556  5.000  21
49606  5.000  469
49656  5.000  387
49706  5.000  392
49756  5.000  388
49806  5.000  21
49856  5.000  20
49906  5.000  21
49956  5.000  393
50006  5.000  395
50056  5.000  393
50106  5.000  21
50156  5.000  19
50206  5.000  20
50256  5.000  399
50306  5.000  393
50356  5.000  396
50406  5.000  -3001
50456  5.000  20
50506  5.000  20
50556  5.000  20
50606  5.000  399
50656  5.000  399
50706  5.000  397
50756  5.000  18
50806  5.000  18
50856  5.000  18
50906  5.000  404
50956  5.000  400
51006  5.000  403
51056  5.000  18
51106  5.000  19
51156  5.000  19
51206  5.000  18
51256  5.000  404
51306  5.000  401
51356  5.000  400
51406  5.000  18
51456  5.000  19
51506  5.000  18
51556  5.000  401
51606  5.000  402
51656  5.000  401
51706  5.000  18
51756  5.000  18
51806  5.000  18
51856  5.000  481
51906  5.000  403
51956  5.000  407
52006  5.000  404
52056  5.000  17
52106  5.000  18
52156  5.000  17
52206  5.000  408
52256  5.000  408
52306  5.000  405
52356  5.000  19
52406  5.000  17
52456  5.000  16
52506  5.000  415
52556  5.000  414
52606  5.000  416
52656  5.000  -2998
52706  5.000  18
52756  5.000  17
52806  5.000  18
52856  5.000  451
52906  5.000  459
52956  5.000  466
53006  5.000  16
53056  5.000  15
53106  5.000  16
53156  5.000  490
53206  5.000  500
53256  5.000  492
53306  5.000  16
53356  5.000  15
53406  5.000  12
53456  5.000  12
53506  5.000  523
53556  5.000  494
53606  5.000  491
53656  5.000  15
53706  5.000  18
53756  5.000  22
53806  5.000  539
53856  5.000  576
53906  5.000  577
53956  5.000  37
54006  5.000  40
54056  5.000  44
54106  5.000  695
54156  5.000  687
54206  5.000  698
54256  5.000  699
54306  5.000  38
54356  5.000  36
54406  5.000  35
54456  5.000  754
54506  5.000  762
54556  5.000  748
54606  5.000  35
54656  5.000  36
54706  5.000  36
54756  5.000  740
54806  5.000  718
54856  5.000  726
54906  5.000  -2639
54956  5.000  34
55006  5.000  34
55056  5.000  33
55106  5.000  732
55156  5.000  713
55206  5.000  703
55256  5.000  33
55306  5.000  34
55356  5.000  33
55406  5.000  705
55456  5.000  710
55506  5.000  728
55556  5.000  31
55606  5.000  30
55656  5.000  31
55706  5.000  30
55756  5.000  748
55806  5.000  752
55856  5.000  750
55906  5.000  30
55956  5.000  29
56006  5.000  30
56056  5.000  757
56106  5.000  739
56156  5.000  700
56206  5.000  27
56256  5.000  29
56306  5.000  38
56356  5.000  957
56406  5.000  1101
56456  5.000  1263
56506  5.000  1319
56556  5.000  676
56606  5.000  679
56656  5.000  492
56706  5.000  1388
56756  5.000  1498
56806  5.000  1626
56856  5.000  171
56906  5.000  181
56956  5.000  258
57006  5.000  1749
57056  5.000  1783
57106  5.000  1808
57156  5.000  -972
57206  5.000  436
57256  5.000  232
57306  5.000  111
57356  5.000  1993
57406  5.000  2033
57456  5.000  2066
57506  5.000  40
57556  5.000  32
57606  5.000  27
57656  5.000  2125
57706  5.000  2117
57756  5.000  2087
57806  5.000  21
57856  5.000  20
57906  5.000  21
57956  5.000  19
58006  5.000  2067
58056  5.000  2082
58106  5.000  2092
58156  5.000  19
58206  5.000  19
58256  5.000  19
58306  5.000  2078
58356  5.000  2087
58406  5.000  2072
58456  5.000  19
58506  5.000  19
58556  5.000  19
58606  5.000  2063
58656  5.000  2072
58706  5.000  2063
58756  5.000  2067
58806  5.000  19
58856  5.000  19
58906  5.000  20
58956  5.000  2048
59006  5.000  2041
59056  5.000  2050
59106  5.000  20
59156  5.000  19
59206  5.000  19
59256  5.000  2039
59306  5.000  2048
59356  5.000  2043
59406  5.000  -1299
59456  5.000  19
59506  5.000  19
59556  5.000  19
59606  5.000  2049
59656  5.000  2034
59706  5.000  2036
59756  5.000  19
59806  5.000  20
59856  5.000  19
59906  5.000  2030
59956  5.000  2044
60006  5.000  2044
60056  5.000  20
60106  5.000  21
60156  5.000  20
60206  5.000  19
60256  5.000  2043
60306  5.000  2057
60356  5.000  2059
60406  5.000  19
60456  5.000  18
60506  5.000  20
60556  5.000  2064
60606  5.000  2065
60656  5.000  2062
60706  5.000  20
60756  5.000  19
60806  5.000  20
60856  5.000  2062
60906  5.000  2072
60956  5.000  2082
61006  5.000  2077
61056  5.000  19
61106  5.000  19
61156  5.000  19
61206  5.000  2101
61256  5.000  2097
61306  5.000  2093
61356  5.000  20
61406  5.000  19
61456  5.000  19
61506  5.000  2134
61556  5.000  2139
61606  5.000  2158
61656  5.000  -1184
61706  5.000  19
61756  5.000  19
61806  5.000  20
61856  5.000  2182
61906  5.000  2177
61956  5.000  2178
62006  5.000  18
62056  5.000  20
62106  5.000  19
62156  5.000  2162
62206  5.000  2164
62256  5.000  2157
62306  5.000  19
62356  5.000  19
62406  5.000  19
62456  5.000  19
62506  5.000  2132
62556  5.000  2135
62606  5.000  2136
62656  5.000  20
62706  5.000  20
62756  5.000  19
62806  5.000  2130
62856  5.000  2126
62906  5.000  2123
62956  5.000  19
63006  5.000  19
63056  5.000  19
63106  5.000  2118
63156  5.000  2119
63206  5.000  2096
63256  5.000  2103
63306  5.000  20
63356  5.000  21
63406  5.000  19
63456  5.000  2088
63506  5.000  2099
63556  5.000  2087
63606  5.000  20
63656  5.000  21
63706  5.000  21
63756  5.000  2103
63806  5.000  2091
63856  5.000  2111
63906  5.000  -1220
63956  5.000  22
64006  5.000  22
64056  5.000  20
64106  5.000  2121
64156  5.000  2124
64206  5.000  2125
64256  5.000  21
64306  5.000  21
64356  5.000  20
64406  5.000  2139
64456  5.000  2124
64506  5.000  2114
64556  5.000  21
64606  5.000  21
64656  5.000  21
64706  5.000  22
64756  5.000  2116
64806  5.000  2121
64856  5.000  2116
64906  5.000  21
64956  5.000  21
65006  5.000  20
65056  5.000  2123
65106  5.000  2117
65156  5.000  2115
65206  5.000  21
65256  5.000  21
65306  5.000  21
65356  5.000  2124
65406  5.000  2123
65456  5.000  2117
65506  5.000  2113
65556  5.000  20
65606  5.000  22
65656  5.000  19
65706  5.000  2110
65756  5.000  2115
65806  5.000  2110
65856  5.000  21
65906  5.000  21
65956  5.000  20
66006  5.000  2109
66056  5.000  2100
66106  5.000  2103
66156  5.000  -1232
66206  5.000  22
66256  5.000  21
66306  5.000  21
66356  5.000  2111
66406  5.000  2111
66456  5.000  2117
66506  5.000  22
66556  5.000  22
66606  5.000  22
66656  5.000  2134
66706  5.000  2124
66756  5.000  2126
66806  5.000  22
66856  5.000  22
66906  5.000  22
66956  5.000  22
67006  5.000  2123
67056  5.000  2121
67106  5.000  2123
67156  5.000  23
67206  5.000  23
67256  5.000  23
67306  5.000  2124
67356  5.000  2125
67406  5.000  2129
67456  5.000  23
67506  5.000  22
67556  5.000  22
67606  5.000  2109
67656  5.000  2107
67706  5.000  2096
67756  5.000  2095
67806  5.000  21
67856  5.000  22
67906  5.000  22
67956  5.000  1690
68006  5.000  1179
68056  5.000  436
68106  5.000  565
68156  5.000  400
68206  5.000  293
68256  5.000  262
68306  5.000  262
68356  5.000  262
68406  5.000  260
68456  5.000  262
68506  5.000  259
68556  5.000  259
68606  5.000  260
