0 0 0 56 3 4 2 34 6 3 1
1 5 0 10 -3 0 -1 31 3 0 0
2 10 0 52 -1 -1 0 30 3 0 0
3 15 0 56 1 2 2 33 5 2 1
4 20 0 4 -3 -2 -1 30 2 0 0
5 25 0 53 -1 -2 -1 30 2 0 0
6 30 0 55 1 2 1 32 4 2 1
7 35 0 5 -3 -2 -1 29 1 0 0
8 40 0 52 -1 -2 -1 29 1 0 0
9 45 0 57 3 3 1 32 4 2 1
10 50 0 4 -3 -1 -1 30 1 0 0
11 55 0 52 0 0 -1 30 1 0 0
12 60 0 57 2 4 2 33 4 2 1
13 65 0 4 -1 0 -1 30 2 0 0
14 70 0 53 0 0 -1 30 2 0 0
15 75 0 55 3 6 2 33 5 2 1
16 80 0 5 -1 0 0 31 3 0 0
17 85 0 51 0 0 0 31 3 0 0
18 90 0 56 3 6 2 34 6 2 1
19 95 0 4 -3 0 0 31 4 0 0
20 100 0 51 0 0 0 31 4 0 0
21 105 0 57 2 4 2 33 6 3 1
22 110 0 3 -3 0 -1 30 3 0 0
23 115 0 53 -1 -2 -1 30 2 0 0
24 120 0 55 1 2 1 33 5 2 1
25 125 0 5 -4 -2 -1 30 2 0 0
26 130 0 52 -1 -2 -1 29 2 0 0
27 135 0 57 2 2 1 32 4 3 1
28 140 0 4 -3 -2 -1 29 1 0 0
29 145 0 52 0 -2 -1 29 1 0 0
30 150 0 57 2 3 1 32 4 2 1
31 155 0 3 -3 0 -1 30 1 0 0
32 160 0 53 0 0 -1 30 1 0 0
33 165 0 55 2 5 2 33 4 3 1
34 170 0 5 -1 0 -1 30 2 0 0
35 175 0 51 0 0 -1 30 2 0 0
36 180 0 57 4 6 2 34 5 2 1
37 185 0 4 -1 0 -1 31 3 0 0
38 190 0 53 0 0 0 31 3 0 0
39 195 0 55 3 5 2 34 6 3 1
40 200 0 4 -1 0 -1 31 4 0 0
41 205 0 53 0 0 -1 31 3 0 0
42 210 0 55 1 4 2 33 5 2 1
43 215 0 4 -4 -1 -1 31 3 0 0
44 220 0 51 -1 -2 -1 30 2 0 0
45 225 0 56 1 2 1 33 5 2 1
46 230 0 4 -4 -2 -1 30 2 0 0
47 235 0 52 -1 -2 -1 29 1 0 0
48 240 0 56 1 2 1 32 4 2 1
49 245 0 4 -4 -2 -1 29 1 0 0
50 250 0 52 0 -2 -1 29 1 0 0
51 255 1 994 998 1001 999 999 1000 1004 1006
52 260 0 149 5 0 -1 52 4 0 0
53 265 0 52 0 0 -1 30 1 0 0
54 270 0 57 4 4 2 33 5 2 1
55 275 0 4 -1 0 -1 30 2 0 0
56 280 0 52 0 0 0 30 2 0 0
57 285 0 56 3 6 2 34 5 2 1
58 290 0 4 -1 0 0 31 3 0 0
59 295 0 52 0 0 0 31 3 0 0
60 300 0 55 2 5 2 34 6 2 2
61 305 0 5 -3 -1 -1 31 3 0 0
62 310 0 51 -1 -1 -1 30 3 0 0
63 315 0 57 2 3 1 33 5 2 1
64 320 0 5 -3 -2 -1 30 3 0 0
65 325 0 51 -1 -2 -1 30 2 0 0
66 330 0 57 1 2 1 33 4 2 1
67 335 0 4 -3 -2 -1 30 2 0 0
68 340 0 52 -1 -2 -1 29 1 0 0
69 345 0 56 2 2 1 32 4 2 1
70 350 0 3 -3 -2 -1 29 1 0 0
71 355 0 52 -1 -2 -1 29 1 0 0
72 360 0 57 3 3 1 33 4 2 1
73 365 0 4 -3 -1 -1 30 1 0 0
74 370 0 52 0 0 -1 30 1 0 0
75 375 0 57 3 4 2 33 4 2 1
76 380 0 3 -1 0 -1 30 2 0 0
77 385 0 53 0 0 0 30 2 0 0
78 390 0 55 3 6 2 33 5 2 1
79 395 0 6 -2 0 0 31 3 0 0
80 400 0 51 0 0 0 31 3 0 0
81 405 0 57 3 6 2 34 6 3 1
82 410 0 4 -3 0 -1 31 4 0 0
83 415 0 52 0 0 -1 31 3 0 0
84 420 0 56 2 3 2 33 6 3 1
85 425 0 4 -3 -1 -1 30 3 0 0
86 430 0 53 -1 -2 -1 30 2 0 0
87 435 0 55 1 2 1 33 5 3 1
88 440 0 5 -4 -2 -1 30 2 0 0
89 445 0 51 -1 -2 -1 29 2 0 0
90 450 0 56 2 2 1 32 4 2 2
91 455 0 4 -3 -2 -1 29 1 0 0
92 460 0 51 -1 -2 -1 29 1 0 0
93 465 0 56 2 2 1 32 4 2 1
94 470 0 4 -2 -1 -1 29 1 0 0
95 475 0 53 0 -1 -1 30 1 0 0
96 480 0 55 3 4 2 33 4 3 1
97 485 0 5 -1 -1 -1 30 2 0 0
98 490 0 52 0 0 -1 30 2 0 0
99 495 0 57 4 6 1 33 5 2 1
100 500 0 4 -1 0 0 31 2 0 0
101 505 0 52 0 1 0 31 3 0 0
102 510 1 995 1000 1005 1000 1000 1002 1004 1005
103 515 1 1002 1006 1010 1000 1000 1009 1010 1010
104 520 1 1002 1006 1009 1000 1000 1010 1010 1010
105 525 1 995 998 1003 1000 1000 1003 1004 1005
106 530 1 1002 1004 1008 1000 1000 1010 1010 1011
107 535 1 1002 1004 1007 1000 1000 1009 1010 1011
108 540 1 995 997 1001 1000 1000 1002 1004 1005
109 545 1 1001 1003 1005 1006 1000 1008 1009 1010
110 550 1 1001 1002 1005 1000 1000 1008 1010 1010
111 555 1 995 996 999 1000 1000 1001 1004 1005
112 560 1 1002 1003 1004 999 1000 1007 1010 1010
113 565 1 1002 1003 1004 999 1000 1006 1008 1010
114 570 1 995 997 1000 999 999 1000 1004 1005
115 575 1 1002 1004 1005 999 1000 1006 1009 1010
116 580 1 1003 1005 1006 999 1000 1006 1009 1010
117 585 1 996 999 1002 999 999 1000 1004 1005
118 590 1 1003 1006 1008 999 1000 1007 1009 1010
119 595 1 1003 1006 1008 1000 1000 1007 1010 1010
120 600 1 996 1000 1004 999 999 1001 1004 1005
121 605 1 1003 1008 1010 1000 1000 1008 1009 1010
122 610 1 1003 1008 1011 1000 1000 1009 1010 1010
123 615 1 995 1000 1006 1000 1000 1002 1004 1005
124 620 1 1003 1006 1010 1000 1000 1010 1010 1010
125 625 1 1003 1006 1009 1000 1000 1010 1010 1010
126 630 1 995 999 1004 1000 1000 1003 1004 1006
127 635 1 1003 1005 1008 1000 1000 1010 1010 1011
128 640 1 1002 1004 1007 1000 1000 1009 1010 1011
129 645 1 995 996 1001 1000 1000 1002 1004 1006
130 650 1 1002 1003 1005 1000 1000 1008 1010 1010
131 655 1 1002 1003 1005 1000 1000 1008 1010 1011
132 660 1 995 996 999 999 1000 1001 1004 1005
133 665 1 1002 1003 1004 999 1000 1007 1010 1010
134 670 1 1001 1003 1005 999 1000 1006 1010 1010
135 675 1 995 997 1000 999 999 999 1004 1005
136 680 1 1002 1005 1005 999 1000 1006 1009 1010
137 685 1 1003 1005 1007 999 999 1006 1010 1010
138 690 1 996 999 1002 999 999 1000 1004 1005
139 695 1 1003 1006 1008 999 1000 1007 1009 1010
140 700 1 1003 1007 1009 1000 1000 1007 1010 1010
141 705 1 996 1001 1005 999 999 1001 1004 1005
142 710 1 1003 1008 1010 1000 1000 1008 1010 1010
143 715 1 1003 1007 1011 1000 1000 1009 1010 1010
144 720 1 996 1000 1005 1000 1000 1002 1004 1005
145 725 1 1003 1007 1010 1000 1000 1010 1010 1010
146 730 1 1002 1006 1009 1000 1000 1010 1010 1010
147 735 1 996 999 1003 1000 1000 1003 1004 1005
148 740 1 1002 1004 1007 1000 1000 1009 1010 1011
149 745 1 1002 1004 1006 1000 1000 1009 1010 1010
