init done 
motor controll test
0  0.000  0.000  0.000  0.000  0.000  0.000
8  0.000  0.000  0.000  0.000  0.000  0.000
15  0.000  0.000  0.000  0.000  0.000  0.000
22  0.000  0.000  0.000  0.000  0.000  0.000
29  0.000  0.000  0.000  0.000  0.000  0.000
36  0.000  0.000  0.000  0.000  0.000  0.000
43  0.000  0.000  0.000  0.000  0.000  0.000
50  0.000  0.000  0.000  0.000  0.000  0.000
57  0.000  0.000  0.000  0.000  0.000  0.000
64  0.000  0.000  0.000  0.000  0.000  0.000
71  0.000  0.000  0.000  0.000  0.000  0.000
78  0.000  0.000  0.000  0.000  0.000  0.000
85  0.000  0.000  0.000  0.000  0.000  0.000
92  0.000  0.000  0.000  0.000  0.000  0.000
99  0.000  0.000  0.000  0.000  0.000  0.000
106  0.000  0.000  0.000  0.000  0.000  0.000
113  0.000  0.000  0.000  0.000  0.000  0.000
120  0.000  0.000  0.000  0.000  0.000  0.000
127  0.000  0.000  0.000  0.000  0.000  0.000
134  0.000  0.000  0.000  0.000  0.000  0.000
141  0.000  0.000  0.000  0.000  0.000  0.000
148  0.000  0.000  0.000  0.000  0.000  0.000
155  0.000  0.000  0.000  0.000  0.000  0.000
162  0.000  0.000  0.000  0.000  0.000  0.000
169  0.000  0.000  0.000  0.000  0.000  0.000
176  0.000  0.000  0.000  0.000  0.000  0.000
183  0.000  0.000  0.000  0.000  0.000  0.000
190  0.000  0.000  0.000  0.000  0.000  0.000
197  0.000  0.000  0.000  0.000  0.000  0.000
204  0.000  0.000  0.000  0.000  0.000  0.000
211  0.000  0.000  0.000  0.000  0.000  0.000
218  0.000  0.000  0.000  0.000  0.000  0.000
225  0.000  0.000  0.000  0.000  0.000  0.000
232  0.000  0.000  0.000  0.000  0.000  0.000
239  0.000  0.000  0.000  0.000  0.000  0.000
246  0.000  0.000  0.000  0.000  0.000  0.000
253  0.000  0.000  0.000  0.000  0.000  0.000
260  0.000  0.000  0.000  0.000  0.000  0.000
267  0.000  0.000  0.000  0.000  0.000  0.000
274  0.000  0.000  0.000  0.000  0.000  0.000
281  0.000  0.000  0.000  0.000  0.000  0.000
288  0.000  0.000  0.000  0.000  0.000  0.000
295  0.000  0.000  0.000  0.000  0.000  0.000
302  0.000  0.000  0.000  0.000  0.000  0.000
309  0.000  0.000  0.000  0.000  0.000  0.000
316  0.000  0.000  0.000  0.000  0.000  0.000
323  0.000  0.000  0.000  0.000  0.000  0.000
330  0.000  0.000  0.000  0.000  0.000  0.000
337  0.000  0.000  0.000  0.000  0.000  0.000
344  0.000  0.000  0.000  0.000  0.000  0.000
351  0.000  0.000  0.000  0.000  0.000  0.000
358  0.800  0.800  0.000  0.000  0.712  0.712
365  0.800  0.800  0.006  0.006  0.772  0.772
372  0.800  0.800  0.030  0.030  0.803  0.803
379  0.800  0.800  0.065  0.065  0.832  0.832
386  0.800  0.800  0.102  0.102  0.862  0.862
393  0.800  0.800  0.148  0.148  0.875  0.875
400  0.800  0.800  0.202  0.195  0.878  0.890
407  0.800  0.800  0.257  0.245  0.882  0.899
414  0.800  0.800  0.300  0.295  0.904  0.902
421  0.800  0.800  0.345  0.341  0.907  0.912
428  0.800  0.800  0.391  0.375  0.905  0.934
435  0.800  0.800  0.427  0.419  0.921  0.924
442  0.800  0.800  0.472  0.452  0.905  0.939
449  0.800  0.800  0.512  0.488  0.904  0.936
456  0.800  0.800  0.548  0.520  0.901  0.939
463  0.800  0.800  0.575  0.550  0.910  0.941
470  0.800  0.800  0.605  0.582  0.900  0.931
477  0.800  0.800  0.638  0.605  0.885  0.940
484  0.800  0.800  0.655  0.626  0.900  0.941
491  0.800  0.800  0.684  0.651  0.877  0.931
498  0.800  0.800  0.703  0.667  0.879  0.938
505  0.800  0.800  0.720  0.681  0.875  0.939
512  0.800  0.800  0.742  0.701  0.858  0.928
519  0.800  0.800  0.749  0.718  0.872  0.923
526  0.800  0.800  0.767  0.727  0.848  0.930
533  0.800  0.800  0.778  0.742  0.849  0.918
540  0.800  0.800  0.794  0.755  0.832  0.913
547  0.800  0.800  0.796  0.767  0.845  0.908
554  0.800  0.800  0.804  0.772  0.832  0.914
561  0.800  0.800  0.811  0.782  0.826  0.901
568  0.800  0.800  0.817  0.791  0.820  0.896
575  0.800  0.800  0.817  0.793  0.826  0.902
582  0.800  0.800  0.829  0.801  0.801  0.889
589  0.800  0.800  0.827  0.809  0.814  0.883
596  0.800  0.800  0.832  0.809  0.801  0.889
603  0.800  0.800  0.836  0.809  0.794  0.888
610  0.800  0.800  0.834  0.822  0.800  0.863
617  0.800  0.800  0.838  0.821  0.787  0.876
624  0.800  0.800  0.835  0.826  0.792  0.863
631  0.800  0.800  0.833  0.825  0.791  0.869
638  0.800  0.800  0.837  0.824  0.778  0.867
645  0.800  0.800  0.834  0.829  0.783  0.854
652  0.800  0.800  0.832  0.827  0.782  0.860
659  0.800  0.800  0.836  0.826  0.769  0.859
666  0.800  0.800  0.834  0.818  0.774  0.869
673  0.800  0.800  0.826  0.824  0.784  0.849
680  0.800  0.800  0.830  0.822  0.764  0.855
687  0.800  0.800  0.829  0.821  0.770  0.854
694  0.800  0.800  0.827  0.827  0.769  0.840
701  0.800  0.800  0.819  0.819  0.779  0.858
708  0.800  0.800  0.825  0.818  0.759  0.850
715  0.800  0.800  0.823  0.824  0.765  0.837
722  0.800  0.800  0.816  0.816  0.775  0.854
729  0.800  0.800  0.822  0.816  0.756  0.846
736  0.800  0.800  0.821  0.809  0.761  0.857
743  0.800  0.800  0.814  0.816  0.772  0.837
750  0.800  0.800  0.820  0.816  0.752  0.843
757  0.800  0.800  0.813  0.809  0.769  0.853
764  0.800  0.800  0.813  0.815  0.761  0.833
771  0.800  0.800  0.806  0.809  0.772  0.851
778  0.800  0.800  0.813  0.809  0.752  0.843
785  0.800  0.800  0.807  0.803  0.770  0.854
792  0.800  0.800  0.807  0.810  0.762  0.834
799  0.800  0.800  0.802  0.804  0.773  0.852
806  0.800  0.800  0.809  0.805  0.753  0.844
813  0.800  0.800  0.803  0.806  0.770  0.843
820  0.800  0.800  0.804  0.806  0.763  0.842
827  0.800  0.800  0.811  0.801  0.750  0.852
834  0.800  0.800  0.805  0.802  0.767  0.844
841  0.800  0.800  0.799  0.803  0.771  0.843
848  0.800  0.800  0.801  0.804  0.763  0.842
855  0.800  0.800  0.802  0.798  0.762  0.853
862  0.800  0.800  0.803  0.806  0.761  0.833
869  0.800  0.800  0.797  0.800  0.772  0.851
876  0.800  0.800  0.805  0.801  0.752  0.843
883  0.800  0.800  0.800  0.796  0.770  0.854
890  0.800  0.800  0.801  0.804  0.762  0.834
897  0.800  0.800  0.796  0.799  0.773  0.852
904  0.800  0.800  0.804  0.800  0.753  0.844
911  0.800  0.800  0.798  0.795  0.771  0.855
918  0.800  0.800  0.800  0.803  0.763  0.835
925  0.800  0.800  0.795  0.798  0.774  0.853
932  0.800  0.800  0.803  0.799  0.754  0.845
939  0.800  0.800  0.797  0.800  0.772  0.844
946  0.800  0.800  0.799  0.801  0.764  0.843
953  0.800  0.800  0.800  0.796  0.763  0.854
960  0.800  0.800  0.801  0.792  0.762  0.858
967  0.800  0.800  0.796  0.800  0.773  0.838
974  0.800  0.800  0.798  0.795  0.765  0.856
981  0.800  0.800  0.799  0.797  0.764  0.848
988  0.800  0.800  0.800  0.792  0.763  0.859
995  0.800  0.800  0.795  0.800  0.774  0.839
1002  0.800  0.800  0.803  0.795  0.754  0.857
1009  0.800  0.800  0.798  0.797  0.772  0.849
1016  0.800  0.800  0.799  0.798  0.764  0.848
1023  0.800  0.800  0.794  0.800  0.775  0.848
1030  0.800  0.800  0.802  0.795  0.755  0.858
1037  0.800  0.800  0.797  0.796  0.773  0.850
1044  0.800  0.800  0.799  0.798  0.765  0.850
1051  0.800  0.800  0.794  0.799  0.776  0.849
1058  0.800  0.800  0.802  0.801  0.756  0.848
1065  0.800  0.800  0.796  0.802  0.774  0.847
1072  0.800  0.800  0.798  0.803  0.766  0.846
1079  0.800  0.800  0.799  0.797  0.765  0.856
1086  0.800  0.800  0.801  0.799  0.764  0.849
1093  0.800  0.800  0.796  0.800  0.775  0.848
1100  0.800  0.800  0.797  0.801  0.767  0.847
1107  0.800  0.800  0.799  0.796  0.766  0.857
1114  0.800  0.800  0.800  0.804  0.765  0.838
1121  0.800  0.800  0.795  0.799  0.776  0.855
1128  0.800  0.800  0.803  0.800  0.757  0.848
1135  0.800  0.800  0.798  0.795  0.774  0.858
1142  0.800  0.800  0.799  0.803  0.766  0.839
1149  0.800  0.800  0.794  0.798  0.777  0.856
1156  0.800  0.800  0.802  0.799  0.758  0.849
1163  0.800  0.800  0.797  0.794  0.775  0.859
1170  0.800  0.800  0.798  0.802  0.767  0.840
1177  0.800  0.800  0.793  0.797  0.778  0.857
1184  0.800  0.800  0.802  0.798  0.759  0.850
1191  0.800  0.800  0.796  0.800  0.776  0.849
1198  0.800  0.800  0.798  0.801  0.769  0.848
1205  0.800  0.800  0.799  0.796  0.768  0.858
1212  0.800  0.800  0.801  0.797  0.767  0.851
1219  0.800  0.800  0.802  0.799  0.766  0.850
1226  0.800  0.800  0.797  0.800  0.776  0.849
1233  0.800  0.800  0.804  0.801  0.757  0.848
1240  0.800  0.800  0.799  0.802  0.774  0.847
1247  0.800  0.800  0.800  0.803  0.767  0.846
1254  0.800  0.800  0.801  0.798  0.766  0.856
1261  0.800  0.800  0.802  0.799  0.765  0.849
1268  0.800  0.800  0.797  0.801  0.775  0.848
1275  0.800  0.800  0.799  0.802  0.768  0.847
1282  0.800  0.800  0.800  0.797  0.767  0.857
1289  0.800  0.800  0.801  0.804  0.766  0.838
1296  0.800  0.800  0.796  0.799  0.776  0.855
1303  0.800  0.800  0.804  0.800  0.757  0.848
1310  0.800  0.800  0.798  0.795  0.774  0.858
1317  0.800  0.800  0.800  0.803  0.767  0.839
1324  0.800  0.800  0.795  0.798  0.777  0.856
1331  0.800  0.800  0.803  0.799  0.758  0.849
1338  0.800  0.800  0.797  0.794  0.775  0.859
1345  0.800  0.800  0.799  0.802  0.768  0.840
1352  0.800  0.800  0.794  0.797  0.778  0.857
1359  0.800  0.800  0.802  0.798  0.759  0.850
1366  0.800  0.800  0.803  0.800  0.765  0.849
1373  0.800  0.800  0.798  0.801  0.775  0.848
1380  0.800  0.800  0.805  0.796  0.756  0.858
1387  0.800  0.800  0.800  0.797  0.773  0.851
1394  0.800  0.800  0.801  0.805  0.766  0.838
1401  0.800  0.800  0.796  0.800  0.776  0.856
1408  0.800  0.800  0.804  0.801  0.757  0.848
1415  0.800  0.800  0.798  0.802  0.774  0.847
1422  0.800  0.800  0.800  0.803  0.767  0.846
1429  0.800  0.800  0.801  0.798  0.766  0.856
1436  0.800  0.800  0.802  0.799  0.765  0.849
1443  0.800  0.800  0.797  0.800  0.775  0.848
1450  0.800  0.800  0.798  0.802  0.767  0.847
1457  0.800  0.800  0.800  0.796  0.767  0.857
1464  0.800  0.800  0.801  0.804  0.766  0.838
1471  0.800  0.800  0.796  0.799  0.776  0.855
1478  0.800  0.800  0.804  0.800  0.757  0.848
1485  0.800  0.800  0.798  0.795  0.774  0.858
1492  0.800  0.800  0.800  0.803  0.766  0.839
1499  0.800  0.800  0.795  0.798  0.777  0.856
1506  0.800  0.800  0.803  0.799  0.758  0.849
1513  0.800  0.800  0.797  0.794  0.775  0.859
1520  0.800  0.800  0.799  0.802  0.768  0.840
1527  0.800  0.800  0.794  0.797  0.778  0.857
1534  0.800  0.800  0.802  0.798  0.759  0.850
1541  0.800  0.800  0.797  0.800  0.776  0.849
1548  0.800  0.800  0.798  0.801  0.769  0.848
1555  0.800  0.800  0.800  0.796  0.768  0.858
1562  0.800  0.800  0.801  0.797  0.767  0.851
1569  0.800  0.800  0.796  0.799  0.777  0.850
1576  0.800  0.800  0.797  0.800  0.770  0.849
1583  0.800  0.800  0.799  0.795  0.769  0.860
1590  0.800  0.800  0.800  0.803  0.768  0.840
1597  0.800  0.800  0.801  0.798  0.767  0.858
1604  0.800  0.800  0.802  0.799  0.766  0.850
1611  0.800  0.800  0.797  0.794  0.777  0.861
1618  0.800  0.800  0.799  0.802  0.769  0.841
1625  0.800  0.800  0.794  0.797  0.779  0.859
1632  0.800  0.800  0.802  0.798  0.760  0.851
1639  0.800  0.800  0.803  0.794  0.766  0.862
1646  0.800  0.800  0.797  0.802  0.777  0.842
1653  0.800  0.800  0.805  0.796  0.757  0.860
1660  0.800  0.800  0.800  0.798  0.775  0.852
1667  0.800  0.800  0.801  0.806  0.767  0.839
1674  0.800  0.800  0.796  0.800  0.777  0.857
1681  0.800  0.800  0.804  0.801  0.758  0.849
1688  0.800  0.800  0.798  0.796  0.776  0.860
1695  0.800  0.800  0.800  0.804  0.768  0.840
1702  0.800  0.800  0.795  0.798  0.778  0.858
1709  0.800  0.800  0.803  0.800  0.759  0.850
1716  0.800  0.800  0.797  0.801  0.777  0.849
1723  0.800  0.800  0.799  0.802  0.769  0.848
1730  0.800  0.800  0.800  0.797  0.768  0.859
1737  0.800  0.800  0.801  0.798  0.767  0.851
1744  0.800  0.800  0.796  0.800  0.778  0.850
1751  0.800  0.800  0.798  0.795  0.770  0.861
1758  0.000  0.000  0.799  0.796  0.057  0.141
1765  0.000  0.000  0.794  0.792 -0.003  0.080
1772  0.000  0.000  0.771  0.775 -0.036  0.035
1779  0.000  0.000  0.744  0.747 -0.077  0.001
1786  0.000  0.000  0.694  0.716 -0.078 -0.034
1793  0.000  0.000  0.650  0.670 -0.106 -0.042
1800  0.000  0.000  0.604  0.628 -0.122 -0.069
1807  0.000  0.000  0.549  0.577 -0.120 -0.073
1814  0.000  0.000  0.494  0.532 -0.120 -0.090
1821  0.000  0.000  0.439  0.479 -0.114 -0.082
1828  0.000  0.000  0.395  0.431 -0.126 -0.088
1835  0.000  0.000  0.349  0.388 -0.119 -0.093
1842  0.000  0.000  0.302  0.343 -0.107 -0.086
1849  0.000  0.000  0.259  0.302 -0.0100 -0.085
1857  0.000  0.000  0.227  0.266 -0.106 -0.084
1864  0.000  0.000  0.191  0.233 -0.092 -0.082
1871  0.000  0.000  0.166  0.203 -0.096 -0.080
1878  0.000  0.000  0.143  0.170 -0.093 -0.066
1885  0.000  0.000  0.110  0.147 -0.067 -0.070
1892  0.000  0.000  0.093  0.126 -0.077 -0.067
1899  0.000  0.000  0.077  0.107 -0.073 -0.064
1906  0.000  0.000  0.063  0.096 -0.069 -0.072
1913  0.000  0.000  0.050  0.080 -0.065 -0.062
1920  0.000  0.000  0.039  0.066 -0.061 -0.058
1927  0.000  0.000  0.029  0.053 -0.056 -0.054
1934  0.000  0.000  0.020  0.042 -0.052 -0.049
1941  0.000  0.000  0.011  0.031 -0.047 -0.045
1948  0.000  0.000 -0.001  0.015 -0.031 -0.029
1955  0.000  0.000 -0.001  0.014 -0.045 -0.043
1962  0.000  0.000 -0.007  0.006 -0.033 -0.031
1969  0.000  0.000 -0.013 -0.000 -0.028 -0.026
1976  0.000  0.000 -0.011 -0.000 -0.035 -0.033
1983  0.000  0.000 -0.0010 -0.006 -0.035 -0.021
1991  0.000  0.000 -0.015 -0.005 -0.023 -0.028
1998  0.000  0.000 -0.014 -0.011 -0.029 -0.016
2005  0.000  0.000 -0.019 -0.0010 -0.017 -0.023
2013  0.000  0.000 -0.017 -0.009 -0.024 -0.023
2020  0.000  0.000 -0.015 -0.014 -0.024 -0.011
2027  0.000  0.000 -0.020 -0.013 -0.012 -0.018
2034  0.000  0.000 -0.018 -0.011 -0.019 -0.018
2041  0.000  0.000 -0.016 -0.0010 -0.018 -0.018
2049  0.000  0.000 -0.014 -0.009 -0.018 -0.018
2056  0.000  0.000 -0.013 -0.008 -0.018 -0.017
2063  0.000  0.000 -0.011 -0.014 -0.018 -0.006
2070  0.000  0.000 -0.0010 -0.012 -0.018 -0.012
2078  0.000  0.000 -0.015 -0.011 -0.006 -0.012
2085  0.000  0.000 -0.014 -0.0010 -0.012 -0.012
2093  0.000  0.000 -0.012 -0.009 -0.012 -0.012
2100  0.000  0.000 -0.011 -0.008 -0.012 -0.012
2107  0.000  0.000 -0.0010 -0.007 -0.012 -0.012
2115  0.000  0.000 -0.009 -0.006 -0.012 -0.012
2122  0.000  0.000 -0.008 -0.006 -0.012 -0.011
2129  0.000  0.000 -0.007 -0.005 -0.012 -0.011
2136  0.000  0.000 -0.006 -0.004 -0.012 -0.011
2143  0.000  0.000 -0.006 -0.004 -0.011 -0.011
2150  0.000  0.000 -0.005 -0.003 -0.011 -0.011
2157  0.000  0.000 -0.004 -0.003 -0.011 -0.011
2164  0.000  0.000 -0.004 -0.003 -0.011 -0.011
2171  0.000  0.000 -0.004 -0.002 -0.011 -0.011
2178  0.000  0.000 -0.003 -0.002 -0.011 -0.011
2185  0.000  0.000 -0.003 -0.002 -0.011 -0.011
2192  0.000  0.000 -0.002 -0.002 -0.011 -0.011
2199  0.000  0.000 -0.002 -0.001 -0.011 -0.011
2206  0.000  0.000 -0.002 -0.001 -0.011 -0.011
2213  0.000  0.000 -0.002 -0.001 -0.011 -0.011
2220  0.000  0.000 -0.001 -0.001 -0.011 -0.011
2227  0.000  0.000 -0.001 -0.001 -0.011 -0.011
2234  0.000  0.000 -0.001 -0.001 -0.011 -0.011
2241  0.000  0.000 -0.001 -0.001 -0.011 -0.011
2248  0.000  0.000 -0.001 -0.000 -0.011 -0.011
2255  0.000  0.000 -0.001 -0.000 -0.011 -0.011
2262  0.000  0.000 -0.001 -0.000 -0.011 -0.011
2269  0.000  0.000 -0.000 -0.000 -0.011 -0.011
2276  0.000  0.000 -0.000 -0.000 -0.011 -0.011
2283  0.000  0.000 -0.000 -0.000 -0.011 -0.011
2290  0.000  0.000 -0.000 -0.000 -0.011 -0.011
2297  0.000  0.000 -0.000 -0.000 -0.011 -0.011
2304  0.000  0.000 -0.000 -0.000 -0.011 -0.011
2311  0.000  0.000 -0.000 -0.000 -0.011 -0.011
2318  0.000  0.000 -0.000 -0.000 -0.011 -0.011
2325  0.000  0.000 -0.000 -0.000 -0.011 -0.011
2332  0.000  0.000 -0.000 -0.000 -0.011 -0.011
2339  0.000  0.000 -0.000 -0.000 -0.011 -0.011
2346  0.000  0.000 -0.000 -0.000 -0.011 -0.011
2353  0.000  0.000 -0.000 -0.000 -0.011 -0.011
2360  0.000  0.000 -0.000 -0.000 -0.011 -0.011
2367  0.000  0.000 -0.000 -0.000 -0.011 -0.011
2374  0.000  0.000 -0.000 -0.000 -0.011 -0.011
2381  0.000  0.000 -0.000 -0.000 -0.011 -0.011
2388  0.000  0.000 -0.000 -0.000 -0.011 -0.011
2395  0.000  0.000 -0.000 -0.000 -0.011 -0.011
2402  0.000  0.000 -0.000 -0.000 -0.011 -0.011
2409  0.000  0.000 -0.000 -0.000 -0.011 -0.011
2416  0.000  0.000 -0.000 -0.000 -0.011 -0.011
2423  0.000  0.000 -0.000 -0.000 -0.011 -0.011
2430  0.000  0.000 -0.000 -0.000 -0.011 -0.011
2437  0.000  0.000 -0.000 -0.000 -0.011 -0.011
2444  0.000  0.000 -0.000 -0.000 -0.011 -0.011
2451  0.000  0.000 -0.000 -0.000 -0.011 -0.011
2458  0.000  0.000 -0.000 -0.000 -0.011 -0.011
2465  0.000  0.000 -0.000 -0.000 -0.011 -0.011
2472  0.000  0.000 -0.000 -0.000 -0.011 -0.011
2479  0.000  0.000 -0.000 -0.000 -0.011 -0.011
2486  0.000  0.000 -0.000 -0.000 -0.011 -0.011
2493  0.000  0.000 -0.000 -0.000 -0.011 -0.011
2500  0.000  0.000 -0.000 -0.000 -0.011 -0.011
2507  0.000  0.000 -0.000 -0.000 -0.011 -0.011
2514  0.000  0.000 -0.000 -0.000 -0.011 -0.011
2521  0.000  0.000 -0.000 -0.000 -0.011 -0.011
2528  0.000  0.000 -0.000 -0.000 -0.011 -0.011
2535  0.000  0.000 -0.000 -0.000 -0.011 -0.011
2542  0.000  0.000 -0.000 -0.000 -0.011 -0.011
2549  0.000  0.000 -0.000 -0.000 -0.011 -0.011
2556  0.000  0.000 -0.000 -0.000 -0.011 -0.011
2563  0.000  0.000 -0.000 -0.000 -0.011 -0.011
2570  0.000  0.000 -0.000 -0.000 -0.011 -0.011
2577  0.000  0.000 -0.000 -0.000 -0.011 -0.011
2584  0.000  0.000 -0.000 -0.000 -0.011 -0.011
2591  0.000  0.000 -0.000 -0.000 -0.011 -0.011
2598  0.000  0.000 -0.000 -0.000 -0.011 -0.011
2605  0.000  0.000 -0.000 -0.000 -0.011 -0.011
2612  0.000  0.000 -0.000 -0.000 -0.011 -0.011
2619  0.000  0.000 -0.000 -0.000 -0.011 -0.011
2626  0.000  0.000 -0.000 -0.000 -0.011 -0.011
2633  0.000  0.000 -0.000 -0.000 -0.011 -0.011
2640  0.000  0.000 -0.000 -0.000 -0.011 -0.011
2647  0.000  0.000 -0.000 -0.000 -0.011 -0.011
2654  0.000  0.000 -0.000 -0.000 -0.011 -0.011
2661  0.000  0.000 -0.000 -0.000 -0.011 -0.011
2668  0.000  0.000 -0.000 -0.000 -0.011 -0.011
2675  0.000  0.000 -0.000 -0.000 -0.011 -0.011
2682  0.000  0.000 -0.000 -0.000 -0.011 -0.011
2689  0.000  0.000 -0.000 -0.000 -0.011 -0.011
2696  0.000  0.000 -0.000 -0.000 -0.011 -0.011
2703  0.000  0.000 -0.000 -0.000 -0.011 -0.011
2710  0.000  0.000 -0.000 -0.000 -0.011 -0.011
2717  0.000  0.000 -0.000 -0.000 -0.011 -0.011
2724  0.000  0.000 -0.000 -0.000 -0.011 -0.011
2731  0.000  0.000 -0.000 -0.000 -0.011 -0.011
2738  0.000  0.000 -0.000 -0.000 -0.011 -0.011
2745  0.000  0.000 -0.000 -0.000 -0.011 -0.011
2752  0.000  0.000 -0.000 -0.000 -0.011 -0.011
2759  0.000  0.000 -0.000 -0.000 -0.011 -0.011
2766  0.000  0.000 -0.000 -0.000 -0.011 -0.011
2773  0.000  0.000 -0.000 -0.000 -0.011 -0.011
2780  0.000  0.000 -0.000 -0.000 -0.011 -0.011
2787  0.000  0.000 -0.000 -0.000 -0.011 -0.011
2794  0.000  0.000 -0.000 -0.000 -0.011 -0.011
2801  0.000  0.000 -0.000 -0.000 -0.011 -0.011
2808  0.000  0.000 -0.000 -0.000 -0.011 -0.011
2815  0.000  0.000 -0.000 -0.000 -0.011 -0.011
2822  0.000  0.000 -0.000 -0.000 -0.011 -0.011
2829  0.000  0.000 -0.000 -0.000 -0.011 -0.011
2836  0.000  0.000 -0.000 -0.000 -0.011 -0.011
2843  0.000  0.000 -0.000 -0.000 -0.011 -0.011
2850  0.000  0.000 -0.000 -0.000 -0.011 -0.011
2857  0.000  0.000 -0.000 -0.000 -0.011 -0.011
2864  0.000  0.000 -0.000 -0.000 -0.011 -0.011
2871  0.000  0.000 -0.000 -0.000 -0.011 -0.011
2878  0.000  0.000 -0.000 -0.000 -0.011 -0.011
2885  0.000  0.000 -0.000 -0.000 -0.011 -0.011
2892  0.000  0.000 -0.000 -0.000 -0.011 -0.011
2899  0.000  0.000 -0.000 -0.000 -0.011 -0.011
2906  0.000  0.000 -0.000 -0.000 -0.011 -0.011
2913  0.000  0.000 -0.000 -0.000 -0.011 -0.011
2920  0.000  0.000 -0.000 -0.000 -0.011 -0.011
2927  0.000  0.000 -0.000 -0.000 -0.011 -0.011
2934  0.000  0.000 -0.000 -0.000 -0.011 -0.011
2941  0.000  0.000 -0.000 -0.000 -0.011 -0.011
2948  0.000  0.000 -0.000 -0.000 -0.011 -0.011
2955  0.000  0.000 -0.000 -0.000 -0.011 -0.011
2962  0.000  0.000 -0.000 -0.000 -0.011 -0.011
2969  0.000  0.000 -0.000 -0.000 -0.011 -0.011
2976  0.000  0.000 -0.000 -0.000 -0.011 -0.011
2983  0.000  0.000 -0.000 -0.000 -0.011 -0.011
2990  0.000  0.000 -0.000 -0.000 -0.011 -0.011
2997  0.000  0.000 -0.000 -0.000 -0.011 -0.011
3004  0.000  0.000 -0.000 -0.000 -0.011 -0.011
3011  0.000  0.000 -0.000 -0.000 -0.011 -0.011
3018  0.000  0.000 -0.000 -0.000 -0.011 -0.011
3025  0.000  0.000 -0.000 -0.000 -0.011 -0.011
3032  0.000  0.000 -0.000 -0.000 -0.011 -0.011
3039  0.000  0.000 -0.000 -0.000 -0.011 -0.011
3046  0.000  0.000 -0.000 -0.000 -0.011 -0.011
3053  0.000  0.000 -0.000 -0.000 -0.011 -0.011
3060  0.000  0.000 -0.000 -0.000 -0.011 -0.011
3067  0.000  0.000 -0.000 -0.000 -0.011 -0.011
3074  0.000  0.000 -0.000 -0.000 -0.011 -0.011
3081  0.000  0.000 -0.000 -0.000 -0.011 -0.011
3088  0.000  0.000 -0.000 -0.000 -0.011 -0.011
3095  0.000  0.000 -0.000 -0.000 -0.011 -0.011
3102  0.000  0.000 -0.000 -0.000 -0.011 -0.011
3109  0.000  0.000 -0.000 -0.000 -0.011 -0.011
3116  0.000  0.000 -0.000 -0.000 -0.011 -0.011
3123  0.000  0.000 -0.000 -0.000 -0.011 -0.011
3130  0.000  0.000 -0.000 -0.000 -0.011 -0.011
3137  0.000  0.000 -0.000 -0.000 -0.011 -0.011
3144  0.000  0.000 -0.000 -0.000 -0.011 -0.011
3151  0.000  0.000 -0.000 -0.000 -0.011 -0.011
3158  0.000  0.000 -0.000 -0.000 -0.011 -0.011
3165  0.000  0.000 -0.000 -0.000 -0.011 -0.011
3172  0.000  0.000 -0.000 -0.000 -0.011 -0.011
3179  0.000  0.000 -0.000 -0.000 -0.011 -0.011
3186  0.000  0.000 -0.000 -0.000 -0.011 -0.011
3193  0.000  0.000 -0.000 -0.000 -0.011 -0.011
3200  0.000  0.000 -0.000 -0.000 -0.011 -0.011
3207  0.000  0.000 -0.000 -0.000 -0.011 -0.011
3214  0.000  0.000 -0.000 -0.000 -0.011 -0.011
3221  0.000  0.000 -0.000 -0.000 -0.011 -0.011
3228  0.000  0.000 -0.000 -0.000 -0.011 -0.011
3235  0.000  0.000 -0.000 -0.000 -0.011 -0.011
3242  0.000  0.000 -0.000 -0.000 -0.011 -0.011
3249  0.000  0.000 -0.000 -0.000 -0.011 -0.011
3256  0.000  0.000 -0.000 -0.000 -0.011 -0.011
3263  0.000  0.000 -0.000 -0.000 -0.011 -0.011
3270  0.000  0.000 -0.000 -0.000 -0.011 -0.011
3277  0.000  0.000 -0.000 -0.000 -0.011 -0.011
3284  0.000  0.000 -0.000 -0.000 -0.011 -0.011
3291  0.000  0.000 -0.000 -0.000 -0.011 -0.011
3298  0.000  0.000 -0.000 -0.000 -0.011 -0.011
3305  0.000  0.000 -0.000 -0.000 -0.011 -0.011
3312  0.000  0.000 -0.000 -0.000 -0.011 -0.011
3319  0.000  0.000 -0.000 -0.000 -0.011 -0.011
3326  0.000  0.000 -0.000 -0.000 -0.011 -0.011
3333  0.000  0.000 -0.000 -0.000 -0.011 -0.011
3340  0.000  0.000 -0.000 -0.000 -0.011 -0.011
3347  0.000  0.000 -0.000 -0.000 -0.011 -0.011
3354  0.000  0.000 -0.000 -0.000 -0.011 -0.011
3361  0.000  0.000 -0.000 -0.000 -0.011 -0.011
3368  0.000  0.000 -0.000 -0.000 -0.011 -0.011
3375  0.000  0.000 -0.000 -0.000 -0.011 -0.011
3382  0.000  0.000 -0.000 -0.000 -0.011 -0.011
3389  0.000  0.000 -0.000 -0.000 -0.011 -0.011
3396  0.000  0.000 -0.000 -0.000 -0.011 -0.011
3403  0.000  0.000 -0.000 -0.000 -0.011 -0.011
3410  0.000  0.000 -0.000 -0.000 -0.011 -0.011
3417  0.000  0.000 -0.000 -0.000 -0.011 -0.011
3424  0.000  0.000 -0.000 -0.000 -0.011 -0.011
3431  0.000  0.000 -0.000 -0.000 -0.011 -0.011
3438  0.000  0.000 -0.000 -0.000 -0.011 -0.011
3445  0.000  0.000 -0.000 -0.000 -0.011 -0.011
3452  0.000  0.000 -0.000 -0.000 -0.011 -0.011
3459  0.000  0.000 -0.000 -0.000 -0.011 -0.011
3466  0.000  0.000 -0.000 -0.000 -0.011 -0.011
3473  0.000  0.000 -0.000 -0.000 -0.011 -0.011
3480  0.000  0.000 -0.000 -0.000 -0.011 -0.011
3487  0.000  0.000 -0.000 -0.000 -0.011 -0.011
3494  0.000  0.000 -0.000 -0.000 -0.011 -0.011
3501  0.000  0.000 -0.000 -0.000 -0.011 -0.011
