initializing
training size    : 140000
testing size     : 7000
epoch count      : 10
sub epoch size   : 5

epoch_learning_rate_decay   : 8
learning_rate_decay         : 0.250000

training



epoch [0 0] from [10 5]
training time per iterations 0.963214[ms]
testing
testing done
network success rate top1 93.185715% 93.114288% 
network success rate top5 100.000000% 100.000000% 
saving best net in top 1
best net saved to line_network_4/trained/, with success rate 93.185715%



epoch [0 1] from [10 5]
training time per iterations 0.958321[ms]
testing
testing done
network success rate top1 93.857140% 93.942856% 
network success rate top5 100.000000% 100.000000% 
saving best net in top 1
best net saved to line_network_4/trained/, with success rate 93.857140%



epoch [0 2] from [10 5]
training time per iterations 0.954179[ms]
testing
testing done
network success rate top1 94.328575% 93.928574% 
network success rate top5 100.000000% 99.985718% 
saving best net in top 1
best net saved to line_network_4/trained/, with success rate 94.328575%



epoch [0 3] from [10 5]
training time per iterations 0.920821[ms]
testing
testing done
network success rate top1 94.571426% 94.457146% 
network success rate top5 100.000000% 100.000000% 
saving best net in top 1
best net saved to line_network_4/trained/, with success rate 94.571426%



epoch [0 4] from [10 5]
training time per iterations 0.950821[ms]
testing
testing done
network success rate top1 94.471428% 94.571426% 
network success rate top5 100.000000% 99.985718% 



epoch [1 0] from [10 5]
training time per iterations 0.949857[ms]
testing
testing done
network success rate top1 94.442856% 94.471428% 
network success rate top5 100.000000% 100.000000% 



epoch [1 1] from [10 5]
training time per iterations 0.944750[ms]
testing
testing done
network success rate top1 94.471428% 94.214287% 
network success rate top5 100.000000% 99.971428% 



epoch [1 2] from [10 5]
training time per iterations 0.929393[ms]
testing
testing done
network success rate top1 94.385712% 94.157143% 
network success rate top5 100.000000% 99.985718% 



epoch [1 3] from [10 5]
training time per iterations 0.936500[ms]
testing
testing done
network success rate top1 94.400002% 94.642860% 
network success rate top5 100.000000% 100.000000% 



epoch [1 4] from [10 5]
training time per iterations 0.940857[ms]
testing
testing done
network success rate top1 94.671425% 94.628571% 
network success rate top5 100.000000% 100.000000% 
saving best net in top 1
best net saved to line_network_4/trained/, with success rate 94.671425%



epoch [2 0] from [10 5]
training time per iterations 0.936607[ms]
testing
testing done
network success rate top1 94.485718% 94.242859% 
network success rate top5 100.000000% 100.000000% 



epoch [2 1] from [10 5]
training time per iterations 0.945464[ms]
testing
testing done
network success rate top1 94.728569% 94.314285% 
network success rate top5 100.000000% 100.000000% 
saving best net in top 1
best net saved to line_network_4/trained/, with success rate 94.728569%



epoch [2 2] from [10 5]
training time per iterations 0.929036[ms]
testing
testing done
network success rate top1 94.785713% 94.628571% 
network success rate top5 100.000000% 100.000000% 
saving best net in top 1
best net saved to line_network_4/trained/, with success rate 94.785713%



epoch [2 3] from [10 5]
training time per iterations 0.936857[ms]
testing
testing done
network success rate top1 94.542854% 94.157143% 
network success rate top5 100.000000% 100.000000% 



epoch [2 4] from [10 5]
training time per iterations 0.927143[ms]
testing
testing done
network success rate top1 94.842857% 94.657143% 
network success rate top5 100.000000% 100.000000% 
saving best net in top 1
best net saved to line_network_4/trained/, with success rate 94.842857%



epoch [3 0] from [10 5]
training time per iterations 0.945214[ms]
testing
testing done
network success rate top1 94.585716% 94.814285% 
network success rate top5 100.000000% 100.000000% 



epoch [3 1] from [10 5]
training time per iterations 0.951750[ms]
testing
testing done
network success rate top1 94.585716% 94.314285% 
network success rate top5 100.000000% 100.000000% 



epoch [3 2] from [10 5]
training time per iterations 0.949000[ms]
testing
testing done
network success rate top1 94.828575% 94.599998% 
network success rate top5 100.000000% 100.000000% 



epoch [3 3] from [10 5]
training time per iterations 0.923857[ms]
testing
testing done
network success rate top1 94.728569% 94.714287% 
network success rate top5 100.000000% 100.000000% 



epoch [3 4] from [10 5]
training time per iterations 0.944964[ms]
testing
testing done
network success rate top1 94.657143% 94.614288% 
network success rate top5 100.000000% 99.985718% 



epoch [4 0] from [10 5]
training time per iterations 0.926250[ms]
testing
testing done
network success rate top1 94.928574% 95.000000% 
network success rate top5 100.000000% 100.000000% 
saving best net in top 1
best net saved to line_network_4/trained/, with success rate 94.928574%



epoch [4 1] from [10 5]
training time per iterations 0.941179[ms]
testing
testing done
network success rate top1 94.657143% 94.614288% 
network success rate top5 100.000000% 100.000000% 



epoch [4 2] from [10 5]
training time per iterations 0.946107[ms]
testing
testing done
network success rate top1 94.828575% 94.314285% 
network success rate top5 100.000000% 100.000000% 



epoch [4 3] from [10 5]
training time per iterations 0.943750[ms]
testing
testing done
network success rate top1 94.871429% 94.485718% 
network success rate top5 100.000000% 100.000000% 



epoch [4 4] from [10 5]
training time per iterations 0.941250[ms]
testing
testing done
network success rate top1 94.871429% 94.828575% 
network success rate top5 100.000000% 100.000000% 



epoch [5 0] from [10 5]
training time per iterations 0.947143[ms]
testing
testing done
network success rate top1 94.800003% 94.985718% 
network success rate top5 100.000000% 100.000000% 



epoch [5 1] from [10 5]
training time per iterations 0.938036[ms]
testing
testing done
network success rate top1 94.957146% 95.000000% 
network success rate top5 100.000000% 100.000000% 
saving best net in top 1
best net saved to line_network_4/trained/, with success rate 94.957146%



epoch [5 2] from [10 5]
training time per iterations 0.962893[ms]
testing
testing done
network success rate top1 94.885712% 94.485718% 
network success rate top5 100.000000% 100.000000% 



epoch [5 3] from [10 5]
training time per iterations 0.937393[ms]
testing
testing done
network success rate top1 94.699997% 94.685715% 
network success rate top5 100.000000% 100.000000% 



epoch [5 4] from [10 5]
training time per iterations 0.933821[ms]
testing
testing done
network success rate top1 94.857140% 94.785713% 
network success rate top5 100.000000% 100.000000% 



epoch [6 0] from [10 5]
training time per iterations 0.961714[ms]
testing
testing done
network success rate top1 94.928574% 95.028572% 
network success rate top5 100.000000% 100.000000% 



epoch [6 1] from [10 5]
training time per iterations 0.950429[ms]
testing
testing done
network success rate top1 94.885712% 94.985718% 
network success rate top5 100.000000% 100.000000% 



epoch [6 2] from [10 5]
training time per iterations 0.912964[ms]
testing
testing done
network success rate top1 94.857140% 95.471428% 
network success rate top5 100.000000% 100.000000% 



epoch [6 3] from [10 5]
training time per iterations 0.936357[ms]
testing
testing done
network success rate top1 95.057144% 94.942856% 
network success rate top5 100.000000% 100.000000% 
saving best net in top 1
best net saved to line_network_4/trained/, with success rate 95.057144%



epoch [6 4] from [10 5]
training time per iterations 0.938000[ms]
testing
testing done
network success rate top1 94.542854% 94.514282% 
network success rate top5 100.000000% 100.000000% 



epoch [7 0] from [10 5]
training time per iterations 0.955036[ms]
testing
testing done
network success rate top1 94.542854% 94.357140% 
network success rate top5 100.000000% 99.985718% 



epoch [7 1] from [10 5]
training time per iterations 0.929571[ms]
testing
testing done
network success rate top1 95.000000% 94.771431% 
network success rate top5 100.000000% 100.000000% 



epoch [7 2] from [10 5]
training time per iterations 0.954107[ms]
testing
testing done
network success rate top1 94.657143% 94.785713% 
network success rate top5 100.000000% 100.000000% 



epoch [7 3] from [10 5]
training time per iterations 0.937821[ms]
testing
testing done
network success rate top1 94.928574% 94.957146% 
network success rate top5 100.000000% 99.985718% 



epoch [7 4] from [10 5]
training time per iterations 0.949036[ms]
testing
testing done
network success rate top1 94.914284% 94.842857% 
network success rate top5 100.000000% 100.000000% 
setting learning rate to 0.000250



epoch [8 0] from [10 5]
training time per iterations 0.930071[ms]
testing
testing done
network success rate top1 95.042854% 94.885712% 
network success rate top5 100.000000% 100.000000% 



epoch [8 1] from [10 5]
training time per iterations 0.958857[ms]
testing
testing done
network success rate top1 94.942856% 94.957146% 
network success rate top5 100.000000% 100.000000% 



epoch [8 2] from [10 5]
training time per iterations 0.958071[ms]
testing
testing done
network success rate top1 95.028572% 95.000000% 
network success rate top5 100.000000% 100.000000% 



epoch [8 3] from [10 5]
training time per iterations 0.946571[ms]
testing
testing done
network success rate top1 94.971428% 94.528572% 
network success rate top5 100.000000% 100.000000% 



epoch [8 4] from [10 5]
training time per iterations 0.923429[ms]
testing
testing done
network success rate top1 94.914284% 94.814285% 
network success rate top5 100.000000% 100.000000% 



epoch [9 0] from [10 5]
training time per iterations 0.931429[ms]
testing
testing done
network success rate top1 94.942856% 95.271431% 
network success rate top5 100.000000% 100.000000% 



epoch [9 1] from [10 5]
training time per iterations 0.938679[ms]
testing
testing done
network success rate top1 95.099998% 94.885712% 
network success rate top5 100.000000% 100.000000% 
saving best net in top 1
best net saved to line_network_4/trained/, with success rate 95.099998%



epoch [9 2] from [10 5]
training time per iterations 0.926500[ms]
testing
testing done
network success rate top1 95.085716% 95.042854% 
network success rate top5 100.000000% 100.000000% 



epoch [9 3] from [10 5]
training time per iterations 0.966286[ms]
testing
testing done
network success rate top1 94.885712% 95.042854% 
network success rate top5 100.000000% 100.000000% 



epoch [9 4] from [10 5]
training time per iterations 0.951571[ms]
testing
testing done
network success rate top1 95.000000% 94.514282% 
network success rate top5 100.000000% 100.000000% 
training done
