0.000000 0 0 93.185715 93.114288  100.000000 100.000000 
0.200000 0 1 93.857140 93.942856  100.000000 100.000000 
0.400000 0 2 94.328575 93.928574  100.000000 99.985718 
0.600000 0 3 94.571426 94.457146  100.000000 100.000000 
0.800000 0 4 94.471428 94.571426  100.000000 99.985718 
1.000000 1 0 94.442856 94.471428  100.000000 100.000000 
1.200000 1 1 94.471428 94.214287  100.000000 99.971428 
1.400000 1 2 94.385712 94.157143  100.000000 99.985718 
1.600000 1 3 94.400002 94.642860  100.000000 100.000000 
1.800000 1 4 94.671425 94.628571  100.000000 100.000000 
2.000000 2 0 94.485718 94.242859  100.000000 100.000000 
2.200000 2 1 94.728569 94.314285  100.000000 100.000000 
2.400000 2 2 94.785713 94.628571  100.000000 100.000000 
2.600000 2 3 94.542854 94.157143  100.000000 100.000000 
2.800000 2 4 94.842857 94.657143  100.000000 100.000000 
3.000000 3 0 94.585716 94.814285  100.000000 100.000000 
3.200000 3 1 94.585716 94.314285  100.000000 100.000000 
3.400000 3 2 94.828575 94.599998  100.000000 100.000000 
3.600000 3 3 94.728569 94.714287  100.000000 100.000000 
3.800000 3 4 94.657143 94.614288  100.000000 99.985718 
4.000000 4 0 94.928574 95.000000  100.000000 100.000000 
4.200000 4 1 94.657143 94.614288  100.000000 100.000000 
4.400000 4 2 94.828575 94.314285  100.000000 100.000000 
4.600000 4 3 94.871429 94.485718  100.000000 100.000000 
4.800000 4 4 94.871429 94.828575  100.000000 100.000000 
5.000000 5 0 94.800003 94.985718  100.000000 100.000000 
5.200000 5 1 94.957146 95.000000  100.000000 100.000000 
5.400000 5 2 94.885712 94.485718  100.000000 100.000000 
5.600000 5 3 94.699997 94.685715  100.000000 100.000000 
5.800000 5 4 94.857140 94.785713  100.000000 100.000000 
6.000000 6 0 94.928574 95.028572  100.000000 100.000000 
6.200000 6 1 94.885712 94.985718  100.000000 100.000000 
6.400000 6 2 94.857140 95.471428  100.000000 100.000000 
6.600000 6 3 95.057144 94.942856  100.000000 100.000000 
6.800000 6 4 94.542854 94.514282  100.000000 100.000000 
7.000000 7 0 94.542854 94.357140  100.000000 99.985718 
7.200000 7 1 95.000000 94.771431  100.000000 100.000000 
7.400000 7 2 94.657143 94.785713  100.000000 100.000000 
7.600000 7 3 94.928574 94.957146  100.000000 99.985718 
7.800000 7 4 94.914284 94.842857  100.000000 100.000000 
8.000000 8 0 95.042854 94.885712  100.000000 100.000000 
8.200000 8 1 94.942856 94.957146  100.000000 100.000000 
8.400000 8 2 95.028572 95.000000  100.000000 100.000000 
8.600000 8 3 94.971428 94.528572  100.000000 100.000000 
8.800000 8 4 94.914284 94.814285  100.000000 100.000000 
9.000000 9 0 94.942856 95.271431  100.000000 100.000000 
9.200000 9 1 95.099998 94.885712  100.000000 100.000000 
9.400000 9 2 95.085716 95.042854  100.000000 100.000000 
9.600000 9 3 94.885712 95.042854  100.000000 100.000000 
9.800000 9 4 95.000000 94.514282  100.000000 100.000000 
