0 0.000013 685 0.066337
1 0.010383 632 0.061205
2 0.020754 653 0.063238
3 0.031124 590 0.057137
4 0.041494 628 0.060817
5 0.051865 561 0.054329
6 0.062235 616 0.059655
7 0.072605 553 0.053554
8 0.082976 542 0.052489
9 0.093346 551 0.053360
10 0.103716 484 0.046872
11 0.114087 461 0.044645
12 0.124457 403 0.039028
13 0.134828 361 0.034960
14 0.145198 299 0.028956
15 0.155568 276 0.026729
16 0.165939 235 0.022758
17 0.176309 227 0.021983
18 0.186679 198 0.019175
19 0.197050 189 0.018303
20 0.207420 160 0.015495
21 0.217790 120 0.011621
22 0.228161 103 0.009975
23 0.238531 111 0.010750
24 0.248901 103 0.009975
25 0.259272 61 0.005907
26 0.269642 68 0.006585
27 0.280012 49 0.004745
28 0.290383 68 0.006585
29 0.300753 47 0.004552
30 0.311123 45 0.004358
31 0.321494 27 0.002615
32 0.331864 28 0.002712
33 0.342234 17 0.001646
34 0.352605 9 0.000872
35 0.362975 13 0.001259
36 0.373345 10 0.000968
37 0.383716 9 0.000872
38 0.394086 10 0.000968
39 0.404456 10 0.000968
40 0.414827 6 0.000581
41 0.425197 3 0.000291
42 0.435567 5 0.000484
43 0.445938 5 0.000484
44 0.456308 13 0.001259
45 0.466679 3 0.000291
46 0.477049 3 0.000291
47 0.487419 4 0.000387
48 0.497790 1 0.000097
49 0.508160 3 0.000291
50 0.518530 2 0.000194
51 0.528901 2 0.000194
52 0.539271 3 0.000291
53 0.549641 4 0.000387
54 0.560012 2 0.000194
55 0.570382 2 0.000194
56 0.580752 3 0.000291
57 0.591123 1 0.000097
58 0.601493 1 0.000097
59 0.611863 1 0.000097
60 0.622234 2 0.000194
61 0.632604 2 0.000194
62 0.642974 0 0.000000
63 0.653345 1 0.000097
64 0.663715 2 0.000194
65 0.674085 3 0.000291
66 0.684456 2 0.000194
67 0.694826 2 0.000194
68 0.705196 4 0.000387
69 0.715567 0 0.000000
70 0.725937 1 0.000097
71 0.736307 1 0.000097
72 0.746678 0 0.000000
73 0.757048 3 0.000291
74 0.767419 1 0.000097
75 0.777789 0 0.000000
76 0.788159 0 0.000000
77 0.798530 0 0.000000
78 0.808900 2 0.000194
79 0.819270 2 0.000194
80 0.829641 1 0.000097
81 0.840011 0 0.000000
82 0.850381 1 0.000097
83 0.860752 2 0.000194
84 0.871122 1 0.000097
85 0.881492 2 0.000194
86 0.891863 0 0.000000
87 0.902233 1 0.000097
88 0.912603 2 0.000194
89 0.922974 2 0.000194
90 0.933344 3 0.000291
91 0.943714 1 0.000097
92 0.954085 1 0.000097
93 0.964455 0 0.000000
94 0.974825 1 0.000097
95 0.985196 0 0.000000
96 0.995566 0 0.000000
97 1.005936 0 0.000000
98 1.016307 1 0.000097
99 1.026677 0 0.000000
