0 -0.935950 2 0.000192
1 -0.916031 1 0.000096
2 -0.896111 0 0.000000
3 -0.876191 1 0.000096
4 -0.856271 1 0.000096
5 -0.836352 0 0.000000
6 -0.816432 2 0.000192
7 -0.796512 1 0.000096
8 -0.776592 0 0.000000
9 -0.756673 0 0.000000
10 -0.736753 0 0.000000
11 -0.716833 0 0.000000
12 -0.696914 0 0.000000
13 -0.676994 0 0.000000
14 -0.657074 1 0.000096
15 -0.637154 0 0.000000
16 -0.617235 1 0.000096
17 -0.597315 1 0.000096
18 -0.577395 5 0.000479
19 -0.557475 2 0.000192
20 -0.537556 1 0.000096
21 -0.517636 2 0.000192
22 -0.497716 4 0.000383
23 -0.477796 7 0.000671
24 -0.457877 5 0.000479
25 -0.437957 3 0.000287
26 -0.418037 3 0.000287
27 -0.398118 8 0.000766
28 -0.378198 6 0.000575
29 -0.358278 10 0.000958
30 -0.338358 17 0.001629
31 -0.318439 23 0.002203
32 -0.298519 19 0.001820
33 -0.278599 28 0.002683
34 -0.258679 64 0.006131
35 -0.238760 54 0.005173
36 -0.218840 89 0.008527
37 -0.198920 110 0.010538
38 -0.179000 132 0.012646
39 -0.159081 203 0.019448
40 -0.139161 234 0.022418
41 -0.119241 383 0.036693
42 -0.099322 507 0.048573
43 -0.079402 608 0.058249
44 -0.059482 787 0.075398
45 -0.039562 863 0.082679
46 -0.019643 968 0.092738
47 0.000277 975 0.093409
48 0.020197 863 0.082679
49 0.040117 782 0.074919
50 0.060036 604 0.057865
51 0.079956 472 0.045219
52 0.099876 418 0.040046
53 0.119796 292 0.027975
54 0.139715 228 0.021843
55 0.159635 165 0.015808
56 0.179555 110 0.010538
57 0.199474 83 0.007952
58 0.219394 67 0.006419
59 0.239314 58 0.005557
60 0.259234 40 0.003832
61 0.279153 28 0.002683
62 0.299073 15 0.001437
63 0.318993 12 0.001150
64 0.338913 10 0.000958
65 0.358832 12 0.001150
66 0.378752 5 0.000479
67 0.398672 3 0.000287
68 0.418591 3 0.000287
69 0.438511 6 0.000575
70 0.458431 4 0.000383
71 0.478351 1 0.000096
72 0.498271 4 0.000383
73 0.518190 0 0.000000
74 0.538110 6 0.000575
75 0.558030 1 0.000096
76 0.577949 3 0.000287
77 0.597869 0 0.000000
78 0.617789 1 0.000096
79 0.637709 0 0.000000
80 0.657628 0 0.000000
81 0.677548 0 0.000000
82 0.697468 1 0.000096
83 0.717388 1 0.000096
84 0.737307 0 0.000000
85 0.757227 1 0.000096
86 0.777147 1 0.000096
87 0.797066 0 0.000000
88 0.816986 0 0.000000
89 0.836906 2 0.000192
90 0.856826 0 0.000000
91 0.876745 0 0.000000
92 0.896665 0 0.000000
93 0.916585 0 0.000000
94 0.936505 1 0.000096
95 0.956424 1 0.000096
96 0.976344 0 0.000000
97 0.996264 0 0.000000
98 1.016184 3 0.000287
99 1.036103 0 0.000000
