0 0.000000 7617 0.729738
1 0.010844 1322 0.126653
2 0.021687 558 0.053459
3 0.032531 280 0.026825
4 0.043374 174 0.016670
5 0.054218 144 0.013796
6 0.065061 86 0.008239
7 0.075905 45 0.004311
8 0.086748 30 0.002874
9 0.097592 33 0.003162
10 0.108435 16 0.001533
11 0.119279 18 0.001724
12 0.130122 12 0.001150
13 0.140966 12 0.001150
14 0.151809 8 0.000766
15 0.162653 3 0.000287
16 0.173497 2 0.000192
17 0.184340 7 0.000671
18 0.195184 6 0.000575
19 0.206027 6 0.000575
20 0.216871 7 0.000671
21 0.227714 2 0.000192
22 0.238558 3 0.000287
23 0.249401 3 0.000287
24 0.260245 3 0.000287
25 0.271088 1 0.000096
26 0.281932 0 0.000000
27 0.292775 5 0.000479
28 0.303619 3 0.000287
29 0.314463 3 0.000287
30 0.325306 3 0.000287
31 0.336150 2 0.000192
32 0.346993 2 0.000192
33 0.357837 1 0.000096
34 0.368680 0 0.000000
35 0.379524 1 0.000096
36 0.390367 0 0.000000
37 0.401211 0 0.000000
38 0.412054 0 0.000000
39 0.422898 1 0.000096
40 0.433741 0 0.000000
41 0.444585 0 0.000000
42 0.455428 0 0.000000
43 0.466272 0 0.000000
44 0.477116 0 0.000000
45 0.487959 0 0.000000
46 0.498803 1 0.000096
47 0.509646 0 0.000000
48 0.520490 0 0.000000
49 0.531333 1 0.000096
50 0.542177 0 0.000000
51 0.553020 0 0.000000
52 0.563864 0 0.000000
53 0.574707 1 0.000096
54 0.585551 0 0.000000
55 0.596394 0 0.000000
56 0.607238 1 0.000096
57 0.618082 1 0.000096
58 0.628925 2 0.000192
59 0.639769 0 0.000000
60 0.650612 0 0.000000
61 0.661456 0 0.000000
62 0.672299 0 0.000000
63 0.683143 0 0.000000
64 0.693986 0 0.000000
65 0.704830 1 0.000096
66 0.715673 2 0.000192
67 0.726517 0 0.000000
68 0.737360 0 0.000000
69 0.748204 1 0.000096
70 0.759047 0 0.000000
71 0.769891 0 0.000000
72 0.780735 0 0.000000
73 0.791578 0 0.000000
74 0.802422 1 0.000096
75 0.813265 0 0.000000
76 0.824109 0 0.000000
77 0.834952 1 0.000096
78 0.845796 0 0.000000
79 0.856639 0 0.000000
80 0.867483 2 0.000192
81 0.878326 0 0.000000
82 0.889170 0 0.000000
83 0.900013 0 0.000000
84 0.910857 0 0.000000
85 0.921700 0 0.000000
86 0.932544 1 0.000096
87 0.943388 0 0.000000
88 0.954231 0 0.000000
89 0.965075 0 0.000000
90 0.975918 0 0.000000
91 0.986762 0 0.000000
92 0.997605 0 0.000000
93 1.008449 0 0.000000
94 1.019292 0 0.000000
95 1.030136 0 0.000000
96 1.040979 1 0.000096
97 1.051823 1 0.000096
98 1.062666 0 0.000000
99 1.073510 1 0.000096
