0 -1.300558 1 0.000096
1 -1.274991 0 0.000000
2 -1.249424 1 0.000096
3 -1.223856 1 0.000096
4 -1.198289 7 0.000673
5 -1.172722 11 0.001057
6 -1.147154 10 0.000961
7 -1.121587 32 0.003075
8 -1.096020 26 0.002498
9 -1.070453 64 0.006149
10 -1.044885 123 0.011818
11 -1.019318 145 0.013932
12 -0.993751 169 0.016238
13 -0.968184 144 0.013836
14 -0.942616 179 0.017198
15 -0.917049 156 0.014988
16 -0.891482 148 0.014220
17 -0.865914 183 0.017583
18 -0.840347 181 0.017390
19 -0.814780 181 0.017390
20 -0.789213 140 0.013451
21 -0.763645 171 0.016430
22 -0.738078 109 0.010473
23 -0.712511 123 0.011818
24 -0.686944 126 0.012106
25 -0.661376 151 0.014508
26 -0.635809 140 0.013451
27 -0.610242 107 0.010281
28 -0.584674 100 0.009608
29 -0.559107 106 0.010184
30 -0.533540 100 0.009608
31 -0.507973 96 0.009224
32 -0.482405 137 0.013163
33 -0.456838 98 0.009416
34 -0.431271 102 0.009800
35 -0.405704 81 0.007782
36 -0.380136 102 0.009800
37 -0.354569 90 0.008647
38 -0.329002 98 0.009416
39 -0.303435 84 0.008071
40 -0.277867 100 0.009608
41 -0.252300 131 0.012586
42 -0.226733 76 0.007302
43 -0.201165 81 0.007782
44 -0.175598 114 0.010953
45 -0.150031 101 0.009704
46 -0.124464 118 0.011337
47 -0.098896 83 0.007975
48 -0.073329 118 0.011337
49 -0.047762 163 0.015661
50 -0.022195 110 0.010569
51 0.003373 122 0.011722
52 0.028940 113 0.010857
53 0.054507 152 0.014604
54 0.080075 160 0.015373
55 0.105642 149 0.014316
56 0.131209 117 0.011241
57 0.156776 110 0.010569
58 0.182344 99 0.009512
59 0.207911 73 0.007014
60 0.233478 69 0.006630
61 0.259045 78 0.007494
62 0.284613 93 0.008935
63 0.310180 89 0.008551
64 0.335747 98 0.009416
65 0.361315 100 0.009608
66 0.386882 98 0.009416
67 0.412449 95 0.009128
68 0.438016 82 0.007879
69 0.463584 102 0.009800
70 0.489151 92 0.008839
71 0.514718 127 0.012202
72 0.540285 122 0.011722
73 0.565853 135 0.012971
74 0.591420 129 0.012394
75 0.616987 89 0.008551
76 0.642555 101 0.009704
77 0.668122 105 0.010088
78 0.693689 106 0.010184
79 0.719256 99 0.009512
80 0.744823 118 0.011337
81 0.770391 150 0.014412
82 0.795958 160 0.015373
83 0.821525 209 0.020081
84 0.847093 209 0.020081
85 0.872660 148 0.014220
86 0.898227 161 0.015469
87 0.923795 178 0.017102
88 0.949362 177 0.017006
89 0.974929 156 0.014988
90 1.000496 164 0.015757
91 1.026063 114 0.010953
92 1.051631 55 0.005284
93 1.077198 37 0.003555
94 1.102765 24 0.002306
95 1.128333 11 0.001057
96 1.153900 6 0.000576
97 1.179467 6 0.000576
98 1.205034 3 0.000288
99 1.230602 0 0.000000
