0 -1.000000 91 0.008718
1 -0.979798 424 0.040621
2 -0.959596 337 0.032286
3 -0.939394 253 0.024238
4 -0.919192 86 0.008239
5 -0.898990 0 0.000000
6 -0.878788 33 0.003162
7 -0.858586 151 0.014466
8 -0.838384 275 0.026346
9 -0.818182 148 0.014179
10 -0.797980 100 0.009580
11 -0.777778 87 0.008335
12 -0.757576 84 0.008048
13 -0.737374 95 0.009101
14 -0.717172 86 0.008239
15 -0.696970 98 0.009389
16 -0.676768 110 0.010538
17 -0.656566 90 0.008622
18 -0.636364 63 0.006036
19 -0.616162 164 0.015712
20 -0.595960 121 0.011592
21 -0.575758 103 0.009868
22 -0.555556 81 0.007760
23 -0.535354 86 0.008239
24 -0.515152 111 0.010634
25 -0.494950 65 0.006227
26 -0.474747 82 0.007856
27 -0.454545 92 0.008814
28 -0.434343 135 0.012934
29 -0.414141 124 0.011880
30 -0.393939 47 0.004503
31 -0.373737 48 0.004599
32 -0.353535 97 0.009293
33 -0.333333 81 0.007760
34 -0.313131 84 0.008048
35 -0.292929 109 0.010443
36 -0.272727 40 0.003832
37 -0.252525 46 0.004407
38 -0.232323 48 0.004599
39 -0.212121 35 0.003353
40 -0.191919 36 0.003449
41 -0.171717 48 0.004599
42 -0.151515 43 0.004120
43 -0.131313 56 0.005365
44 -0.111111 51 0.004886
45 -0.090909 70 0.006706
46 -0.070707 78 0.007473
47 -0.050505 199 0.019065
48 -0.030303 135 0.012934
49 -0.010101 173 0.016574
50 0.010101 161 0.015424
51 0.030303 187 0.017915
52 0.050505 91 0.008718
53 0.070707 74 0.007089
54 0.090909 42 0.004024
55 0.111111 59 0.005652
56 0.131313 32 0.003066
57 0.151515 65 0.006227
58 0.171717 28 0.002683
59 0.191919 41 0.003928
60 0.212121 54 0.005173
61 0.232323 44 0.004215
62 0.252525 33 0.003162
63 0.272727 105 0.010059
64 0.292929 91 0.008718
65 0.313131 75 0.007185
66 0.333333 86 0.008239
67 0.353535 60 0.005748
68 0.373737 47 0.004503
69 0.393939 142 0.013604
70 0.414141 131 0.012550
71 0.434343 99 0.009485
72 0.454545 88 0.008431
73 0.474747 81 0.007760
74 0.494949 106 0.010155
75 0.515152 79 0.007568
76 0.535354 76 0.007281
77 0.555556 101 0.009676
78 0.575758 106 0.010155
79 0.595960 154 0.014754
80 0.616162 76 0.007281
81 0.636364 97 0.009293
82 0.656566 104 0.009964
83 0.676768 126 0.012071
84 0.696970 90 0.008622
85 0.717172 88 0.008431
86 0.737374 94 0.009006
87 0.757576 96 0.009197
88 0.777778 88 0.008431
89 0.797980 159 0.015233
90 0.818182 277 0.026538
91 0.838384 155 0.014850
92 0.858586 30 0.002874
93 0.878788 0 0.000000
94 0.898990 71 0.006802
95 0.919192 272 0.026059
96 0.939394 325 0.031136
97 0.959596 388 0.037172
98 0.979798 64 0.006131
99 1.000000 1 0.000096
