0 -1.289795 1 0.000096
1 -1.264631 2 0.000192
2 -1.239467 1 0.000096
3 -1.214303 1 0.000096
4 -1.189139 1 0.000096
5 -1.163975 4 0.000383
6 -1.138811 11 0.001054
7 -1.113647 10 0.000958
8 -1.088483 28 0.002683
9 -1.063319 53 0.005078
10 -1.038155 64 0.006131
11 -1.012992 109 0.010443
12 -0.987828 113 0.010826
13 -0.962664 169 0.016191
14 -0.937500 170 0.016287
15 -0.912336 187 0.017915
16 -0.887172 181 0.017340
17 -0.862008 164 0.015712
18 -0.836844 167 0.015999
19 -0.811680 183 0.017532
20 -0.786516 200 0.019161
21 -0.761352 206 0.019736
22 -0.736188 171 0.016382
23 -0.711024 111 0.010634
24 -0.685860 110 0.010538
25 -0.660696 95 0.009101
26 -0.635532 105 0.010059
27 -0.610368 136 0.013029
28 -0.585204 116 0.011113
29 -0.560041 108 0.010347
30 -0.534877 95 0.009101
31 -0.509713 122 0.011688
32 -0.484549 124 0.011880
33 -0.459385 136 0.013029
34 -0.434221 133 0.012742
35 -0.409057 91 0.008718
36 -0.383893 85 0.008143
37 -0.358729 97 0.009293
38 -0.333565 98 0.009389
39 -0.308401 75 0.007185
40 -0.283237 91 0.008718
41 -0.258073 81 0.007760
42 -0.232909 85 0.008143
43 -0.207745 115 0.011017
44 -0.182581 122 0.011688
45 -0.157417 112 0.010730
46 -0.132253 130 0.012454
47 -0.107090 122 0.011688
48 -0.081926 107 0.010251
49 -0.056762 125 0.011975
50 -0.031598 115 0.011017
51 -0.006434 137 0.013125
52 0.018730 114 0.010922
53 0.043894 90 0.008622
54 0.069058 85 0.008143
55 0.094222 150 0.014371
56 0.119386 131 0.012550
57 0.144550 104 0.009964
58 0.169714 99 0.009485
59 0.194878 113 0.010826
60 0.220042 113 0.010826
61 0.245206 104 0.009964
62 0.270370 98 0.009389
63 0.295534 74 0.007089
64 0.320698 75 0.007185
65 0.345861 75 0.007185
66 0.371025 103 0.009868
67 0.396189 109 0.010443
68 0.421353 114 0.010922
69 0.446517 113 0.010826
70 0.471681 93 0.008910
71 0.496845 89 0.008527
72 0.522009 117 0.011209
73 0.547173 110 0.010538
74 0.572337 91 0.008718
75 0.597501 153 0.014658
76 0.622665 138 0.013221
77 0.647829 127 0.012167
78 0.672993 112 0.010730
79 0.698157 99 0.009485
80 0.723321 127 0.012167
81 0.748485 182 0.017436
82 0.773649 213 0.020406
83 0.798812 232 0.022226
84 0.823977 174 0.016670
85 0.849140 155 0.014850
86 0.874304 149 0.014275
87 0.899468 169 0.016191
88 0.924632 164 0.015712
89 0.949796 159 0.015233
90 0.974960 123 0.011784
91 1.000124 96 0.009197
92 1.025288 55 0.005269
93 1.050452 28 0.002683
94 1.075616 20 0.001916
95 1.100780 11 0.001054
96 1.125944 9 0.000862
97 1.151108 3 0.000287
98 1.176272 0 0.000000
99 1.201436 1 0.000096
