initializing
training size    : 160000
testing size     : 8000
epoch count      : 10
sub epoch size   : 5

epoch_learning_rate_decay   : 8
learning_rate_decay         : 0.250000

training



epoch [0 0] from [10 5]
training time per iterations 1.042219[ms]
testing
testing done
network success rate top1 86.900002% 86.587502% 
network success rate top5 99.900002% 99.900002% 
saving best net in top 1
best net saved to line_network_5/trained/, with success rate 86.900002%



epoch [0 1] from [10 5]
training time per iterations 1.041500[ms]
testing
testing done
network success rate top1 88.337502% 87.349998% 
network success rate top5 99.887497% 99.824997% 
saving best net in top 1
best net saved to line_network_5/trained/, with success rate 88.337502%



epoch [0 2] from [10 5]
training time per iterations 1.042719[ms]
testing
testing done
network success rate top1 89.137497% 88.699997% 
network success rate top5 99.824997% 99.824997% 
saving best net in top 1
best net saved to line_network_5/trained/, with success rate 89.137497%



epoch [0 3] from [10 5]
training time per iterations 1.042125[ms]
testing
testing done
network success rate top1 89.212502% 88.574997% 
network success rate top5 99.837502% 99.775002% 
saving best net in top 1
best net saved to line_network_5/trained/, with success rate 89.212502%



epoch [0 4] from [10 5]
training time per iterations 1.039937[ms]
testing
testing done
network success rate top1 89.262497% 89.125000% 
network success rate top5 99.837502% 99.875000% 
saving best net in top 1
best net saved to line_network_5/trained/, with success rate 89.262497%



epoch [1 0] from [10 5]
training time per iterations 1.041375[ms]
testing
testing done
network success rate top1 89.574997% 89.474998% 
network success rate top5 99.862503% 99.912498% 
saving best net in top 1
best net saved to line_network_5/trained/, with success rate 89.574997%



epoch [1 1] from [10 5]
training time per iterations 1.036906[ms]
testing
testing done
network success rate top1 89.762497% 90.175003% 
network success rate top5 99.849998% 99.824997% 
saving best net in top 1
best net saved to line_network_5/trained/, with success rate 89.762497%



epoch [1 2] from [10 5]
training time per iterations 1.042281[ms]
testing
testing done
network success rate top1 89.675003% 89.375000% 
network success rate top5 99.887497% 99.887497% 



epoch [1 3] from [10 5]
training time per iterations 1.039000[ms]
testing
testing done
network success rate top1 89.800003% 89.599998% 
network success rate top5 99.849998% 99.812500% 
saving best net in top 1
best net saved to line_network_5/trained/, with success rate 89.800003%



epoch [1 4] from [10 5]
training time per iterations 1.040000[ms]
testing
testing done
network success rate top1 89.837502% 89.962502% 
network success rate top5 99.837502% 99.925003% 
saving best net in top 1
best net saved to line_network_5/trained/, with success rate 89.837502%



epoch [2 0] from [10 5]
training time per iterations 1.043187[ms]
testing
testing done
network success rate top1 90.137497% 89.750000% 
network success rate top5 99.800003% 99.824997% 
saving best net in top 1
best net saved to line_network_5/trained/, with success rate 90.137497%



epoch [2 1] from [10 5]
training time per iterations 1.043344[ms]
testing
testing done
network success rate top1 89.937500% 89.599998% 
network success rate top5 99.875000% 99.800003% 



epoch [2 2] from [10 5]
training time per iterations 1.041219[ms]
testing
testing done
network success rate top1 89.974998% 89.474998% 
network success rate top5 99.900002% 99.837502% 



epoch [2 3] from [10 5]
training time per iterations 1.040844[ms]
testing
testing done
network success rate top1 90.112503% 90.099998% 
network success rate top5 99.862503% 99.837502% 



epoch [2 4] from [10 5]
training time per iterations 1.046594[ms]
testing
testing done
network success rate top1 90.112503% 89.474998% 
network success rate top5 99.875000% 99.875000% 



epoch [3 0] from [10 5]
training time per iterations 1.046344[ms]
testing
testing done
network success rate top1 89.887497% 89.537498% 
network success rate top5 99.862503% 99.900002% 



epoch [3 1] from [10 5]
training time per iterations 1.041969[ms]
testing
testing done
network success rate top1 90.074997% 90.025002% 
network success rate top5 99.900002% 99.837502% 



epoch [3 2] from [10 5]
training time per iterations 1.038969[ms]
testing
testing done
network success rate top1 90.199997% 90.337502% 
network success rate top5 99.912498% 99.887497% 
saving best net in top 1
best net saved to line_network_5/trained/, with success rate 90.199997%



epoch [3 3] from [10 5]
training time per iterations 1.039250[ms]
testing
testing done
network success rate top1 90.262497% 90.574997% 
network success rate top5 99.887497% 99.949997% 
saving best net in top 1
best net saved to line_network_5/trained/, with success rate 90.262497%



epoch [3 4] from [10 5]
training time per iterations 1.038312[ms]
testing
testing done
network success rate top1 90.525002% 90.237503% 
network success rate top5 99.875000% 99.900002% 
saving best net in top 1
best net saved to line_network_5/trained/, with success rate 90.525002%



epoch [4 0] from [10 5]
training time per iterations 1.042812[ms]
testing
testing done
network success rate top1 90.662498% 90.175003% 
network success rate top5 99.875000% 99.862503% 
saving best net in top 1
best net saved to line_network_5/trained/, with success rate 90.662498%



epoch [4 1] from [10 5]
training time per iterations 1.041031[ms]
testing
testing done
network success rate top1 90.712502% 90.012497% 
network success rate top5 99.862503% 99.900002% 
saving best net in top 1
best net saved to line_network_5/trained/, with success rate 90.712502%



epoch [4 2] from [10 5]
training time per iterations 1.040281[ms]
testing
testing done
network success rate top1 90.687500% 90.449997% 
network success rate top5 99.912498% 99.862503% 



epoch [4 3] from [10 5]
training time per iterations 1.040031[ms]
testing
testing done
network success rate top1 90.637497% 90.875000% 
network success rate top5 99.887497% 99.912498% 



epoch [4 4] from [10 5]
training time per iterations 1.038687[ms]
testing
testing done
network success rate top1 90.925003% 91.025002% 
network success rate top5 99.875000% 99.800003% 
saving best net in top 1
best net saved to line_network_5/trained/, with success rate 90.925003%



epoch [5 0] from [10 5]
training time per iterations 1.072031[ms]
testing
testing done
network success rate top1 90.875000% 90.675003% 
network success rate top5 99.912498% 99.862503% 



epoch [5 1] from [10 5]
training time per iterations 1.230750[ms]
testing
testing done
network success rate top1 91.112503% 90.900002% 
network success rate top5 99.787498% 99.862503% 
saving best net in top 1
best net saved to line_network_5/trained/, with success rate 91.112503%



epoch [5 2] from [10 5]
training time per iterations 1.170313[ms]
testing
testing done
network success rate top1 90.900002% 90.787498% 
network success rate top5 99.887497% 99.862503% 



epoch [5 3] from [10 5]
training time per iterations 0.987500[ms]
testing
testing done
network success rate top1 91.187500% 91.074997% 
network success rate top5 99.937500% 99.937500% 
saving best net in top 1
best net saved to line_network_5/trained/, with success rate 91.187500%



epoch [5 4] from [10 5]
training time per iterations 0.985437[ms]
testing
testing done
network success rate top1 91.112503% 90.900002% 
network success rate top5 99.900002% 99.887497% 



epoch [6 0] from [10 5]
training time per iterations 0.991125[ms]
testing
testing done
network success rate top1 91.237503% 90.887497% 
network success rate top5 99.875000% 99.862503% 
saving best net in top 1
best net saved to line_network_5/trained/, with success rate 91.237503%



epoch [6 1] from [10 5]
training time per iterations 0.985187[ms]
testing
testing done
network success rate top1 91.175003% 91.012497% 
network success rate top5 99.862503% 99.875000% 



epoch [6 2] from [10 5]
training time per iterations 0.981781[ms]
testing
testing done
network success rate top1 91.212502% 90.812500% 
network success rate top5 99.937500% 99.925003% 



epoch [6 3] from [10 5]
training time per iterations 0.989094[ms]
testing
testing done
network success rate top1 91.275002% 91.025002% 
network success rate top5 99.862503% 99.912498% 
saving best net in top 1
best net saved to line_network_5/trained/, with success rate 91.275002%



epoch [6 4] from [10 5]
training time per iterations 1.060531[ms]
testing
testing done
network success rate top1 91.312500% 90.837502% 
network success rate top5 99.925003% 99.937500% 
saving best net in top 1
best net saved to line_network_5/trained/, with success rate 91.312500%



epoch [7 0] from [10 5]
training time per iterations 0.984156[ms]
testing
testing done
network success rate top1 91.312500% 91.275002% 
network success rate top5 99.887497% 99.849998% 



epoch [7 1] from [10 5]
training time per iterations 1.155938[ms]
testing
testing done
network success rate top1 91.362503% 91.662498% 
network success rate top5 99.912498% 99.900002% 
saving best net in top 1
best net saved to line_network_5/trained/, with success rate 91.362503%



epoch [7 2] from [10 5]
training time per iterations 1.466469[ms]
testing
testing done
network success rate top1 91.237503% 91.162498% 
network success rate top5 99.900002% 99.837502% 



epoch [7 3] from [10 5]
training time per iterations 1.251062[ms]
testing
testing done
network success rate top1 91.337502% 90.574997% 
network success rate top5 99.925003% 99.937500% 



epoch [7 4] from [10 5]
training time per iterations 1.196406[ms]
testing
testing done
network success rate top1 91.349998% 91.199997% 
network success rate top5 99.937500% 99.887497% 
setting learning rate to 0.000250



epoch [8 0] from [10 5]
training time per iterations 1.038969[ms]
testing
testing done
network success rate top1 91.300003% 91.162498% 
network success rate top5 99.912498% 99.937500% 



epoch [8 1] from [10 5]
training time per iterations 1.039000[ms]
testing
testing done
network success rate top1 91.375000% 91.324997% 
network success rate top5 99.925003% 99.900002% 
saving best net in top 1
best net saved to line_network_5/trained/, with success rate 91.375000%



epoch [8 2] from [10 5]
training time per iterations 1.041875[ms]
testing
testing done
network success rate top1 91.425003% 91.525002% 
network success rate top5 99.900002% 99.949997% 
saving best net in top 1
best net saved to line_network_5/trained/, with success rate 91.425003%



epoch [8 3] from [10 5]
training time per iterations 1.041156[ms]
testing
testing done
network success rate top1 91.550003% 91.574997% 
network success rate top5 99.937500% 99.875000% 
saving best net in top 1
best net saved to line_network_5/trained/, with success rate 91.550003%



epoch [8 4] from [10 5]
training time per iterations 1.042094[ms]
testing
testing done
network success rate top1 91.487503% 91.537498% 
network success rate top5 99.937500% 99.962502% 



epoch [9 0] from [10 5]
training time per iterations 1.044656[ms]
testing
testing done
network success rate top1 91.375000% 91.175003% 
network success rate top5 99.925003% 99.937500% 



epoch [9 1] from [10 5]
training time per iterations 1.040125[ms]
testing
testing done
network success rate top1 91.437500% 91.387497% 
network success rate top5 99.925003% 99.962502% 



epoch [9 2] from [10 5]
training time per iterations 1.044156[ms]
testing
testing done
network success rate top1 91.400002% 91.387497% 
network success rate top5 99.925003% 99.875000% 



epoch [9 3] from [10 5]
training time per iterations 1.039937[ms]
testing
testing done
network success rate top1 91.512497% 91.287498% 
network success rate top5 99.912498% 99.912498% 



epoch [9 4] from [10 5]
training time per iterations 1.041031[ms]
testing
testing done
network success rate top1 91.375000% 90.612503% 
network success rate top5 99.925003% 99.875000% 
training done
