0.000000 0 0 93.057144 92.985718  100.000000 100.000000 
0.200000 0 1 93.885712 94.000000  100.000000 100.000000 
0.400000 0 2 94.285713 94.428574  100.000000 100.000000 
0.600000 0 3 94.157143 94.214287  100.000000 100.000000 
0.800000 0 4 94.428574 94.528572  100.000000 100.000000 
1.000000 1 0 94.214287 93.885712  100.000000 100.000000 
1.200000 1 1 94.314285 93.814285  100.000000 100.000000 
1.400000 1 2 94.542854 94.371429  100.000000 99.985718 
1.600000 1 3 94.557144 94.114288  100.000000 99.985718 
1.800000 1 4 94.428574 94.057144  100.000000 100.000000 
2.000000 2 0 94.442856 94.428574  100.000000 100.000000 
2.200000 2 1 94.428574 94.300003  100.000000 100.000000 
2.400000 2 2 94.614288 94.314285  100.000000 100.000000 
2.600000 2 3 94.542854 94.300003  100.000000 100.000000 
2.800000 2 4 94.599998 94.257141  100.000000 100.000000 
3.000000 3 0 94.671425 94.599998  100.000000 100.000000 
3.200000 3 1 94.599998 94.585716  100.000000 100.000000 
3.400000 3 2 94.557144 95.000000  100.000000 100.000000 
3.600000 3 3 94.599998 95.042854  100.000000 100.000000 
3.800000 3 4 94.557144 94.785713  100.000000 100.000000 
4.000000 4 0 94.685715 95.371429  100.000000 100.000000 
4.200000 4 1 94.628571 94.599998  100.000000 100.000000 
4.400000 4 2 94.714287 94.642860  100.000000 100.000000 
4.600000 4 3 94.671425 94.800003  100.000000 100.000000 
4.800000 4 4 94.914284 94.671425  100.000000 100.000000 
5.000000 5 0 94.585716 94.814285  100.000000 99.985718 
5.200000 5 1 94.800003 95.157143  100.000000 100.000000 
5.400000 5 2 94.871429 95.042854  100.000000 100.000000 
5.600000 5 3 94.914284 94.871429  100.000000 100.000000 
5.800000 5 4 94.914284 94.914284  100.000000 100.000000 
6.000000 6 0 94.771431 94.242859  100.000000 100.000000 
6.200000 6 1 94.900002 94.528572  100.000000 100.000000 
6.400000 6 2 94.871429 95.285713  100.000000 99.985718 
6.600000 6 3 94.714287 94.328575  100.000000 100.000000 
6.800000 6 4 95.099998 95.199997  100.000000 100.000000 
7.000000 7 0 94.928574 94.785713  100.000000 100.000000 
7.200000 7 1 94.814285 94.699997  100.000000 100.000000 
7.400000 7 2 94.800003 94.657143  100.000000 100.000000 
7.600000 7 3 95.000000 94.971428  100.000000 100.000000 
7.800000 7 4 94.942856 95.400002  100.000000 100.000000 
8.000000 8 0 94.757141 94.557144  100.000000 100.000000 
8.200000 8 1 94.985718 94.942856  100.000000 100.000000 
8.400000 8 2 94.828575 94.942856  100.000000 100.000000 
8.600000 8 3 95.000000 94.857140  100.000000 100.000000 
8.800000 8 4 94.914284 94.785713  100.000000 99.985718 
9.000000 9 0 95.014282 95.028572  100.000000 100.000000 
9.200000 9 1 94.857140 94.442856  100.000000 100.000000 
9.400000 9 2 94.928574 95.385712  100.000000 100.000000 
9.600000 9 3 94.957146 95.185715  100.000000 100.000000 
9.800000 9 4 94.971428 95.271431  100.000000 100.000000 
