0.000000 0 0 78.279999 78.400002  100.000000 100.000000 
0.200000 0 1 85.320000 85.620003  100.000000 100.000000 
0.400000 0 2 88.699997 88.660004  100.000000 100.000000 
0.600000 0 3 90.919998 90.820000  100.000000 100.000000 
0.800000 0 4 92.540001 92.779999  100.000000 100.000000 
1.000000 1 0 94.320000 94.400002  100.000000 100.000000 
1.200000 1 1 94.379997 94.080002  100.000000 100.000000 
1.400000 1 2 94.660004 94.660004  100.000000 100.000000 
1.600000 1 3 95.180000 95.320000  100.000000 100.000000 
1.800000 1 4 95.480003 95.360001  100.000000 100.000000 
2.000000 2 0 95.720001 95.419998  100.000000 100.000000 
2.200000 2 1 95.879997 95.720001  100.000000 100.000000 
2.400000 2 2 96.059998 95.540001  100.000000 100.000000 
2.600000 2 3 96.160004 95.839996  100.000000 100.000000 
2.800000 2 4 96.300003 96.260002  100.000000 100.000000 
3.000000 3 0 96.459999 96.239998  100.000000 100.000000 
3.200000 3 1 96.500000 96.019997  100.000000 100.000000 
3.400000 3 2 96.559998 95.959999  100.000000 100.000000 
3.600000 3 3 96.699997 96.360001  100.000000 100.000000 
3.800000 3 4 96.339996 95.720001  100.000000 100.000000 
4.000000 4 0 96.379997 96.620003  100.000000 100.000000 
4.200000 4 1 96.480003 96.680000  100.000000 100.000000 
4.400000 4 2 96.820000 96.519997  100.000000 100.000000 
4.600000 4 3 96.919998 96.400002  100.000000 100.000000 
4.800000 4 4 96.779999 96.660004  100.000000 100.000000 
5.000000 5 0 96.660004 96.160004  100.000000 100.000000 
5.200000 5 1 96.760002 96.500000  100.000000 100.000000 
5.400000 5 2 97.080002 96.519997  100.000000 100.000000 
5.600000 5 3 97.080002 96.300003  100.000000 100.000000 
5.800000 5 4 96.980003 96.839996  100.000000 100.000000 
6.000000 6 0 96.959999 96.160004  100.000000 100.000000 
6.200000 6 1 97.019997 96.800003  100.000000 100.000000 
6.400000 6 2 97.059998 96.139999  100.000000 100.000000 
6.600000 6 3 96.940002 96.660004  100.000000 100.000000 
6.800000 6 4 97.059998 96.180000  100.000000 100.000000 
7.000000 7 0 97.059998 96.739998  100.000000 100.000000 
7.200000 7 1 96.860001 96.959999  100.000000 100.000000 
7.400000 7 2 96.940002 96.680000  100.000000 100.000000 
7.600000 7 3 97.139999 96.699997  100.000000 100.000000 
7.800000 7 4 97.120003 96.680000  100.000000 100.000000 
8.000000 8 0 97.139999 96.839996  100.000000 100.000000 
8.200000 8 1 97.239998 96.519997  100.000000 100.000000 
8.400000 8 2 97.239998 96.559998  100.000000 100.000000 
8.600000 8 3 97.260002 96.339996  100.000000 100.000000 
8.800000 8 4 97.180000 96.680000  100.000000 100.000000 
9.000000 9 0 97.099998 96.580002  100.000000 100.000000 
9.200000 9 1 97.279999 96.720001  100.000000 100.000000 
9.400000 9 2 97.279999 96.480003  100.000000 100.000000 
9.600000 9 3 97.320000 97.040001  100.000000 100.000000 
9.800000 9 4 97.300003 96.860001  100.000000 100.000000 
