0.000000 0 0 0.032399 0.000000 1.020474 0.032331 0.000000 1.025451
0.200000 0 1 0.029478 0.000000 1.012285 0.030110 0.000000 0.925392
0.400000 0 2 0.028850 0.000000 1.008298 0.027803 0.000000 1.010333
0.600000 0 3 0.027324 0.000000 1.014190 0.027326 0.000000 1.003045
0.800000 0 4 0.026083 0.000000 1.022366 0.025433 0.000000 1.074311
1.000000 1 0 0.025775 0.000000 1.009203 0.026079 0.000000 0.999443
1.200000 1 1 0.024732 0.000000 1.007261 0.024187 0.000000 0.999248
1.400000 1 2 0.024433 0.000000 1.018294 0.023369 0.000000 1.027485
1.600000 1 3 0.024711 0.000000 1.006375 0.024476 0.000000 0.990019
1.800000 1 4 0.024284 0.000000 1.007674 0.023500 0.000000 1.034872
2.000000 2 0 0.023607 0.000000 1.013971 0.023687 0.000000 1.018405
2.200000 2 1 0.023221 0.000000 1.016102 0.023108 0.000000 1.008461
2.400000 2 2 0.023324 0.000000 1.005129 0.023570 0.000000 0.997124
2.600000 2 3 0.022940 0.000000 1.018936 0.022914 0.000000 1.015133
2.800000 2 4 0.022935 0.000000 1.014815 0.023139 0.000000 1.017169
3.000000 3 0 0.023094 0.000000 1.026328 0.023499 0.000000 1.031007
3.200000 3 1 0.023063 0.000000 1.041803 0.021589 0.000000 1.001375
3.400000 3 2 0.022514 0.000000 1.031421 0.022255 0.000000 1.023312
3.600000 3 3 0.022788 0.000000 1.039526 0.023061 0.000000 1.046950
3.800000 3 4 0.022036 0.000000 1.032784 0.021973 0.000000 1.047843
4.000000 4 0 0.022053 0.000000 1.035624 0.021341 0.000000 0.949954
4.200000 4 1 0.021032 0.000000 1.034509 0.021448 0.000000 1.034509
4.400000 4 2 0.021255 0.000000 1.035350 0.021158 0.000000 1.027226
4.600000 4 3 0.021339 0.000000 1.044563 0.020947 0.000000 1.093386
4.800000 4 4 0.020934 0.000000 1.034442 0.019961 0.000000 1.033931
