initializing
training size    : 40000
testing size     : 5000
epoch count      : 10
sub epoch size   : 5

epoch_learning_rate_decay   : 8
learning_rate_decay         : 0.250000
batch size                  : 40000

training



epoch [0 0] from [10 5]
training time per iterations 1.251875[ms]
testing
testing done
network success rate top1 78.279999% 78.400002% 
network success rate top5 100.000000% 100.000000% 
saving best net in top 1
best net saved to line_network_2/trained/, with success rate 78.279999%



epoch [0 1] from [10 5]
training time per iterations 1.285500[ms]
testing
testing done
network success rate top1 85.320000% 85.620003% 
network success rate top5 100.000000% 100.000000% 
saving best net in top 1
best net saved to line_network_2/trained/, with success rate 85.320000%



epoch [0 2] from [10 5]
training time per iterations 1.329250[ms]
testing
testing done
network success rate top1 88.699997% 88.660004% 
network success rate top5 100.000000% 100.000000% 
saving best net in top 1
best net saved to line_network_2/trained/, with success rate 88.699997%



epoch [0 3] from [10 5]
training time per iterations 1.275625[ms]
testing
testing done
network success rate top1 90.919998% 90.820000% 
network success rate top5 100.000000% 100.000000% 
saving best net in top 1
best net saved to line_network_2/trained/, with success rate 90.919998%



epoch [0 4] from [10 5]
training time per iterations 1.308250[ms]
testing
testing done
network success rate top1 92.540001% 92.779999% 
network success rate top5 100.000000% 100.000000% 
saving best net in top 1
best net saved to line_network_2/trained/, with success rate 92.540001%



epoch [1 0] from [10 5]
training time per iterations 1.074000[ms]
testing
testing done
network success rate top1 94.320000% 94.400002% 
network success rate top5 100.000000% 100.000000% 
saving best net in top 1
best net saved to line_network_2/trained/, with success rate 94.320000%



epoch [1 1] from [10 5]
training time per iterations 1.485500[ms]
testing
testing done
network success rate top1 94.379997% 94.080002% 
network success rate top5 100.000000% 100.000000% 
saving best net in top 1
best net saved to line_network_2/trained/, with success rate 94.379997%



epoch [1 2] from [10 5]
training time per iterations 1.472625[ms]
testing
testing done
network success rate top1 94.660004% 94.660004% 
network success rate top5 100.000000% 100.000000% 
saving best net in top 1
best net saved to line_network_2/trained/, with success rate 94.660004%



epoch [1 3] from [10 5]
training time per iterations 1.287250[ms]
testing
testing done
network success rate top1 95.180000% 95.320000% 
network success rate top5 100.000000% 100.000000% 
saving best net in top 1
best net saved to line_network_2/trained/, with success rate 95.180000%



epoch [1 4] from [10 5]
training time per iterations 1.460875[ms]
testing
testing done
network success rate top1 95.480003% 95.360001% 
network success rate top5 100.000000% 100.000000% 
saving best net in top 1
best net saved to line_network_2/trained/, with success rate 95.480003%



epoch [2 0] from [10 5]
training time per iterations 1.245000[ms]
testing
testing done
network success rate top1 95.720001% 95.419998% 
network success rate top5 100.000000% 100.000000% 
saving best net in top 1
best net saved to line_network_2/trained/, with success rate 95.720001%



epoch [2 1] from [10 5]
training time per iterations 1.262375[ms]
testing
testing done
network success rate top1 95.879997% 95.720001% 
network success rate top5 100.000000% 100.000000% 
saving best net in top 1
best net saved to line_network_2/trained/, with success rate 95.879997%



epoch [2 2] from [10 5]
training time per iterations 1.377000[ms]
testing
testing done
network success rate top1 96.059998% 95.540001% 
network success rate top5 100.000000% 100.000000% 
saving best net in top 1
best net saved to line_network_2/trained/, with success rate 96.059998%



epoch [2 3] from [10 5]
training time per iterations 1.204125[ms]
testing
testing done
network success rate top1 96.160004% 95.839996% 
network success rate top5 100.000000% 100.000000% 
saving best net in top 1
best net saved to line_network_2/trained/, with success rate 96.160004%



epoch [2 4] from [10 5]
training time per iterations 1.202125[ms]
testing
testing done
network success rate top1 96.300003% 96.260002% 
network success rate top5 100.000000% 100.000000% 
saving best net in top 1
best net saved to line_network_2/trained/, with success rate 96.300003%



epoch [3 0] from [10 5]
training time per iterations 1.226625[ms]
testing
testing done
network success rate top1 96.459999% 96.239998% 
network success rate top5 100.000000% 100.000000% 
saving best net in top 1
best net saved to line_network_2/trained/, with success rate 96.459999%



epoch [3 1] from [10 5]
training time per iterations 1.333375[ms]
testing
testing done
network success rate top1 96.500000% 96.019997% 
network success rate top5 100.000000% 100.000000% 
saving best net in top 1
best net saved to line_network_2/trained/, with success rate 96.500000%



epoch [3 2] from [10 5]
training time per iterations 1.098375[ms]
testing
testing done
network success rate top1 96.559998% 95.959999% 
network success rate top5 100.000000% 100.000000% 
saving best net in top 1
best net saved to line_network_2/trained/, with success rate 96.559998%



epoch [3 3] from [10 5]
training time per iterations 1.433875[ms]
testing
testing done
network success rate top1 96.699997% 96.360001% 
network success rate top5 100.000000% 100.000000% 
saving best net in top 1
best net saved to line_network_2/trained/, with success rate 96.699997%



epoch [3 4] from [10 5]
training time per iterations 1.444250[ms]
testing
testing done
network success rate top1 96.339996% 95.720001% 
network success rate top5 100.000000% 100.000000% 



epoch [4 0] from [10 5]
training time per iterations 1.336125[ms]
testing
testing done
network success rate top1 96.379997% 96.620003% 
network success rate top5 100.000000% 100.000000% 



epoch [4 1] from [10 5]
training time per iterations 1.290500[ms]
testing
testing done
network success rate top1 96.480003% 96.680000% 
network success rate top5 100.000000% 100.000000% 



epoch [4 2] from [10 5]
training time per iterations 1.366375[ms]
testing
testing done
network success rate top1 96.820000% 96.519997% 
network success rate top5 100.000000% 100.000000% 
saving best net in top 1
best net saved to line_network_2/trained/, with success rate 96.820000%



epoch [4 3] from [10 5]
training time per iterations 1.213250[ms]
testing
testing done
network success rate top1 96.919998% 96.400002% 
network success rate top5 100.000000% 100.000000% 
saving best net in top 1
best net saved to line_network_2/trained/, with success rate 96.919998%



epoch [4 4] from [10 5]
training time per iterations 1.328250[ms]
testing
testing done
network success rate top1 96.779999% 96.660004% 
network success rate top5 100.000000% 100.000000% 



epoch [5 0] from [10 5]
training time per iterations 1.211500[ms]
testing
testing done
network success rate top1 96.660004% 96.160004% 
network success rate top5 100.000000% 100.000000% 



epoch [5 1] from [10 5]
training time per iterations 1.214750[ms]
testing
testing done
network success rate top1 96.760002% 96.500000% 
network success rate top5 100.000000% 100.000000% 



epoch [5 2] from [10 5]
training time per iterations 1.297250[ms]
testing
testing done
network success rate top1 97.080002% 96.519997% 
network success rate top5 100.000000% 100.000000% 
saving best net in top 1
best net saved to line_network_2/trained/, with success rate 97.080002%



epoch [5 3] from [10 5]
training time per iterations 1.220375[ms]
testing
testing done
network success rate top1 97.080002% 96.300003% 
network success rate top5 100.000000% 100.000000% 



epoch [5 4] from [10 5]
training time per iterations 1.354000[ms]
testing
testing done
network success rate top1 96.980003% 96.839996% 
network success rate top5 100.000000% 100.000000% 



epoch [6 0] from [10 5]
training time per iterations 1.437875[ms]
testing
testing done
network success rate top1 96.959999% 96.160004% 
network success rate top5 100.000000% 100.000000% 



epoch [6 1] from [10 5]
training time per iterations 1.794875[ms]
testing
testing done
network success rate top1 97.019997% 96.800003% 
network success rate top5 100.000000% 100.000000% 



epoch [6 2] from [10 5]
training time per iterations 1.580250[ms]
testing
testing done
network success rate top1 97.059998% 96.139999% 
network success rate top5 100.000000% 100.000000% 



epoch [6 3] from [10 5]
training time per iterations 1.541500[ms]
testing
testing done
network success rate top1 96.940002% 96.660004% 
network success rate top5 100.000000% 100.000000% 



epoch [6 4] from [10 5]
training time per iterations 1.498250[ms]
testing
testing done
network success rate top1 97.059998% 96.180000% 
network success rate top5 100.000000% 100.000000% 



epoch [7 0] from [10 5]
training time per iterations 1.548625[ms]
testing
testing done
network success rate top1 97.059998% 96.739998% 
network success rate top5 100.000000% 100.000000% 



epoch [7 1] from [10 5]
training time per iterations 1.632375[ms]
testing
testing done
network success rate top1 96.860001% 96.959999% 
network success rate top5 100.000000% 100.000000% 



epoch [7 2] from [10 5]
training time per iterations 1.222625[ms]
testing
testing done
network success rate top1 96.940002% 96.680000% 
network success rate top5 100.000000% 100.000000% 



epoch [7 3] from [10 5]
training time per iterations 1.181875[ms]
testing
testing done
network success rate top1 97.139999% 96.699997% 
network success rate top5 100.000000% 100.000000% 
saving best net in top 1
best net saved to line_network_2/trained/, with success rate 97.139999%



epoch [7 4] from [10 5]
training time per iterations 1.534625[ms]
testing
testing done
network success rate top1 97.120003% 96.680000% 
network success rate top5 100.000000% 100.000000% 
setting learning rate to 0.000250



epoch [8 0] from [10 5]
training time per iterations 1.665000[ms]
testing
testing done
network success rate top1 97.139999% 96.839996% 
network success rate top5 100.000000% 100.000000% 



epoch [8 1] from [10 5]
training time per iterations 1.711375[ms]
testing
testing done
network success rate top1 97.239998% 96.519997% 
network success rate top5 100.000000% 100.000000% 
saving best net in top 1
best net saved to line_network_2/trained/, with success rate 97.239998%



epoch [8 2] from [10 5]
training time per iterations 1.722875[ms]
testing
testing done
network success rate top1 97.239998% 96.559998% 
network success rate top5 100.000000% 100.000000% 



epoch [8 3] from [10 5]
training time per iterations 1.210250[ms]
testing
testing done
network success rate top1 97.260002% 96.339996% 
network success rate top5 100.000000% 100.000000% 
saving best net in top 1
best net saved to line_network_2/trained/, with success rate 97.260002%



epoch [8 4] from [10 5]
training time per iterations 1.252875[ms]
testing
testing done
network success rate top1 97.180000% 96.680000% 
network success rate top5 100.000000% 100.000000% 



epoch [9 0] from [10 5]
training time per iterations 1.268875[ms]
testing
testing done
network success rate top1 97.099998% 96.580002% 
network success rate top5 100.000000% 100.000000% 



epoch [9 1] from [10 5]
training time per iterations 1.120000[ms]
testing
testing done
network success rate top1 97.279999% 96.720001% 
network success rate top5 100.000000% 100.000000% 
saving best net in top 1
best net saved to line_network_2/trained/, with success rate 97.279999%



epoch [9 2] from [10 5]
training time per iterations 1.192875[ms]
testing
testing done
network success rate top1 97.279999% 96.480003% 
network success rate top5 100.000000% 100.000000% 



epoch [9 3] from [10 5]
training time per iterations 1.269625[ms]
testing
testing done
network success rate top1 97.320000% 97.040001% 
network success rate top5 100.000000% 100.000000% 
saving best net in top 1
best net saved to line_network_2/trained/, with success rate 97.320000%



epoch [9 4] from [10 5]
training time per iterations 1.229000[ms]
testing
testing done
network success rate top1 97.300003% 96.860001% 
network success rate top5 100.000000% 100.000000% 
training done
