network init start

hyperparameters
init_weight_range 0.000000 ,xavier
learning_rate 0.001000
lambda1 0.000050
lambda2 0.100000
dropout 0.200000
minibatch size 32

         CONVOLUTION  [    8     8     1] [    3     3     4] [    8     8     4] [        36          4][      2560]
                RELU  [    8     8     4] [    1     1     1] [    8     8     4] [         0          0][       512]
         MAX POOLING  [    8     8     4] [    2     2     1] [    4     4     4] [         0          0][       512]
                  FC  [    4     4     4] [    1     1    32] [    1     1    32] [      2048         32][      4160]
                RELU  [    1     1    32] [    1     1     1] [    1     1    32] [         0          0][        64]
             DROPOUT  [    1     1    32] [    1     1     1] [    1     1    32] [         0          0][        64]
                  FC  [    1     1    32] [    1     1     8] [    1     1     8] [       256          8][       528]

input_geometry  [8 8 1]
output_geometry [1 1 8]
network flops operations 8400 FLOPS, 0.000008 GFLOPS
init DONE

network destructor done
