0.000000 0 0 90.360001 90.040001  100.000000 100.000000 
0.200000 0 1 90.440002 89.919998  100.000000 100.000000 
0.400000 0 2 90.919998 91.279999  100.000000 100.000000 
0.600000 0 3 91.080002 89.400002  100.000000 100.000000 
0.800000 0 4 91.519997 90.720001  100.000000 100.000000 
1.000000 1 0 91.320000 89.639999  100.000000 100.000000 
1.200000 1 1 92.199997 91.000000  100.000000 100.000000 
1.400000 1 2 91.279999 90.919998  100.000000 100.000000 
1.600000 1 3 91.800003 90.879997  100.000000 100.000000 
1.800000 1 4 91.360001 91.279999  100.000000 100.000000 
2.000000 2 0 91.320000 90.559998  100.000000 100.000000 
2.200000 2 1 91.720001 90.400002  100.000000 100.000000 
2.400000 2 2 92.080002 90.919998  100.000000 100.000000 
2.600000 2 3 90.639999 91.279999  100.000000 100.000000 
2.800000 2 4 92.720001 89.959999  100.000000 100.000000 
3.000000 3 0 91.239998 91.120003  100.000000 100.000000 
3.200000 3 1 92.000000 90.440002  100.000000 100.000000 
3.400000 3 2 91.720001 91.239998  100.000000 100.000000 
3.600000 3 3 91.599998 91.279999  100.000000 100.000000 
3.800000 3 4 92.480003 91.239998  100.000000 100.000000 
4.000000 4 0 91.519997 91.360001  100.000000 100.000000 
4.200000 4 1 91.720001 90.839996  100.000000 100.000000 
4.400000 4 2 92.320000 91.279999  100.000000 100.000000 
4.600000 4 3 92.160004 90.720001  100.000000 100.000000 
4.800000 4 4 92.400002 91.720001  100.000000 100.000000 
5.000000 5 0 92.559998 91.400002  100.000000 100.000000 
5.200000 5 1 92.360001 91.519997  100.000000 100.000000 
5.400000 5 2 93.320000 92.680000  100.000000 100.000000 
5.600000 5 3 92.559998 91.559998  100.000000 100.000000 
5.800000 5 4 92.800003 92.760002  100.000000 100.000000 
6.000000 6 0 93.120003 92.639999  100.000000 100.000000 
6.200000 6 1 92.720001 92.199997  100.000000 100.000000 
6.400000 6 2 92.120003 91.239998  100.000000 100.000000 
6.600000 6 3 92.160004 91.400002  100.000000 100.000000 
6.800000 6 4 92.519997 92.400002  100.000000 100.000000 
7.000000 7 0 92.839996 91.440002  100.000000 100.000000 
7.200000 7 1 92.239998 91.639999  100.000000 100.000000 
7.400000 7 2 92.800003 92.800003  100.000000 100.000000 
7.600000 7 3 92.599998 91.040001  100.000000 100.000000 
7.800000 7 4 93.239998 92.760002  100.000000 100.000000 
8.000000 8 0 93.040001 93.800003  100.000000 100.000000 
8.200000 8 1 92.919998 92.360001  100.000000 100.000000 
8.400000 8 2 93.160004 92.480003  100.000000 100.000000 
8.600000 8 3 93.239998 91.599998  100.000000 100.000000 
8.800000 8 4 93.000000 93.160004  100.000000 100.000000 
9.000000 9 0 92.279999 92.400002  100.000000 100.000000 
9.200000 9 1 93.320000 92.879997  100.000000 100.000000 
9.400000 9 2 93.199997 92.680000  100.000000 100.000000 
9.600000 9 3 93.559998 91.360001  100.000000 100.000000 
9.800000 9 4 93.040001 92.279999  100.000000 100.000000 
