network init start

hyperparameters
init_weight_range 0.000000 ,xavier
learning_rate 0.000500
lambda1 0.000000
lambda2 0.000000
dropout 0.050000
minibatch size 32

         CONVOLUTION  [  128     1     1] [    3     1     4] [  128     1     4] [        12          4][      2048]
                RELU  [  128     1     4] [    1     1     1] [  128     1     4] [         0          0][      1024]
         MAX POOLING  [  128     1     4] [    2     1     1] [   64     1     4] [         0          0][      1024]
         CONVOLUTION  [   64     1     4] [    3     1     8] [   64     1     8] [        96          8][      6656]
                RELU  [   64     1     8] [    1     1     1] [   64     1     8] [         0          0][      1024]
         MAX POOLING  [   64     1     8] [    2     1     1] [   32     1     8] [         0          0][      1024]
         CONVOLUTION  [   32     1     8] [    3     1     8] [   32     1     8] [       192          8][      6400]
                RELU  [   32     1     8] [    1     1     1] [   32     1     8] [         0          0][       512]
         MAX POOLING  [   32     1     8] [    2     1     1] [   16     1     8] [         0          0][       512]
         CONVOLUTION  [   16     1     8] [    3     1     8] [   16     1     8] [       192          8][      3200]
                RELU  [   16     1     8] [    1     1     1] [   16     1     8] [         0          0][       256]
         MAX POOLING  [   16     1     8] [    2     1     1] [    8     1     8] [         0          0][       256]
             DROPOUT  [    8     1     8] [    1     1     1] [    8     1     8] [         0          0][       128]
                  FC  [    8     1     8] [    1     1     1] [    1     1     1] [        64          1][       130]

input_geometry  [128 1 1]
output_geometry [1 1 1]
network flops operations 24194 FLOPS, 0.000024 GFLOPS
init DONE

network destructor done
