0.000000 0 0 0.029740 0.000000 1.229157 0.029546 0.000000 1.128470
0.200000 0 1 0.024272 0.000000 1.208318 0.025189 0.000000 1.096665
0.400000 0 2 0.021921 0.000000 1.192580 0.021006 0.000000 1.046335
0.600000 0 3 0.020513 0.000000 1.157805 0.020099 0.000000 1.064799
0.800000 0 4 0.019334 0.000000 1.190839 0.018418 0.000000 1.039128
1.000000 1 0 0.018195 0.000000 1.214189 0.017264 0.000000 1.108988
1.200000 1 1 0.017459 0.000000 1.209281 0.016349 0.000000 1.041672
1.400000 1 2 0.017337 0.000000 1.182712 0.016636 0.000000 0.991880
1.600000 1 3 0.016742 0.000000 1.215346 0.015786 0.000000 1.097131
1.800000 1 4 0.016542 0.000000 1.186795 0.016076 0.000000 1.054994
2.000000 2 0 0.016211 0.000000 1.201642 0.016356 0.000000 1.094452
2.200000 2 1 0.016046 0.000000 1.220788 0.015031 0.000000 1.111838
2.400000 2 2 0.015839 0.000000 1.246581 0.015221 0.000000 1.140899
2.600000 2 3 0.015787 0.000000 1.228600 0.016413 0.000000 1.103237
2.800000 2 4 0.015538 0.000000 1.250997 0.014153 0.000000 1.126364
3.000000 3 0 0.015394 0.000000 1.223853 0.014555 0.000000 1.071245
3.200000 3 1 0.015260 0.000000 1.221262 0.014388 0.000000 1.100802
3.400000 3 2 0.015119 0.000000 1.226966 0.013988 0.000000 1.034319
3.600000 3 3 0.015115 0.000000 1.224932 0.014049 0.000000 1.088248
3.800000 3 4 0.015012 0.000000 1.203720 0.014328 0.000000 1.070168
4.000000 4 0 0.014894 0.000000 1.240234 0.014270 0.000000 1.085728
4.200000 4 1 0.014825 0.000000 1.237091 0.013954 0.000000 1.221450
4.400000 4 2 0.014735 0.000000 1.202227 0.014755 0.000000 1.076304
4.600000 4 3 0.014667 0.000000 1.207624 0.014492 0.000000 1.227108
4.800000 4 4 0.014561 0.000000 1.178638 0.013293 0.000000 1.073510
