initializing
training size    : 160000
testing size     : 8000
epoch count      : 10
sub epoch size   : 5

epoch_learning_rate_decay   : 8
learning_rate_decay         : 0.250000

training



epoch [0 0] from [10 5]
training time per iterations 1.075594[ms]
testing
testing done
network success rate top1 85.900002% 85.400002% 
network success rate top5 99.912498% 99.912498% 
saving best net in top 1
best net saved to line_network_9/trained/, with success rate 85.900002%



epoch [0 1] from [10 5]
training time per iterations 1.070969[ms]
testing
testing done
network success rate top1 86.837502% 85.912498% 
network success rate top5 99.887497% 99.875000% 
saving best net in top 1
best net saved to line_network_9/trained/, with success rate 86.837502%



epoch [0 2] from [10 5]
training time per iterations 1.073031[ms]
testing
testing done
network success rate top1 88.099998% 88.037498% 
network success rate top5 99.887497% 99.837502% 
saving best net in top 1
best net saved to line_network_9/trained/, with success rate 88.099998%



epoch [0 3] from [10 5]
training time per iterations 1.076344[ms]
testing
testing done
network success rate top1 88.787498% 88.437500% 
network success rate top5 99.875000% 99.949997% 
saving best net in top 1
best net saved to line_network_9/trained/, with success rate 88.787498%



epoch [0 4] from [10 5]
training time per iterations 1.076500[ms]
testing
testing done
network success rate top1 88.824997% 88.150002% 
network success rate top5 99.862503% 99.925003% 
saving best net in top 1
best net saved to line_network_9/trained/, with success rate 88.824997%



epoch [1 0] from [10 5]
training time per iterations 1.076125[ms]
testing
testing done
network success rate top1 89.724998% 88.849998% 
network success rate top5 99.925003% 99.912498% 
saving best net in top 1
best net saved to line_network_9/trained/, with success rate 89.724998%



epoch [1 1] from [10 5]
training time per iterations 1.077781[ms]
testing
testing done
network success rate top1 89.812500% 89.125000% 
network success rate top5 99.875000% 99.912498% 
saving best net in top 1
best net saved to line_network_9/trained/, with success rate 89.812500%



epoch [1 2] from [10 5]
training time per iterations 1.074094[ms]
testing
testing done
network success rate top1 90.000000% 90.137497% 
network success rate top5 99.949997% 99.987503% 
saving best net in top 1
best net saved to line_network_9/trained/, with success rate 90.000000%



epoch [1 3] from [10 5]
training time per iterations 1.078812[ms]
testing
testing done
network success rate top1 90.512497% 90.375000% 
network success rate top5 99.887497% 99.949997% 
saving best net in top 1
best net saved to line_network_9/trained/, with success rate 90.512497%



epoch [1 4] from [10 5]
training time per iterations 1.076906[ms]
testing
testing done
network success rate top1 90.449997% 90.150002% 
network success rate top5 99.887497% 99.949997% 



epoch [2 0] from [10 5]
training time per iterations 1.077656[ms]
testing
testing done
network success rate top1 90.712502% 90.087502% 
network success rate top5 99.925003% 99.937500% 
saving best net in top 1
best net saved to line_network_9/trained/, with success rate 90.712502%



epoch [2 1] from [10 5]
training time per iterations 1.073375[ms]
testing
testing done
network success rate top1 90.887497% 90.250000% 
network success rate top5 99.887497% 99.937500% 
saving best net in top 1
best net saved to line_network_9/trained/, with success rate 90.887497%



epoch [2 2] from [10 5]
training time per iterations 1.075156[ms]
testing
testing done
network success rate top1 90.925003% 90.724998% 
network success rate top5 99.900002% 99.949997% 
saving best net in top 1
best net saved to line_network_9/trained/, with success rate 90.925003%



epoch [2 3] from [10 5]
training time per iterations 1.072844[ms]
testing
testing done
network success rate top1 91.137497% 90.675003% 
network success rate top5 99.912498% 99.949997% 
saving best net in top 1
best net saved to line_network_9/trained/, with success rate 91.137497%



epoch [2 4] from [10 5]
training time per iterations 1.075219[ms]
testing
testing done
network success rate top1 91.087502% 90.987503% 
network success rate top5 99.887497% 99.962502% 



epoch [3 0] from [10 5]
training time per iterations 1.076125[ms]
testing
testing done
network success rate top1 91.175003% 90.887497% 
network success rate top5 99.925003% 99.987503% 
saving best net in top 1
best net saved to line_network_9/trained/, with success rate 91.175003%



epoch [3 1] from [10 5]
training time per iterations 1.076313[ms]
testing
testing done
network success rate top1 91.212502% 91.087502% 
network success rate top5 99.887497% 99.962502% 
saving best net in top 1
best net saved to line_network_9/trained/, with success rate 91.212502%



epoch [3 2] from [10 5]
training time per iterations 1.074812[ms]
testing
testing done
network success rate top1 91.162498% 91.162498% 
network success rate top5 99.900002% 99.937500% 



epoch [3 3] from [10 5]
training time per iterations 1.074094[ms]
testing
testing done
network success rate top1 91.275002% 91.375000% 
network success rate top5 99.900002% 99.949997% 
saving best net in top 1
best net saved to line_network_9/trained/, with success rate 91.275002%



epoch [3 4] from [10 5]
training time per iterations 1.075719[ms]
testing
testing done
network success rate top1 91.237503% 91.275002% 
network success rate top5 99.912498% 99.949997% 



epoch [4 0] from [10 5]
training time per iterations 1.137000[ms]
testing
testing done
network success rate top1 91.550003% 91.187500% 
network success rate top5 99.900002% 99.949997% 
saving best net in top 1
best net saved to line_network_9/trained/, with success rate 91.550003%



epoch [4 1] from [10 5]
training time per iterations 1.274844[ms]
testing
testing done
network success rate top1 91.699997% 91.449997% 
network success rate top5 99.912498% 99.949997% 
saving best net in top 1
best net saved to line_network_9/trained/, with success rate 91.699997%



epoch [4 2] from [10 5]
training time per iterations 1.163781[ms]
testing
testing done
network success rate top1 91.550003% 91.375000% 
network success rate top5 99.900002% 99.937500% 



epoch [4 3] from [10 5]
training time per iterations 1.231719[ms]
testing
testing done
network success rate top1 91.537498% 91.650002% 
network success rate top5 99.912498% 99.900002% 



epoch [4 4] from [10 5]
training time per iterations 1.053531[ms]
testing
testing done
network success rate top1 91.637497% 91.425003% 
network success rate top5 99.875000% 99.912498% 



epoch [5 0] from [10 5]
training time per iterations 1.345781[ms]
testing
testing done
network success rate top1 91.599998% 91.625000% 
network success rate top5 99.900002% 99.949997% 



epoch [5 1] from [10 5]
training time per iterations 1.148719[ms]
testing
testing done
network success rate top1 91.750000% 91.650002% 
network success rate top5 99.912498% 99.949997% 
saving best net in top 1
best net saved to line_network_9/trained/, with success rate 91.750000%



epoch [5 2] from [10 5]
training time per iterations 1.226844[ms]
testing
testing done
network success rate top1 91.812500% 91.599998% 
network success rate top5 99.900002% 99.949997% 
saving best net in top 1
best net saved to line_network_9/trained/, with success rate 91.812500%



epoch [5 3] from [10 5]
training time per iterations 1.198438[ms]
testing
testing done
network success rate top1 91.550003% 91.637497% 
network success rate top5 99.900002% 99.912498% 



epoch [5 4] from [10 5]
training time per iterations 1.237469[ms]
testing
testing done
network success rate top1 91.737503% 91.487503% 
network success rate top5 99.900002% 99.949997% 



epoch [6 0] from [10 5]
training time per iterations 1.175469[ms]
testing
testing done
network success rate top1 91.612503% 91.462502% 
network success rate top5 99.887497% 99.887497% 



epoch [6 1] from [10 5]
training time per iterations 1.359125[ms]
testing
testing done
network success rate top1 91.812500% 91.599998% 
network success rate top5 99.912498% 99.900002% 



epoch [6 2] from [10 5]
training time per iterations 1.232469[ms]
testing
testing done
network success rate top1 91.737503% 91.887497% 
network success rate top5 99.900002% 99.962502% 



epoch [6 3] from [10 5]
training time per iterations 1.235156[ms]
testing
testing done
network success rate top1 91.849998% 91.599998% 
network success rate top5 99.912498% 99.937500% 
saving best net in top 1
best net saved to line_network_9/trained/, with success rate 91.849998%



epoch [6 4] from [10 5]
training time per iterations 1.252906[ms]
testing
testing done
network success rate top1 91.787498% 92.025002% 
network success rate top5 99.912498% 99.974998% 



epoch [7 0] from [10 5]
training time per iterations 1.015625[ms]
testing
testing done
network success rate top1 91.800003% 91.562500% 
network success rate top5 99.937500% 99.962502% 



epoch [7 1] from [10 5]
training time per iterations 1.020063[ms]
testing
testing done
network success rate top1 91.750000% 91.650002% 
network success rate top5 99.849998% 99.862503% 



epoch [7 2] from [10 5]
training time per iterations 1.017313[ms]
testing
testing done
network success rate top1 91.800003% 92.337502% 
network success rate top5 99.900002% 99.912498% 



epoch [7 3] from [10 5]
training time per iterations 1.022812[ms]
testing
testing done
network success rate top1 91.762497% 92.000000% 
network success rate top5 99.912498% 99.949997% 



epoch [7 4] from [10 5]
training time per iterations 1.016969[ms]
testing
testing done
network success rate top1 91.962502% 91.550003% 
network success rate top5 99.925003% 99.949997% 
saving best net in top 1
best net saved to line_network_9/trained/, with success rate 91.962502%
setting learning rate to 0.000250



epoch [8 0] from [10 5]
training time per iterations 1.025906[ms]
testing
testing done
network success rate top1 91.912498% 91.925003% 
network success rate top5 99.912498% 99.937500% 



epoch [8 1] from [10 5]
training time per iterations 1.021625[ms]
testing
testing done
network success rate top1 91.800003% 91.750000% 
network success rate top5 99.925003% 99.912498% 



epoch [8 2] from [10 5]
training time per iterations 1.020281[ms]
testing
testing done
network success rate top1 91.837502% 91.175003% 
network success rate top5 99.912498% 99.887497% 



epoch [8 3] from [10 5]
training time per iterations 1.020000[ms]
testing
testing done
network success rate top1 92.012497% 92.387497% 
network success rate top5 99.900002% 99.962502% 
saving best net in top 1
best net saved to line_network_9/trained/, with success rate 92.012497%



epoch [8 4] from [10 5]
training time per iterations 1.018812[ms]
testing
testing done
network success rate top1 91.962502% 91.912498% 
network success rate top5 99.900002% 99.962502% 



epoch [9 0] from [10 5]
training time per iterations 1.019594[ms]
testing
testing done
network success rate top1 91.987503% 91.625000% 
network success rate top5 99.912498% 99.987503% 



epoch [9 1] from [10 5]
training time per iterations 1.023125[ms]
testing
testing done
network success rate top1 92.000000% 92.099998% 
network success rate top5 99.912498% 99.949997% 



epoch [9 2] from [10 5]
training time per iterations 1.015750[ms]
testing
testing done
network success rate top1 91.949997% 92.262497% 
network success rate top5 99.900002% 99.949997% 



epoch [9 3] from [10 5]
training time per iterations 1.017469[ms]
testing
testing done
network success rate top1 91.987503% 92.037498% 
network success rate top5 99.912498% 99.987503% 



epoch [9 4] from [10 5]
training time per iterations 1.018750[ms]
testing
testing done
network success rate top1 92.062500% 92.037498% 
network success rate top5 99.912498% 99.900002% 
saving best net in top 1
best net saved to line_network_9/trained/, with success rate 92.062500%
training done
