0.000000 0 0 93.057144 93.542854  100.000000 100.000000 
0.200000 0 1 93.642860 93.085716  100.000000 100.000000 
0.400000 0 2 93.742859 94.342857  100.000000 100.000000 
0.600000 0 3 94.228569 94.199997  100.000000 100.000000 
0.800000 0 4 94.271431 93.871429  100.000000 100.000000 
1.000000 1 0 94.257141 94.057144  100.000000 100.000000 
1.200000 1 1 94.271431 93.885712  100.000000 100.000000 
1.400000 1 2 94.099998 94.328575  100.000000 100.000000 
1.600000 1 3 94.342857 94.142860  100.000000 99.985718 
1.800000 1 4 94.614288 94.528572  100.000000 100.000000 
2.000000 2 0 94.485718 94.199997  100.000000 100.000000 
2.200000 2 1 94.271431 94.128571  100.000000 100.000000 
2.400000 2 2 94.485718 94.028572  100.000000 100.000000 
2.600000 2 3 93.914284 93.857140  100.000000 100.000000 
2.800000 2 4 94.542854 94.614288  100.000000 100.000000 
3.000000 3 0 94.699997 94.199997  100.000000 99.985718 
3.200000 3 1 94.699997 95.214287  100.000000 100.000000 
3.400000 3 2 94.785713 94.699997  100.000000 100.000000 
3.600000 3 3 94.800003 94.514282  100.000000 100.000000 
3.800000 3 4 94.599998 94.557144  99.985718 100.000000 
4.000000 4 0 94.414284 94.699997  100.000000 100.000000 
4.200000 4 1 94.214287 94.428574  100.000000 100.000000 
4.400000 4 2 94.557144 93.857140  100.000000 100.000000 
4.600000 4 3 94.271431 94.599998  99.985718 100.000000 
4.800000 4 4 94.714287 95.085716  100.000000 100.000000 
5.000000 5 0 94.699997 94.385712  100.000000 99.985718 
5.200000 5 1 94.800003 94.442856  100.000000 99.985718 
5.400000 5 2 94.800003 94.342857  99.985718 100.000000 
5.600000 5 3 94.842857 94.400002  100.000000 99.985718 
5.800000 5 4 94.571426 94.400002  100.000000 99.971428 
6.000000 6 0 94.885712 94.871429  100.000000 100.000000 
6.200000 6 1 94.842857 94.300003  100.000000 100.000000 
6.400000 6 2 94.699997 94.414284  100.000000 99.985718 
6.600000 6 3 94.628571 94.857140  100.000000 100.000000 
6.800000 6 4 94.814285 94.471428  99.985718 99.957146 
7.000000 7 0 94.642860 94.014282  100.000000 99.971428 
7.200000 7 1 94.557144 94.885712  100.000000 99.985718 
7.400000 7 2 94.928574 94.900002  100.000000 100.000000 
7.600000 7 3 94.842857 94.657143  100.000000 99.985718 
7.800000 7 4 94.599998 94.685715  100.000000 99.985718 
8.000000 8 0 94.928574 94.928574  100.000000 99.985718 
8.200000 8 1 94.714287 94.571426  100.000000 99.985718 
8.400000 8 2 94.928574 94.771431  100.000000 100.000000 
8.600000 8 3 94.785713 94.885712  100.000000 100.000000 
8.800000 8 4 94.857140 94.642860  100.000000 99.985718 
9.000000 9 0 94.814285 94.857140  100.000000 99.985718 
9.200000 9 1 94.942856 94.885712  100.000000 100.000000 
9.400000 9 2 94.771431 94.671425  100.000000 99.985718 
9.600000 9 3 94.971428 94.942856  100.000000 100.000000 
9.800000 9 4 94.757141 94.828575  100.000000 100.000000 
