testing accuracy 97.500000[%]
training accuracy   97.300003[%]



TESTING confussion matrix : 

      968        6        0        0        0
       14      975       14        0        0
        0       20      955       16        0
        0        0       22      997       26
        0        0        0        7      980

   98.574   97.403   96.367   97.745   97.416      


success count     4875
miss count         125
accuracy          97.5%
        
====================================================================================================




TRAINING confussion matrix : 

      976       12        0        0        0
       32      964       13        0        0
        0       14      959        8        0
        0        0       22      960       31
        0        0        0        3     1006

   96.825   97.374   96.479   98.867   97.011      


success count     4865
miss count         135
accuracy          97.3%
        
====================================================================================================




