0 0 0.000000 94.760002 94.779999
0 1 2.000000 95.660004 95.739998
0 2 4.000000 96.080002 96.099998
0 3 6.000000 96.540001 97.019997
0 4 8.000000 96.339996 96.480003
1 0 10.000000 96.699997 96.739998
1 1 12.000000 96.839996 96.980003
1 2 14.000000 96.699997 96.739998
1 3 16.000000 96.699997 96.580002
1 4 18.000000 97.000000 96.820000
2 0 20.000000 97.000000 97.139999
2 1 22.000000 97.019997 97.080002
2 2 24.000000 97.320000 97.120003
2 3 26.000000 97.099998 97.320000
2 4 28.000000 97.040001 96.320000
3 0 30.000000 96.900002 96.019997
3 1 32.000000 97.160004 96.879997
3 2 34.000000 97.260002 97.260002
3 3 36.000000 97.160004 97.059998
3 4 38.000000 97.199997 97.220001
4 0 40.000000 97.379997 96.980003
4 1 42.000000 97.339996 97.419998
4 2 44.000000 97.059998 97.239998
4 3 46.000000 97.180000 96.639999
4 4 48.000000 97.260002 97.040001
5 0 50.000000 97.160004 97.019997
5 1 52.000000 97.400002 97.220001
5 2 54.000000 97.059998 97.360001
5 3 56.000000 97.279999 97.239998
5 4 58.000000 97.239998 97.360001
6 0 60.000000 97.239998 97.400002
6 1 62.000000 97.279999 97.260002
6 2 64.000000 97.000000 97.019997
6 3 66.000000 97.440002 97.180000
6 4 68.000000 97.260002 97.139999
7 0 70.000000 97.160004 96.940002
7 1 72.000000 97.400002 96.940002
7 2 74.000000 97.360001 97.339996
7 3 76.000000 97.419998 96.860001
7 4 78.000000 97.360001 97.180000
8 0 80.000000 97.300003 97.160004
8 1 82.000000 97.419998 96.739998
8 2 84.000000 97.339996 97.540001
8 3 86.000000 97.500000 97.300003
8 4 88.000000 96.980003 97.099998
9 0 90.000000 97.199997 96.680000
9 1 92.000000 97.440002 97.220001
9 2 94.000000 97.339996 97.419998
9 3 96.000000 97.180000 97.220001
9 4 98.000000 97.220001 97.199997
