0.000000 0 0 69.242859 69.671425  99.771431 99.771431 
0.200000 0 1 69.028572 68.971428  99.657143 99.871429 
0.400000 0 2 74.028572 73.099998  99.714287 99.757141 
0.600000 0 3 71.742859 71.014282  99.742859 99.800003 
0.800000 0 4 71.828575 69.557144  99.771431 99.785713 
1.000000 1 0 75.257141 74.142860  99.785713 99.871429 
1.200000 1 1 69.471428 69.285713  99.814285 99.842857 
1.400000 1 2 75.085716 74.771431  99.828575 99.928574 
1.600000 1 3 72.300003 71.914284  99.842857 99.842857 
1.800000 1 4 75.157143 74.614288  99.857140 99.914284 
2.000000 2 0 69.314285 69.685715  99.814285 99.871429 
2.200000 2 1 77.871429 78.157143  99.800003 99.800003 
2.400000 2 2 71.842857 71.614288  99.871429 99.871429 
2.600000 2 3 70.014282 69.228569  99.842857 99.914284 
2.800000 2 4 69.914284 69.742859  99.857140 99.885712 
3.000000 3 0 75.814285 74.557144  99.814285 99.885712 
3.200000 3 1 73.599998 72.171425  99.800003 99.785713 
3.400000 3 2 76.857140 76.057144  99.885712 99.871429 
3.600000 3 3 70.771431 71.042854  99.828575 99.885712 
3.800000 3 4 77.657143 77.185715  99.842857 99.957146 
4.000000 4 0 79.971428 80.228569  99.857140 99.871429 
4.200000 4 1 76.514282 75.485718  99.814285 99.942856 
4.400000 4 2 71.699997 70.957146  99.814285 99.885712 
4.600000 4 3 73.500000 73.300003  99.771431 99.900002 
4.800000 4 4 70.285713 70.099998  99.814285 99.842857 
5.000000 5 0 73.671425 72.857140  99.814285 99.857140 
5.200000 5 1 74.114288 73.314285  99.842857 99.842857 
5.400000 5 2 71.285713 71.157143  99.742859 99.800003 
5.600000 5 3 70.157143 69.685715  99.771431 99.871429 
5.800000 5 4 71.285713 71.371429  99.871429 99.914284 
6.000000 6 0 78.171425 76.628571  99.828575 99.828575 
6.200000 6 1 73.742859 71.985718  99.728569 99.857140 
6.400000 6 2 70.400002 70.385712  99.785713 99.885712 
6.600000 6 3 76.542854 76.300003  99.814285 99.914284 
6.800000 6 4 74.028572 73.114288  99.714287 99.885712 
7.000000 7 0 79.585716 78.771431  99.800003 99.842857 
7.200000 7 1 79.985718 80.228569  99.785713 99.842857 
7.400000 7 2 72.485718 72.957146  99.857140 99.900002 
7.600000 7 3 74.442856 73.885712  99.885712 99.842857 
7.800000 7 4 73.971428 72.628571  99.857140 99.857140 
8.000000 8 0 61.528572 60.728573  86.042854 86.400002 
8.200000 8 1 80.771431 80.000000  99.842857 99.871429 
8.400000 8 2 61.814285 61.514286  86.828575 87.214287 
8.600000 8 3 81.314285 80.285713  99.857140 99.928574 
8.800000 8 4 62.328571 61.642857  88.957146 88.714287 
9.000000 9 0 80.585716 80.800003  99.842857 99.842857 
9.200000 9 1 61.842857 61.042858  89.242859 89.528572 
9.400000 9 2 79.285713 78.714287  99.785713 99.942856 
9.600000 9 3 62.457142 61.400002  94.028572 94.342857 
9.800000 9 4 80.785713 80.000000  99.814285 99.942856 
