initializing
training size    : 93434
testing size     : 10550
epoch count      : 5
sub epoch size   : 5

epoch_learning_rate_decay   : 8
learning_rate_decay         : 0.250000

training



epoch [0 0] from [5 5]
training time per iterations 1.691534[ms]
testing on 10550 items
testing done
average error 0.137802
standard deviation 0.111002
1sigma interval : 0.026800, 0.248804
2sigma interval : -0.084202, 0.359806
3sigma interval : -0.195204, 0.470808
saving best net
best net saved to line_scan_camera_network_0/trained/, with error = 0.137802, std = 0.111002



epoch [0 1] from [5 5]
training time per iterations 1.527668[ms]
testing on 10550 items
testing done
average error 0.132573
standard deviation 0.108377
1sigma interval : 0.024196, 0.240950
2sigma interval : -0.084181, 0.349327
3sigma interval : -0.192559, 0.457704
saving best net
best net saved to line_scan_camera_network_0/trained/, with error = 0.132573, std = 0.108377



epoch [0 2] from [5 5]
training time per iterations 1.629990[ms]
testing on 10550 items
testing done
average error 0.128944
standard deviation 0.107926
1sigma interval : 0.021017, 0.236870
2sigma interval : -0.086909, 0.344797
3sigma interval : -0.194835, 0.452723
saving best net
best net saved to line_scan_camera_network_0/trained/, with error = 0.128944, std = 0.107926



epoch [0 3] from [5 5]
training time per iterations 1.625227[ms]
testing on 10550 items
testing done
average error 0.126759
standard deviation 0.107771
1sigma interval : 0.018988, 0.234530
2sigma interval : -0.088782, 0.342301
3sigma interval : -0.196553, 0.450072
saving best net
best net saved to line_scan_camera_network_0/trained/, with error = 0.126759, std = 0.107771



epoch [0 4] from [5 5]
training time per iterations 1.424328[ms]
testing on 10550 items
testing done
average error 0.125181
standard deviation 0.107414
1sigma interval : 0.017768, 0.232595
2sigma interval : -0.089646, 0.340009
3sigma interval : -0.197060, 0.447423
saving best net
best net saved to line_scan_camera_network_0/trained/, with error = 0.125181, std = 0.107414



epoch [1 0] from [5 5]
