initializing
training size    : 40000
testing size     : 5000
epoch count      : 10
sub epoch size   : 5

epoch_learning_rate_decay   : 8
learning_rate_decay         : 0.250000
batch size                  : 40000

training



epoch [0 0] from [10 5]
training time per iterations 0.846125[ms]
testing
testing done
network success rate top1 87.199997% 85.980003% 
network success rate top5 100.000000% 100.000000% 
saving best net in top 1
best net saved to line_network_0/trained/, with success rate 87.199997%



epoch [0 1] from [10 5]
training time per iterations 0.785625[ms]
testing
testing done
network success rate top1 91.320000% 90.360001% 
network success rate top5 100.000000% 100.000000% 
saving best net in top 1
best net saved to line_network_0/trained/, with success rate 91.320000%



epoch [0 2] from [10 5]
training time per iterations 0.872625[ms]
testing
testing done
network success rate top1 92.800003% 92.459999% 
network success rate top5 100.000000% 100.000000% 
saving best net in top 1
best net saved to line_network_0/trained/, with success rate 92.800003%



epoch [0 3] from [10 5]
training time per iterations 0.746375[ms]
testing
testing done
network success rate top1 93.779999% 93.980003% 
network success rate top5 100.000000% 100.000000% 
saving best net in top 1
best net saved to line_network_0/trained/, with success rate 93.779999%



epoch [0 4] from [10 5]
training time per iterations 0.803750[ms]
testing
testing done
network success rate top1 94.339996% 94.540001% 
network success rate top5 100.000000% 100.000000% 
saving best net in top 1
best net saved to line_network_0/trained/, with success rate 94.339996%



epoch [1 0] from [10 5]
training time per iterations 0.749375[ms]
testing
testing done
network success rate top1 94.820000% 95.180000% 
network success rate top5 100.000000% 100.000000% 
saving best net in top 1
best net saved to line_network_0/trained/, with success rate 94.820000%



epoch [1 1] from [10 5]
training time per iterations 0.747250[ms]
testing
testing done
network success rate top1 94.900002% 95.040001% 
network success rate top5 100.000000% 100.000000% 
saving best net in top 1
best net saved to line_network_0/trained/, with success rate 94.900002%



epoch [1 2] from [10 5]
training time per iterations 0.753250[ms]
testing
testing done
network success rate top1 95.139999% 96.040001% 
network success rate top5 100.000000% 100.000000% 
saving best net in top 1
best net saved to line_network_0/trained/, with success rate 95.139999%



epoch [1 3] from [10 5]
training time per iterations 0.750250[ms]
testing
testing done
network success rate top1 95.239998% 94.940002% 
network success rate top5 100.000000% 100.000000% 
saving best net in top 1
best net saved to line_network_0/trained/, with success rate 95.239998%



epoch [1 4] from [10 5]
training time per iterations 0.977250[ms]
testing
testing done
network success rate top1 95.940002% 96.059998% 
network success rate top5 100.000000% 100.000000% 
saving best net in top 1
best net saved to line_network_0/trained/, with success rate 95.940002%



epoch [2 0] from [10 5]
training time per iterations 0.766875[ms]
testing
testing done
network success rate top1 95.959999% 95.980003% 
network success rate top5 100.000000% 100.000000% 
saving best net in top 1
best net saved to line_network_0/trained/, with success rate 95.959999%



epoch [2 1] from [10 5]
training time per iterations 0.811125[ms]
testing
testing done
network success rate top1 96.000000% 96.339996% 
network success rate top5 100.000000% 100.000000% 
saving best net in top 1
best net saved to line_network_0/trained/, with success rate 96.000000%



epoch [2 2] from [10 5]
training time per iterations 0.748375[ms]
testing
testing done
network success rate top1 96.260002% 96.279999% 
network success rate top5 100.000000% 100.000000% 
saving best net in top 1
best net saved to line_network_0/trained/, with success rate 96.260002%



epoch [2 3] from [10 5]
training time per iterations 0.820375[ms]
testing
testing done
network success rate top1 96.379997% 96.019997% 
network success rate top5 100.000000% 100.000000% 
saving best net in top 1
best net saved to line_network_0/trained/, with success rate 96.379997%



epoch [2 4] from [10 5]
training time per iterations 0.926375[ms]
testing
testing done
network success rate top1 96.540001% 96.480003% 
network success rate top5 100.000000% 100.000000% 
saving best net in top 1
best net saved to line_network_0/trained/, with success rate 96.540001%



epoch [3 0] from [10 5]
training time per iterations 0.883000[ms]
testing
testing done
network success rate top1 96.440002% 96.160004% 
network success rate top5 100.000000% 100.000000% 



epoch [3 1] from [10 5]
training time per iterations 0.911125[ms]
testing
testing done
network success rate top1 96.540001% 95.680000% 
network success rate top5 100.000000% 100.000000% 



epoch [3 2] from [10 5]
training time per iterations 0.795375[ms]
testing
testing done
network success rate top1 96.660004% 96.180000% 
network success rate top5 100.000000% 100.000000% 
saving best net in top 1
best net saved to line_network_0/trained/, with success rate 96.660004%



epoch [3 3] from [10 5]
training time per iterations 0.798625[ms]
testing
testing done
network success rate top1 96.839996% 96.379997% 
network success rate top5 100.000000% 100.000000% 
saving best net in top 1
best net saved to line_network_0/trained/, with success rate 96.839996%



epoch [3 4] from [10 5]
training time per iterations 0.851500[ms]
testing
testing done
network success rate top1 96.699997% 96.699997% 
network success rate top5 100.000000% 100.000000% 



epoch [4 0] from [10 5]
training time per iterations 0.794750[ms]
testing
testing done
network success rate top1 96.820000% 96.519997% 
network success rate top5 100.000000% 100.000000% 



epoch [4 1] from [10 5]
training time per iterations 0.817125[ms]
testing
testing done
network success rate top1 96.820000% 96.300003% 
network success rate top5 100.000000% 100.000000% 



epoch [4 2] from [10 5]
training time per iterations 0.975250[ms]
testing
testing done
network success rate top1 96.599998% 96.180000% 
network success rate top5 100.000000% 100.000000% 



epoch [4 3] from [10 5]
training time per iterations 0.744125[ms]
testing
testing done
network success rate top1 96.739998% 96.660004% 
network success rate top5 100.000000% 100.000000% 



epoch [4 4] from [10 5]
training time per iterations 0.797250[ms]
testing
testing done
network success rate top1 96.639999% 96.559998% 
network success rate top5 100.000000% 100.000000% 



epoch [5 0] from [10 5]
training time per iterations 0.896500[ms]
testing
testing done
network success rate top1 96.739998% 96.540001% 
network success rate top5 100.000000% 100.000000% 



epoch [5 1] from [10 5]
training time per iterations 0.917500[ms]
testing
testing done
network success rate top1 96.800003% 96.540001% 
network success rate top5 100.000000% 100.000000% 



epoch [5 2] from [10 5]
training time per iterations 0.923750[ms]
testing
testing done
network success rate top1 96.839996% 96.879997% 
network success rate top5 100.000000% 100.000000% 



epoch [5 3] from [10 5]
training time per iterations 0.870375[ms]
testing
testing done
network success rate top1 96.779999% 96.699997% 
network success rate top5 100.000000% 100.000000% 



epoch [5 4] from [10 5]
training time per iterations 0.840750[ms]
testing
testing done
network success rate top1 96.639999% 96.500000% 
network success rate top5 100.000000% 100.000000% 



epoch [6 0] from [10 5]
training time per iterations 0.770625[ms]
testing
testing done
network success rate top1 96.779999% 96.339996% 
network success rate top5 100.000000% 100.000000% 



epoch [6 1] from [10 5]
training time per iterations 0.893000[ms]
testing
testing done
network success rate top1 96.760002% 96.760002% 
network success rate top5 100.000000% 100.000000% 



epoch [6 2] from [10 5]
training time per iterations 0.815000[ms]
testing
testing done
network success rate top1 96.699997% 96.720001% 
network success rate top5 100.000000% 100.000000% 



epoch [6 3] from [10 5]
training time per iterations 0.921125[ms]
testing
testing done
network success rate top1 96.779999% 96.320000% 
network success rate top5 100.000000% 100.000000% 



epoch [6 4] from [10 5]
training time per iterations 0.848875[ms]
testing
testing done
network success rate top1 96.820000% 96.839996% 
network success rate top5 100.000000% 100.000000% 



epoch [7 0] from [10 5]
training time per iterations 0.789750[ms]
testing
testing done
network success rate top1 96.820000% 96.820000% 
network success rate top5 100.000000% 100.000000% 



epoch [7 1] from [10 5]
training time per iterations 0.790375[ms]
testing
testing done
network success rate top1 96.660004% 96.940002% 
network success rate top5 100.000000% 100.000000% 



epoch [7 2] from [10 5]
training time per iterations 0.795125[ms]
testing
testing done
network success rate top1 96.720001% 96.360001% 
network success rate top5 100.000000% 100.000000% 



epoch [7 3] from [10 5]
training time per iterations 0.800000[ms]
testing
testing done
network success rate top1 96.699997% 96.800003% 
network success rate top5 100.000000% 100.000000% 



epoch [7 4] from [10 5]
training time per iterations 0.857750[ms]
testing
testing done
network success rate top1 96.739998% 97.080002% 
network success rate top5 100.000000% 100.000000% 
setting learning rate to 0.000250



epoch [8 0] from [10 5]
training time per iterations 0.795875[ms]
testing
testing done
network success rate top1 96.800003% 97.000000% 
network success rate top5 100.000000% 100.000000% 



epoch [8 1] from [10 5]
training time per iterations 0.752625[ms]
testing
testing done
network success rate top1 96.760002% 96.220001% 
network success rate top5 100.000000% 100.000000% 



epoch [8 2] from [10 5]
training time per iterations 0.756250[ms]
testing
testing done
network success rate top1 96.820000% 96.580002% 
network success rate top5 100.000000% 100.000000% 



epoch [8 3] from [10 5]
training time per iterations 0.751500[ms]
testing
testing done
network success rate top1 96.860001% 96.620003% 
network success rate top5 100.000000% 100.000000% 
saving best net in top 1
best net saved to line_network_0/trained/, with success rate 96.860001%



epoch [8 4] from [10 5]
training time per iterations 0.813250[ms]
testing
testing done
network success rate top1 96.879997% 96.580002% 
network success rate top5 100.000000% 100.000000% 
saving best net in top 1
best net saved to line_network_0/trained/, with success rate 96.879997%



epoch [9 0] from [10 5]
training time per iterations 0.754750[ms]
testing
testing done
network success rate top1 96.800003% 96.919998% 
network success rate top5 100.000000% 100.000000% 



epoch [9 1] from [10 5]
training time per iterations 0.751125[ms]
testing
testing done
network success rate top1 96.800003% 96.959999% 
network success rate top5 100.000000% 100.000000% 



epoch [9 2] from [10 5]
training time per iterations 0.745750[ms]
testing
testing done
network success rate top1 96.699997% 96.980003% 
network success rate top5 100.000000% 100.000000% 



epoch [9 3] from [10 5]
training time per iterations 0.751125[ms]
testing
testing done
network success rate top1 96.739998% 96.580002% 
network success rate top5 100.000000% 100.000000% 



epoch [9 4] from [10 5]
training time per iterations 0.807250[ms]
testing
testing done
network success rate top1 96.779999% 96.440002% 
network success rate top5 100.000000% 100.000000% 
training done
