network init start

hyperparameters
init_weight_range 0.000000 ,xavier
learning_rate 0.001000
lambda1 0.000010
lambda2 0.000010
dropout 0.050000
minibatch size 32

         CONVOLUTION  [    8     8     1] [    3     3     4] [    8     8     4] [        36          4][      2560]
                RELU  [    8     8     4] [    1     1     1] [    8     8     4] [         0          0][       512]
         MAX POOLING  [    8     8     4] [    2     2     1] [    4     4     4] [         0          0][       512]
   DENSE CONVOLUTION  [    4     4     4] [    3     3     4] [    4     4     8] [       144          4][      2368]
                RELU  [    4     4     8] [    1     1     1] [    4     4     8] [         0          0][       256]
             DROPOUT  [    4     4     8] [    1     1     1] [    4     4     8] [         0          0][       256]
                  FC  [    4     4     8] [    1     1     5] [    1     1     5] [       640          5][      1290]

input_geometry  [8 8 1]
output_geometry [1 1 5]
network flops operations 7754 FLOPS, 0.000008 GFLOPS
init DONE

network destructor done
