0.000000 0 0 87.199997 85.980003  100.000000 100.000000 
0.200000 0 1 91.320000 90.360001  100.000000 100.000000 
0.400000 0 2 92.800003 92.459999  100.000000 100.000000 
0.600000 0 3 93.779999 93.980003  100.000000 100.000000 
0.800000 0 4 94.339996 94.540001  100.000000 100.000000 
1.000000 1 0 94.820000 95.180000  100.000000 100.000000 
1.200000 1 1 94.900002 95.040001  100.000000 100.000000 
1.400000 1 2 95.139999 96.040001  100.000000 100.000000 
1.600000 1 3 95.239998 94.940002  100.000000 100.000000 
1.800000 1 4 95.940002 96.059998  100.000000 100.000000 
2.000000 2 0 95.959999 95.980003  100.000000 100.000000 
2.200000 2 1 96.000000 96.339996  100.000000 100.000000 
2.400000 2 2 96.260002 96.279999  100.000000 100.000000 
2.600000 2 3 96.379997 96.019997  100.000000 100.000000 
2.800000 2 4 96.540001 96.480003  100.000000 100.000000 
3.000000 3 0 96.440002 96.160004  100.000000 100.000000 
3.200000 3 1 96.540001 95.680000  100.000000 100.000000 
3.400000 3 2 96.660004 96.180000  100.000000 100.000000 
3.600000 3 3 96.839996 96.379997  100.000000 100.000000 
3.800000 3 4 96.699997 96.699997  100.000000 100.000000 
4.000000 4 0 96.820000 96.519997  100.000000 100.000000 
4.200000 4 1 96.820000 96.300003  100.000000 100.000000 
4.400000 4 2 96.599998 96.180000  100.000000 100.000000 
4.600000 4 3 96.739998 96.660004  100.000000 100.000000 
4.800000 4 4 96.639999 96.559998  100.000000 100.000000 
5.000000 5 0 96.739998 96.540001  100.000000 100.000000 
5.200000 5 1 96.800003 96.540001  100.000000 100.000000 
5.400000 5 2 96.839996 96.879997  100.000000 100.000000 
5.600000 5 3 96.779999 96.699997  100.000000 100.000000 
5.800000 5 4 96.639999 96.500000  100.000000 100.000000 
6.000000 6 0 96.779999 96.339996  100.000000 100.000000 
6.200000 6 1 96.760002 96.760002  100.000000 100.000000 
6.400000 6 2 96.699997 96.720001  100.000000 100.000000 
6.600000 6 3 96.779999 96.320000  100.000000 100.000000 
6.800000 6 4 96.820000 96.839996  100.000000 100.000000 
7.000000 7 0 96.820000 96.820000  100.000000 100.000000 
7.200000 7 1 96.660004 96.940002  100.000000 100.000000 
7.400000 7 2 96.720001 96.360001  100.000000 100.000000 
7.600000 7 3 96.699997 96.800003  100.000000 100.000000 
7.800000 7 4 96.739998 97.080002  100.000000 100.000000 
8.000000 8 0 96.800003 97.000000  100.000000 100.000000 
8.200000 8 1 96.760002 96.220001  100.000000 100.000000 
8.400000 8 2 96.820000 96.580002  100.000000 100.000000 
8.600000 8 3 96.860001 96.620003  100.000000 100.000000 
8.800000 8 4 96.879997 96.580002  100.000000 100.000000 
9.000000 9 0 96.800003 96.919998  100.000000 100.000000 
9.200000 9 1 96.800003 96.959999  100.000000 100.000000 
9.400000 9 2 96.699997 96.980003  100.000000 100.000000 
9.600000 9 3 96.739998 96.580002  100.000000 100.000000 
9.800000 9 4 96.779999 96.440002  100.000000 100.000000 
