testing accuracy 97.580002[%]
training accuracy   97.239998[%]



TESTING confussion matrix : 

     1029       12        0        0        0
       14      911       18        0        0
        0       21      959        6        0
        0        0       21      968       18
        0        0        0       11     1012

   98.658   96.504   96.092   98.274   98.252      


success count     4879
miss count         121
accuracy         97.58%
        
====================================================================================================




TRAINING confussion matrix : 

     1002       13        0        0        0
       30      968       22        0        0
        0        8      934       10        0
        0        0       24      961       17
        0        0        0       14      997

   97.093   97.877   95.306   97.563   98.323      


success count     4862
miss count         138
accuracy         97.24%
        
====================================================================================================




