0 0 0.000000 92.639999 91.919998
0 1 2.000000 94.660004 94.500000
0 2 4.000000 96.180000 95.440002
0 3 6.000000 95.839996 95.940002
0 4 8.000000 96.279999 95.739998
1 0 10.000000 96.580002 96.540001
1 1 12.000000 96.800003 96.620003
1 2 14.000000 96.879997 96.660004
1 3 16.000000 96.680000 96.120003
1 4 18.000000 96.739998 96.599998
2 0 20.000000 96.919998 96.500000
2 1 22.000000 97.099998 96.860001
2 2 24.000000 97.279999 96.500000
2 3 26.000000 97.300003 96.900002
2 4 28.000000 97.320000 96.559998
3 0 30.000000 97.239998 97.220001
3 1 32.000000 97.419998 96.000000
3 2 34.000000 97.239998 96.440002
3 3 36.000000 97.139999 97.279999
3 4 38.000000 97.239998 96.639999
4 0 40.000000 97.320000 96.739998
4 1 42.000000 97.120003 96.839996
4 2 44.000000 97.400002 96.620003
4 3 46.000000 97.400002 96.739998
4 4 48.000000 97.480003 97.239998
5 0 50.000000 97.379997 96.980003
5 1 52.000000 97.279999 97.300003
5 2 54.000000 97.239998 96.660004
5 3 56.000000 97.519997 97.139999
5 4 58.000000 97.199997 97.000000
6 0 60.000000 97.320000 97.080002
6 1 62.000000 97.519997 96.820000
6 2 64.000000 97.419998 97.019997
6 3 66.000000 97.440002 96.980003
6 4 68.000000 97.339996 96.720001
7 0 70.000000 97.360001 96.760002
7 1 72.000000 97.339996 96.760002
7 2 74.000000 97.500000 96.860001
7 3 76.000000 97.480003 96.839996
7 4 78.000000 97.459999 96.699997
8 0 80.000000 97.580002 97.239998
8 1 82.000000 97.480003 97.120003
8 2 84.000000 97.559998 96.820000
8 3 86.000000 97.519997 97.120003
8 4 88.000000 97.480003 96.919998
9 0 90.000000 97.419998 96.660004
9 1 92.000000 97.500000 97.000000
9 2 94.000000 97.500000 97.260002
9 3 96.000000 97.239998 97.080002
9 4 98.000000 97.419998 96.980003
