initializing
training size    : 20000
testing size     : 2500
epoch count      : 10
sub epoch size   : 5

epoch_learning_rate_decay   : 8
learning_rate_decay         : 0.250000

training



epoch [0 0] from [10 5]
training time per iterations 1.549750[ms]
testing
testing done
network success rate top1 91.680000% 91.080002% 
network success rate top5 100.000000% 100.000000% 
saving best net in top 1
best net saved to line_network_0/trained/, with success rate 91.680000%



epoch [0 1] from [10 5]
training time per iterations 1.154000[ms]
testing
testing done
network success rate top1 91.760002% 92.080002% 
network success rate top5 100.000000% 100.000000% 
saving best net in top 1
best net saved to line_network_0/trained/, with success rate 91.760002%



epoch [0 2] from [10 5]
training time per iterations 1.606000[ms]
testing
testing done
network success rate top1 91.680000% 91.320000% 
network success rate top5 100.000000% 100.000000% 



epoch [0 3] from [10 5]
training time per iterations 1.263500[ms]
testing
testing done
network success rate top1 92.160004% 90.599998% 
network success rate top5 100.000000% 100.000000% 
saving best net in top 1
best net saved to line_network_0/trained/, with success rate 92.160004%



epoch [0 4] from [10 5]
training time per iterations 1.173750[ms]
testing
testing done
network success rate top1 92.599998% 92.480003% 
network success rate top5 100.000000% 100.000000% 
saving best net in top 1
best net saved to line_network_0/trained/, with success rate 92.599998%



epoch [1 0] from [10 5]
training time per iterations 1.207000[ms]
testing
testing done
network success rate top1 92.839996% 92.199997% 
network success rate top5 100.000000% 100.000000% 
saving best net in top 1
best net saved to line_network_0/trained/, with success rate 92.839996%



epoch [1 1] from [10 5]
training time per iterations 1.181500[ms]
testing
testing done
network success rate top1 91.839996% 92.760002% 
network success rate top5 100.000000% 100.000000% 



epoch [1 2] from [10 5]
training time per iterations 1.251500[ms]
testing
testing done
network success rate top1 93.040001% 92.080002% 
network success rate top5 100.000000% 100.000000% 
saving best net in top 1
best net saved to line_network_0/trained/, with success rate 93.040001%



epoch [1 3] from [10 5]
training time per iterations 1.484000[ms]
testing
testing done
network success rate top1 93.000000% 92.599998% 
network success rate top5 100.000000% 100.000000% 



epoch [1 4] from [10 5]
training time per iterations 1.235250[ms]
testing
testing done
network success rate top1 93.680000% 93.239998% 
network success rate top5 100.000000% 100.000000% 
saving best net in top 1
best net saved to line_network_0/trained/, with success rate 93.680000%



epoch [2 0] from [10 5]
training time per iterations 1.864500[ms]
testing
testing done
network success rate top1 92.559998% 92.919998% 
network success rate top5 100.000000% 100.000000% 



epoch [2 1] from [10 5]
training time per iterations 1.563250[ms]
testing
testing done
network success rate top1 93.599998% 93.120003% 
network success rate top5 100.000000% 100.000000% 



epoch [2 2] from [10 5]
training time per iterations 1.557750[ms]
testing
testing done
network success rate top1 93.120003% 92.480003% 
network success rate top5 100.000000% 100.000000% 



epoch [2 3] from [10 5]
training time per iterations 1.253250[ms]
testing
testing done
network success rate top1 93.040001% 92.279999% 
network success rate top5 100.000000% 100.000000% 



epoch [2 4] from [10 5]
training time per iterations 1.740500[ms]
testing
testing done
network success rate top1 92.800003% 92.239998% 
network success rate top5 100.000000% 100.000000% 



epoch [3 0] from [10 5]
training time per iterations 1.608000[ms]
testing
testing done
network success rate top1 93.519997% 93.199997% 
network success rate top5 100.000000% 100.000000% 



epoch [3 1] from [10 5]
training time per iterations 1.155000[ms]
testing
testing done
network success rate top1 93.440002% 93.239998% 
network success rate top5 100.000000% 100.000000% 



epoch [3 2] from [10 5]
training time per iterations 1.269500[ms]
testing
testing done
network success rate top1 94.040001% 93.599998% 
network success rate top5 100.000000% 100.000000% 
saving best net in top 1
best net saved to line_network_0/trained/, with success rate 94.040001%



epoch [3 3] from [10 5]
training time per iterations 1.408500[ms]
testing
testing done
network success rate top1 92.720001% 92.839996% 
network success rate top5 100.000000% 100.000000% 



epoch [3 4] from [10 5]
training time per iterations 1.167250[ms]
testing
testing done
network success rate top1 93.599998% 93.519997% 
network success rate top5 100.000000% 100.000000% 



epoch [4 0] from [10 5]
training time per iterations 1.164500[ms]
testing
testing done
network success rate top1 93.360001% 91.839996% 
network success rate top5 100.000000% 100.000000% 



epoch [4 1] from [10 5]
training time per iterations 1.168750[ms]
testing
testing done
network success rate top1 93.680000% 92.839996% 
network success rate top5 100.000000% 100.000000% 



epoch [4 2] from [10 5]
training time per iterations 1.167000[ms]
testing
testing done
network success rate top1 92.360001% 91.959999% 
network success rate top5 100.000000% 100.000000% 



epoch [4 3] from [10 5]
training time per iterations 1.156250[ms]
testing
testing done
network success rate top1 93.400002% 93.000000% 
network success rate top5 100.000000% 100.000000% 



epoch [4 4] from [10 5]
training time per iterations 1.132500[ms]
testing
testing done
network success rate top1 92.519997% 92.440002% 
network success rate top5 100.000000% 100.000000% 



epoch [5 0] from [10 5]
training time per iterations 1.586750[ms]
testing
testing done
network success rate top1 93.120003% 92.639999% 
network success rate top5 100.000000% 100.000000% 



epoch [5 1] from [10 5]
training time per iterations 1.412000[ms]
testing
testing done
network success rate top1 92.720001% 92.519997% 
network success rate top5 100.000000% 100.000000% 



epoch [5 2] from [10 5]
training time per iterations 1.690250[ms]
testing
testing done
network success rate top1 93.760002% 92.720001% 
network success rate top5 100.000000% 100.000000% 



epoch [5 3] from [10 5]
training time per iterations 1.206500[ms]
testing
testing done
network success rate top1 93.160004% 92.239998% 
network success rate top5 100.000000% 100.000000% 



epoch [5 4] from [10 5]
training time per iterations 1.594750[ms]
testing
testing done
network success rate top1 92.720001% 92.040001% 
network success rate top5 100.000000% 100.000000% 



epoch [6 0] from [10 5]
training time per iterations 1.278500[ms]
testing
testing done
network success rate top1 92.879997% 92.519997% 
network success rate top5 100.000000% 100.000000% 



epoch [6 1] from [10 5]
training time per iterations 1.680250[ms]
testing
testing done
network success rate top1 92.639999% 92.000000% 
network success rate top5 100.000000% 100.000000% 



epoch [6 2] from [10 5]
training time per iterations 1.232750[ms]
testing
testing done
network success rate top1 92.800003% 91.639999% 
network success rate top5 100.000000% 100.000000% 



epoch [6 3] from [10 5]
training time per iterations 1.584750[ms]
testing
testing done
network success rate top1 92.959999% 93.199997% 
network success rate top5 100.000000% 100.000000% 



epoch [6 4] from [10 5]
training time per iterations 1.558750[ms]
testing
testing done
network success rate top1 92.760002% 92.839996% 
network success rate top5 100.000000% 100.000000% 



epoch [7 0] from [10 5]
training time per iterations 1.501000[ms]
testing
testing done
network success rate top1 92.839996% 92.440002% 
network success rate top5 100.000000% 100.000000% 



epoch [7 1] from [10 5]
training time per iterations 1.758500[ms]
testing
testing done
network success rate top1 92.839996% 92.199997% 
network success rate top5 100.000000% 100.000000% 



epoch [7 2] from [10 5]
training time per iterations 1.219750[ms]
testing
testing done
network success rate top1 92.480003% 92.160004% 
network success rate top5 100.000000% 100.000000% 



epoch [7 3] from [10 5]
training time per iterations 1.872000[ms]
testing
testing done
network success rate top1 92.680000% 93.040001% 
network success rate top5 100.000000% 100.000000% 



epoch [7 4] from [10 5]
training time per iterations 1.338250[ms]
testing
testing done
network success rate top1 93.199997% 92.959999% 
network success rate top5 100.000000% 100.000000% 
setting learning rate to 0.000250



epoch [8 0] from [10 5]
training time per iterations 1.411750[ms]
testing
testing done
network success rate top1 93.239998% 91.959999% 
network success rate top5 100.000000% 100.000000% 



epoch [8 1] from [10 5]
training time per iterations 1.882000[ms]
testing
testing done
network success rate top1 92.760002% 92.279999% 
network success rate top5 100.000000% 100.000000% 



epoch [8 2] from [10 5]
training time per iterations 2.036500[ms]
testing
testing done
network success rate top1 92.440002% 93.120003% 
network success rate top5 100.000000% 100.000000% 



epoch [8 3] from [10 5]
training time per iterations 1.460000[ms]
testing
testing done
network success rate top1 93.000000% 92.199997% 
network success rate top5 100.000000% 100.000000% 



epoch [8 4] from [10 5]
training time per iterations 1.588500[ms]
testing
testing done
network success rate top1 92.839996% 93.199997% 
network success rate top5 100.000000% 100.000000% 



epoch [9 0] from [10 5]
training time per iterations 1.589000[ms]
testing
testing done
network success rate top1 92.720001% 91.279999% 
network success rate top5 100.000000% 100.000000% 



epoch [9 1] from [10 5]
training time per iterations 1.369000[ms]
testing
testing done
network success rate top1 92.639999% 92.680000% 
network success rate top5 100.000000% 100.000000% 



epoch [9 2] from [10 5]
training time per iterations 1.421500[ms]
testing
testing done
network success rate top1 92.879997% 92.160004% 
network success rate top5 100.000000% 100.000000% 



epoch [9 3] from [10 5]
training time per iterations 1.413000[ms]
testing
testing done
network success rate top1 93.080002% 93.120003% 
network success rate top5 100.000000% 100.000000% 



epoch [9 4] from [10 5]
training time per iterations 1.159500[ms]
testing
testing done
network success rate top1 93.519997% 94.199997% 
network success rate top5 100.000000% 100.000000% 
training done
