0.000000 0 0 61.900002 61.728573  99.685715 99.614288 
0.200000 0 1 68.314285 67.914284  99.571426 99.671425 
0.400000 0 2 67.757141 68.342857  99.528572 99.642860 
0.600000 0 3 66.071426 65.942856  99.599998 99.671425 
0.800000 0 4 62.085712 62.642857  99.728569 99.728569 
1.000000 1 0 69.000000 67.642860  99.671425 99.757141 
1.200000 1 1 62.171429 63.071430  99.628571 99.742859 
1.400000 1 2 63.571430 64.199997  99.671425 99.642860 
1.600000 1 3 65.071426 65.142860  99.628571 99.685715 
1.800000 1 4 64.942856 65.257141  99.628571 99.728569 
2.000000 2 0 71.057144 71.828575  99.728569 99.742859 
2.200000 2 1 65.000000 66.599998  99.614288 99.685715 
2.400000 2 2 71.657143 71.300003  99.528572 99.614288 
2.600000 2 3 64.085716 64.442856  99.585716 99.714287 
2.800000 2 4 69.571426 70.385712  99.542854 99.699997 
3.000000 3 0 73.099998 73.142860  99.571426 99.528572 
3.200000 3 1 70.114288 71.085716  99.557144 99.728569 
3.400000 3 2 70.400002 70.985718  99.571426 99.657143 
3.600000 3 3 73.942856 74.242859  99.599998 99.628571 
3.800000 3 4 74.528572 74.457146  99.599998 99.628571 
4.000000 4 0 75.242859 74.157143  99.557144 99.642860 
4.200000 4 1 74.685715 75.271431  99.357140 99.528572 
4.400000 4 2 75.714287 76.485718  99.614288 99.685715 
4.600000 4 3 76.471428 76.314285  99.571426 99.599998 
4.800000 4 4 75.528572 75.242859  99.671425 99.742859 
5.000000 5 0 77.614288 78.271431  99.485718 99.757141 
5.200000 5 1 75.042854 75.314285  99.642860 99.814285 
5.400000 5 2 74.342857 75.128571  99.671425 99.828575 
5.600000 5 3 75.214287 75.900002  99.771431 99.699997 
5.800000 5 4 75.242859 75.957146  99.500000 99.628571 
6.000000 6 0 74.171425 74.014282  99.699997 99.800003 
6.200000 6 1 75.371429 74.971428  99.457146 99.599998 
6.400000 6 2 74.071426 72.785713  99.557144 99.471428 
6.600000 6 3 73.828575 73.314285  99.699997 99.671425 
6.800000 6 4 74.528572 75.828575  99.428574 99.557144 
7.000000 7 0 76.314285 76.128571  99.599998 99.657143 
7.200000 7 1 75.114288 74.942856  99.485718 99.457146 
7.400000 7 2 75.542854 76.314285  99.414284 99.657143 
7.600000 7 3 75.457146 74.800003  99.628571 99.685715 
7.800000 7 4 75.914284 76.000000  99.314285 99.214287 
8.000000 8 0 16.857143 16.928572  72.714287 72.199997 
8.200000 8 1 53.985714 51.585712  99.485718 99.400002 
8.400000 8 2 34.742859 34.171429  71.757141 71.385712 
8.600000 8 3 40.271427 41.000000  99.557144 99.685715 
8.800000 8 4 41.400002 40.842857  71.699997 70.857140 
9.000000 9 0 36.842857 35.857143  99.257141 99.242859 
9.200000 9 1 44.542858 44.685715  71.614288 71.342857 
9.400000 9 2 38.628571 37.685715  99.242859 99.285713 
9.600000 9 3 46.371429 45.757141  72.157143 72.014282 
9.800000 9 4 41.371429 41.785713  99.199997 99.400002 
