0 -0.953333 2 0.000194
1 -0.933333 1 0.000097
2 -0.913332 0 0.000000
3 -0.893332 0 0.000000
4 -0.873332 3 0.000291
5 -0.853332 0 0.000000
6 -0.833332 1 0.000097
7 -0.813332 0 0.000000
8 -0.793332 1 0.000097
9 -0.773332 1 0.000097
10 -0.753332 1 0.000097
11 -0.733332 1 0.000097
12 -0.713331 3 0.000291
13 -0.693331 3 0.000291
14 -0.673331 2 0.000194
15 -0.653331 0 0.000000
16 -0.633331 0 0.000000
17 -0.613331 1 0.000097
18 -0.593331 3 0.000291
19 -0.573331 2 0.000194
20 -0.553331 2 0.000194
21 -0.533331 2 0.000194
22 -0.513330 3 0.000291
23 -0.493330 2 0.000194
24 -0.473330 7 0.000678
25 -0.453330 6 0.000581
26 -0.433330 3 0.000291
27 -0.413330 10 0.000968
28 -0.393330 9 0.000872
29 -0.373330 15 0.001453
30 -0.353330 16 0.001549
31 -0.333330 28 0.002712
32 -0.313330 64 0.006198
33 -0.293329 59 0.005714
34 -0.273329 72 0.006973
35 -0.253329 104 0.010072
36 -0.233329 123 0.011912
37 -0.213329 169 0.016366
38 -0.193329 231 0.022371
39 -0.173329 254 0.024598
40 -0.153329 350 0.033895
41 -0.133329 439 0.042514
42 -0.113329 483 0.046775
43 -0.093328 535 0.051811
44 -0.073328 546 0.052876
45 -0.053328 572 0.055394
46 -0.033328 597 0.057815
47 -0.013328 676 0.065466
48 0.006672 618 0.059849
49 0.026672 606 0.058687
50 0.046672 609 0.058977
51 0.066672 523 0.050649
52 0.086672 524 0.050746
53 0.106673 442 0.042805
54 0.126673 350 0.033895
55 0.146673 272 0.026341
56 0.166673 214 0.020724
57 0.186673 170 0.016463
58 0.206673 142 0.013752
59 0.226673 89 0.008619
60 0.246673 94 0.009103
61 0.266673 52 0.005036
62 0.286673 53 0.005133
63 0.306674 40 0.003874
64 0.326674 30 0.002905
65 0.346674 12 0.001162
66 0.366674 6 0.000581
67 0.386674 11 0.001065
68 0.406674 7 0.000678
69 0.426674 4 0.000387
70 0.446674 10 0.000968
71 0.466674 2 0.000194
72 0.486674 3 0.000291
73 0.506675 2 0.000194
74 0.526675 2 0.000194
75 0.546675 6 0.000581
76 0.566675 0 0.000000
77 0.586675 2 0.000194
78 0.606675 1 0.000097
79 0.626675 4 0.000387
80 0.646675 0 0.000000
81 0.666675 2 0.000194
82 0.686675 2 0.000194
83 0.706676 2 0.000194
84 0.726676 0 0.000000
85 0.746676 2 0.000194
86 0.766676 0 0.000000
87 0.786676 0 0.000000
88 0.806676 3 0.000291
89 0.826676 1 0.000097
90 0.846676 0 0.000000
91 0.866676 2 0.000194
92 0.886676 1 0.000097
93 0.906677 3 0.000291
94 0.926677 3 0.000291
95 0.946677 1 0.000097
96 0.966677 1 0.000097
97 0.986677 0 0.000000
98 1.006677 0 0.000000
99 1.026677 1 0.000097
