0 -1.229212 3 0.000291
1 -1.204504 4 0.000387
2 -1.179796 8 0.000775
3 -1.155088 21 0.002034
4 -1.130380 20 0.001937
5 -1.105672 31 0.003002
6 -1.080964 39 0.003777
7 -1.056256 46 0.004455
8 -1.031547 58 0.005617
9 -1.006839 80 0.007747
10 -0.982131 106 0.010265
11 -0.957423 111 0.010750
12 -0.932715 129 0.012493
13 -0.908007 178 0.017238
14 -0.883299 248 0.024017
15 -0.858591 212 0.020531
16 -0.833883 215 0.020821
17 -0.809175 192 0.018594
18 -0.784467 149 0.014430
19 -0.759758 103 0.009975
20 -0.735050 115 0.011137
21 -0.710342 90 0.008716
22 -0.685634 105 0.010169
23 -0.660926 98 0.009491
24 -0.636218 147 0.014236
25 -0.611510 108 0.010459
26 -0.586802 87 0.008425
27 -0.562094 118 0.011427
28 -0.537386 97 0.009394
29 -0.512677 116 0.011234
30 -0.487969 111 0.010750
31 -0.463261 121 0.011718
32 -0.438553 106 0.010265
33 -0.413845 108 0.010459
34 -0.389137 127 0.012299
35 -0.364429 145 0.014042
36 -0.339721 132 0.012783
37 -0.315013 121 0.011718
38 -0.290305 89 0.008619
39 -0.265597 77 0.007457
40 -0.240888 83 0.008038
41 -0.216180 86 0.008328
42 -0.191472 87 0.008425
43 -0.166764 112 0.010846
44 -0.142056 118 0.011427
45 -0.117348 128 0.012396
46 -0.092640 126 0.012202
47 -0.067932 109 0.010556
48 -0.043224 130 0.012590
49 -0.018516 86 0.008328
50 0.006192 117 0.011331
51 0.030901 146 0.014139
52 0.055609 134 0.012977
53 0.080317 132 0.012783
54 0.105025 134 0.012977
55 0.129733 124 0.012009
56 0.154441 68 0.006585
57 0.179149 56 0.005423
58 0.203857 70 0.006779
59 0.228565 87 0.008425
60 0.253273 121 0.011718
61 0.277981 104 0.010072
62 0.302690 102 0.009878
63 0.327398 107 0.010362
64 0.352106 123 0.011912
65 0.376814 98 0.009491
66 0.401522 87 0.008425
67 0.426230 108 0.010459
68 0.450938 95 0.009200
69 0.475646 93 0.009006
70 0.500354 109 0.010556
71 0.525062 117 0.011331
72 0.549770 117 0.011331
73 0.574479 106 0.010265
74 0.599187 98 0.009491
75 0.623895 113 0.010943
76 0.648603 101 0.009781
77 0.673311 106 0.010265
78 0.698019 132 0.012783
79 0.722727 145 0.014042
80 0.747435 136 0.013171
81 0.772143 158 0.015301
82 0.796851 183 0.017722
83 0.821560 206 0.019950
84 0.846268 159 0.015398
85 0.870976 161 0.015592
86 0.895684 146 0.014139
87 0.920392 109 0.010556
88 0.945100 132 0.012783
89 0.969808 99 0.009587
90 0.994516 57 0.005520
91 1.019224 57 0.005520
92 1.043932 63 0.006101
93 1.068640 50 0.004842
94 1.093349 43 0.004164
95 1.118057 39 0.003777
96 1.142765 24 0.002324
97 1.167473 10 0.000968
98 1.192181 7 0.000678
99 1.216889 1 0.000097
