testing accuracy 96.279999[%]
testing accuracy TOP 5 100.000000[%]
training accuracy   95.680000[%]
training accuracy TOP 5 100.000000[%]



TESTING confussion matrix : 

     1003       22        0        0        0
       19      951       13        0        0
        0       20      930       31        0
        0        0       22      929       40
        0        0        0       19     1001

   98.141    95.77   96.373   94.893   96.158      


success count     4814
miss count         186
accuracy         96.28%
        
====================================================================================================




TRAINING confussion matrix : 

      997       22        0        0        0
       27      949       30        0        0
        0       21      933       35        0
        0        0       19      947       40
        0        0        0       22      958

   97.363   95.665    95.01   94.323   95.992      


success count     4784
miss count         216
accuracy         95.68%
        
====================================================================================================




TESTING TOP 5 confussion matrix : 

     1022        0        0        0        0
        0      993        0        0        0
        0        0      965        0        0
        0        0        0      979        0
        0        0        0        0     1041

      100      100      100      100      100      


success count     5000
miss count           0
accuracy           100%
        
====================================================================================================




TRAINING TOP 5 confussion matrix : 

     1024        0        0        0        0
        0      992        0        0        0
        0        0      982        0        0
        0        0        0     1004        0
        0        0        0        0      998

      100      100      100      100      100      


success count     5000
miss count           0
accuracy           100%
        
====================================================================================================




