0 0 0.000000 81.699997 81.080002 100.000000 100.000000
0 1 2.000000 90.940002 90.680000 100.000000 100.000000
0 2 4.000000 91.980003 92.019997 100.000000 100.000000
0 3 6.000000 92.820000 92.019997 100.000000 100.000000
0 4 8.000000 93.860001 93.220001 100.000000 100.000000
1 0 10.000000 93.279999 93.699997 100.000000 100.000000
1 1 12.000000 93.879997 93.459999 100.000000 100.000000
1 2 14.000000 94.580002 93.320000 100.000000 100.000000
1 3 16.000000 94.339996 94.139999 100.000000 100.000000
1 4 18.000000 94.919998 94.339996 100.000000 100.000000
2 0 20.000000 94.820000 94.660004 100.000000 100.000000
2 1 22.000000 95.199997 94.480003 100.000000 100.000000
2 2 24.000000 95.180000 94.980003 100.000000 100.000000
2 3 26.000000 95.199997 94.779999 100.000000 100.000000
2 4 28.000000 95.559998 95.739998 100.000000 100.000000
3 0 30.000000 95.440002 95.540001 100.000000 100.000000
3 1 32.000000 95.739998 95.559998 100.000000 100.000000
3 2 34.000000 95.699997 94.959999 100.000000 100.000000
3 3 36.000000 95.519997 95.720001 100.000000 100.000000
3 4 38.000000 95.580002 95.220001 100.000000 100.000000
4 0 40.000000 95.639999 95.160004 100.000000 100.000000
4 1 42.000000 95.620003 95.459999 100.000000 100.000000
4 2 44.000000 95.720001 95.320000 100.000000 100.000000
4 3 46.000000 95.580002 95.620003 100.000000 100.000000
4 4 48.000000 95.580002 94.940002 100.000000 100.000000
5 0 50.000000 95.540001 94.959999 100.000000 100.000000
5 1 52.000000 95.660004 95.180000 100.000000 100.000000
5 2 54.000000 95.680000 95.379997 100.000000 100.000000
5 3 56.000000 95.660004 95.660004 100.000000 100.000000
5 4 58.000000 95.879997 95.599998 100.000000 100.000000
6 0 60.000000 95.559998 95.400002 100.000000 100.000000
6 1 62.000000 95.699997 95.820000 100.000000 100.000000
6 2 64.000000 95.720001 95.260002 100.000000 100.000000
6 3 66.000000 96.059998 95.820000 100.000000 100.000000
6 4 68.000000 95.839996 96.199997 100.000000 100.000000
7 0 70.000000 95.919998 95.820000 100.000000 100.000000
7 1 72.000000 95.660004 96.080002 100.000000 100.000000
7 2 74.000000 95.959999 95.620003 100.000000 100.000000
7 3 76.000000 95.800003 95.580002 100.000000 100.000000
7 4 78.000000 96.040001 95.800003 100.000000 100.000000
8 0 80.000000 96.040001 95.839996 100.000000 100.000000
8 1 82.000000 96.220001 95.720001 100.000000 100.000000
8 2 84.000000 95.940002 96.180000 100.000000 100.000000
8 3 86.000000 96.180000 96.000000 100.000000 100.000000
8 4 88.000000 95.940002 95.199997 100.000000 100.000000
9 0 90.000000 95.919998 95.879997 100.000000 100.000000
9 1 92.000000 96.199997 95.720001 100.000000 100.000000
9 2 94.000000 95.779999 95.800003 100.000000 100.000000
9 3 96.000000 96.279999 95.680000 100.000000 100.000000
9 4 98.000000 96.180000 95.860001 100.000000 100.000000
