initializing
training size    : 140000
testing size     : 7000
epoch count      : 10
sub epoch size   : 5

epoch_learning_rate_decay   : 8
learning_rate_decay         : 0.250000

training



epoch [0 0] from [10 5]
training time per iterations 0.898000[ms]
testing
testing done
network success rate top1 93.271431% 93.099998% 
network success rate top5 100.000000% 100.000000% 
saving best net in top 1
best net saved to line_network_3/trained/, with success rate 93.271431%



epoch [0 1] from [10 5]
training time per iterations 0.876250[ms]
testing
testing done
network success rate top1 93.414284% 93.171425% 
network success rate top5 100.000000% 100.000000% 
saving best net in top 1
best net saved to line_network_3/trained/, with success rate 93.414284%



epoch [0 2] from [10 5]
training time per iterations 0.908429[ms]
testing
testing done
network success rate top1 93.985718% 94.542854% 
network success rate top5 100.000000% 100.000000% 
saving best net in top 1
best net saved to line_network_3/trained/, with success rate 93.985718%



epoch [0 3] from [10 5]
training time per iterations 0.899393[ms]
testing
testing done
network success rate top1 93.714287% 93.628571% 
network success rate top5 100.000000% 100.000000% 



epoch [0 4] from [10 5]
training time per iterations 0.895714[ms]
testing
testing done
network success rate top1 94.028572% 93.957146% 
network success rate top5 100.000000% 99.985718% 
saving best net in top 1
best net saved to line_network_3/trained/, with success rate 94.028572%



epoch [1 0] from [10 5]
training time per iterations 0.893000[ms]
testing
testing done
network success rate top1 94.157143% 93.942856% 
network success rate top5 100.000000% 100.000000% 
saving best net in top 1
best net saved to line_network_3/trained/, with success rate 94.157143%



epoch [1 1] from [10 5]
training time per iterations 0.892036[ms]
testing
testing done
network success rate top1 94.114288% 94.214287% 
network success rate top5 100.000000% 100.000000% 



epoch [1 2] from [10 5]
training time per iterations 0.902107[ms]
testing
testing done
network success rate top1 94.099998% 94.028572% 
network success rate top5 100.000000% 100.000000% 



epoch [1 3] from [10 5]
training time per iterations 0.891250[ms]
testing
testing done
network success rate top1 94.142860% 94.114288% 
network success rate top5 100.000000% 100.000000% 



epoch [1 4] from [10 5]
training time per iterations 0.900893[ms]
testing
testing done
network success rate top1 94.214287% 93.671425% 
network success rate top5 100.000000% 100.000000% 
saving best net in top 1
best net saved to line_network_3/trained/, with success rate 94.214287%



epoch [2 0] from [10 5]
training time per iterations 0.904536[ms]
testing
testing done
network success rate top1 94.342857% 94.328575% 
network success rate top5 100.000000% 100.000000% 
saving best net in top 1
best net saved to line_network_3/trained/, with success rate 94.342857%



epoch [2 1] from [10 5]
training time per iterations 0.885214[ms]
testing
testing done
network success rate top1 94.371429% 94.385712% 
network success rate top5 100.000000% 100.000000% 
saving best net in top 1
best net saved to line_network_3/trained/, with success rate 94.371429%



epoch [2 2] from [10 5]
training time per iterations 0.898393[ms]
testing
testing done
network success rate top1 94.414284% 94.557144% 
network success rate top5 100.000000% 100.000000% 
saving best net in top 1
best net saved to line_network_3/trained/, with success rate 94.414284%



epoch [2 3] from [10 5]
training time per iterations 0.916714[ms]
testing
testing done
network success rate top1 94.257141% 93.400002% 
network success rate top5 100.000000% 100.000000% 



epoch [2 4] from [10 5]
training time per iterations 0.899000[ms]
testing
testing done
network success rate top1 94.428574% 94.199997% 
network success rate top5 100.000000% 100.000000% 
saving best net in top 1
best net saved to line_network_3/trained/, with success rate 94.428574%



epoch [3 0] from [10 5]
training time per iterations 0.885071[ms]
testing
testing done
network success rate top1 94.328575% 93.785713% 
network success rate top5 100.000000% 99.985718% 



epoch [3 1] from [10 5]
training time per iterations 0.896607[ms]
testing
testing done
network success rate top1 94.528572% 94.757141% 
network success rate top5 100.000000% 100.000000% 
saving best net in top 1
best net saved to line_network_3/trained/, with success rate 94.528572%



epoch [3 2] from [10 5]
training time per iterations 0.893357[ms]
testing
testing done
network success rate top1 94.314285% 94.071426% 
network success rate top5 100.000000% 99.985718% 



epoch [3 3] from [10 5]
training time per iterations 0.880393[ms]
testing
testing done
network success rate top1 94.657143% 93.985718% 
network success rate top5 100.000000% 100.000000% 
saving best net in top 1
best net saved to line_network_3/trained/, with success rate 94.657143%



epoch [3 4] from [10 5]
training time per iterations 0.904786[ms]
testing
testing done
network success rate top1 94.428574% 94.485718% 
network success rate top5 99.985718% 100.000000% 



epoch [4 0] from [10 5]
training time per iterations 0.901179[ms]
testing
testing done
network success rate top1 94.428574% 94.442856% 
network success rate top5 100.000000% 100.000000% 



epoch [4 1] from [10 5]
training time per iterations 0.887500[ms]
testing
testing done
network success rate top1 94.628571% 94.485718% 
network success rate top5 100.000000% 100.000000% 



epoch [4 2] from [10 5]
training time per iterations 0.904929[ms]
testing
testing done
network success rate top1 94.685715% 94.614288% 
network success rate top5 99.985718% 100.000000% 
saving best net in top 1
best net saved to line_network_3/trained/, with success rate 94.685715%



epoch [4 3] from [10 5]
training time per iterations 0.906214[ms]
testing
testing done
network success rate top1 94.685715% 94.014282% 
network success rate top5 100.000000% 100.000000% 



epoch [4 4] from [10 5]
training time per iterations 0.895071[ms]
testing
testing done
network success rate top1 94.957146% 94.257141% 
network success rate top5 100.000000% 100.000000% 
saving best net in top 1
best net saved to line_network_3/trained/, with success rate 94.957146%



epoch [5 0] from [10 5]
training time per iterations 0.896286[ms]
testing
testing done
network success rate top1 94.728569% 94.757141% 
network success rate top5 99.971428% 100.000000% 



epoch [5 1] from [10 5]
training time per iterations 0.901786[ms]
testing
testing done
network success rate top1 94.699997% 94.842857% 
network success rate top5 99.985718% 100.000000% 



epoch [5 2] from [10 5]
training time per iterations 0.892179[ms]
testing
testing done
network success rate top1 94.557144% 95.000000% 
network success rate top5 100.000000% 99.985718% 



epoch [5 3] from [10 5]
training time per iterations 0.886179[ms]
testing
testing done
network success rate top1 94.771431% 94.257141% 
network success rate top5 99.985718% 100.000000% 



epoch [5 4] from [10 5]
training time per iterations 0.899464[ms]
testing
testing done
network success rate top1 95.042854% 94.585716% 
network success rate top5 99.985718% 99.971428% 
saving best net in top 1
best net saved to line_network_3/trained/, with success rate 95.042854%



epoch [6 0] from [10 5]
training time per iterations 0.901643[ms]
testing
testing done
network success rate top1 94.771431% 94.599998% 
network success rate top5 100.000000% 100.000000% 



epoch [6 1] from [10 5]
training time per iterations 0.900893[ms]
testing
testing done
network success rate top1 94.557144% 94.471428% 
network success rate top5 99.985718% 99.971428% 



epoch [6 2] from [10 5]
training time per iterations 0.898286[ms]
testing
testing done
network success rate top1 94.842857% 94.842857% 
network success rate top5 99.971428% 100.000000% 



epoch [6 3] from [10 5]
training time per iterations 0.911036[ms]
testing
testing done
network success rate top1 94.985718% 94.000000% 
network success rate top5 100.000000% 99.971428% 



epoch [6 4] from [10 5]
training time per iterations 0.894607[ms]
testing
testing done
network success rate top1 94.699997% 94.428574% 
network success rate top5 100.000000% 100.000000% 



epoch [7 0] from [10 5]
training time per iterations 0.887679[ms]
testing
testing done
network success rate top1 94.642860% 94.800003% 
network success rate top5 99.957146% 99.985718% 



epoch [7 1] from [10 5]
training time per iterations 0.915250[ms]
testing
testing done
network success rate top1 94.971428% 94.500000% 
network success rate top5 99.942856% 99.971428% 



epoch [7 2] from [10 5]
training time per iterations 0.885643[ms]
testing
testing done
network success rate top1 94.685715% 93.900002% 
network success rate top5 99.985718% 100.000000% 



epoch [7 3] from [10 5]
training time per iterations 0.892786[ms]
testing
testing done
network success rate top1 94.885712% 94.557144% 
network success rate top5 99.942856% 99.971428% 



epoch [7 4] from [10 5]
training time per iterations 0.894786[ms]
testing
testing done
network success rate top1 94.671425% 95.042854% 
network success rate top5 100.000000% 99.971428% 
setting learning rate to 0.000250



epoch [8 0] from [10 5]
training time per iterations 0.886679[ms]
testing
testing done
network success rate top1 94.800003% 94.785713% 
network success rate top5 99.957146% 100.000000% 



epoch [8 1] from [10 5]
training time per iterations 0.892536[ms]
testing
testing done
network success rate top1 94.857140% 94.714287% 
network success rate top5 99.985718% 99.985718% 



epoch [8 2] from [10 5]
training time per iterations 0.907607[ms]
testing
testing done
network success rate top1 94.900002% 94.800003% 
network success rate top5 99.957146% 99.971428% 



epoch [8 3] from [10 5]
training time per iterations 0.908607[ms]
testing
testing done
network success rate top1 95.014282% 94.971428% 
network success rate top5 99.957146% 99.971428% 



epoch [8 4] from [10 5]
training time per iterations 0.884464[ms]
testing
testing done
network success rate top1 94.871429% 95.400002% 
network success rate top5 99.957146% 99.971428% 



epoch [9 0] from [10 5]
training time per iterations 0.920750[ms]
testing
testing done
network success rate top1 94.957146% 95.071426% 
network success rate top5 99.957146% 99.985718% 



epoch [9 1] from [10 5]
training time per iterations 0.889750[ms]
testing
testing done
network success rate top1 95.114288% 95.328575% 
network success rate top5 99.942856% 99.971428% 
saving best net in top 1
best net saved to line_network_3/trained/, with success rate 95.114288%



epoch [9 2] from [10 5]
training time per iterations 0.890357[ms]
testing
testing done
network success rate top1 94.928574% 94.985718% 
network success rate top5 99.957146% 100.000000% 



epoch [9 3] from [10 5]
training time per iterations 0.878321[ms]
testing
testing done
network success rate top1 94.857140% 94.500000% 
network success rate top5 99.957146% 99.985718% 



epoch [9 4] from [10 5]
training time per iterations 0.890750[ms]
testing
testing done
network success rate top1 94.942856% 95.000000% 
network success rate top5 99.971428% 99.957146% 
training done
