0.000000 0 0 59.262501 59.700001  99.937500 99.974998 
0.200000 0 1 47.900002 48.924999  99.974998 99.962502 
0.400000 0 2 60.549999 60.849998  99.987503 100.000000 
0.600000 0 3 55.250000 54.287498  99.987503 99.987503 
0.800000 0 4 60.487499 60.737499  99.987503 99.987503 
1.000000 1 0 64.587502 65.125000  99.887497 99.937500 
1.200000 1 1 64.650002 63.862499  99.987503 99.987503 
1.400000 1 2 58.325001 60.325001  99.949997 99.937500 
1.600000 1 3 63.662498 63.762501  99.974998 100.000000 
1.800000 1 4 61.724998 60.450001  99.987503 99.949997 
2.000000 2 0 56.825001 57.637501  99.962502 99.937500 
2.200000 2 1 72.937500 72.462502  99.987503 100.000000 
2.400000 2 2 66.312500 66.987503  99.987503 99.987503 
2.600000 2 3 70.349998 70.487503  99.987503 100.000000 
2.800000 2 4 72.562500 72.275002  99.949997 99.962502 
3.000000 3 0 73.962502 73.199997  99.974998 99.962502 
3.200000 3 1 65.012497 65.437500  99.949997 99.875000 
3.400000 3 2 72.462502 72.099998  100.000000 99.987503 
3.600000 3 3 69.250000 68.074997  99.962502 99.949997 
3.800000 3 4 60.762501 60.512501  99.962502 99.962502 
4.000000 4 0 76.449997 76.300003  99.962502 99.900002 
4.200000 4 1 76.800003 76.512497  99.974998 100.000000 
4.400000 4 2 71.699997 71.812500  99.962502 100.000000 
4.600000 4 3 76.000000 75.787498  99.949997 99.912498 
4.800000 4 4 76.750000 76.587502  99.937500 99.937500 
5.000000 5 0 81.612503 80.625000  99.987503 99.974998 
5.200000 5 1 75.099998 74.562500  100.000000 100.000000 
5.400000 5 2 75.400002 76.362503  99.949997 99.962502 
5.600000 5 3 74.550003 74.987503  99.962502 100.000000 
5.800000 5 4 79.562500 78.862503  99.962502 99.974998 
6.000000 6 0 80.212502 80.125000  99.949997 99.949997 
6.200000 6 1 81.275002 81.375000  99.887497 99.937500 
6.400000 6 2 75.175003 75.250000  99.937500 99.937500 
6.600000 6 3 76.050003 74.550003  99.937500 99.962502 
6.800000 6 4 77.974998 77.537498  99.849998 99.750000 
7.000000 7 0 81.699997 82.187500  99.925003 99.925003 
7.200000 7 1 76.775002 76.699997  99.862503 99.862503 
7.400000 7 2 77.637497 77.500000  99.862503 99.812500 
7.600000 7 3 71.275002 71.324997  99.974998 99.912498 
7.800000 7 4 80.849998 80.150002  99.487503 99.462502 
8.000000 8 0 45.637501 45.325001  86.387497 86.324997 
8.200000 8 1 24.625000 25.237499  80.037498 80.512497 
8.400000 8 2 19.575001 18.962500  71.900002 72.199997 
8.600000 8 3 15.062500 15.162500  68.512497 69.224998 
8.800000 8 4 14.587500 13.787500  66.212502 66.925003 
9.000000 9 0 14.287500 13.725000  65.500000 64.437500 
9.200000 9 1 14.062500 12.775000  64.574997 63.637501 
9.400000 9 2 13.675000 12.587500  62.650002 62.312500 
9.600000 9 3 13.600000 12.925000  62.462502 62.512501 
9.800000 9 4 13.525000 12.575000  63.450001 62.474998 
