0 -0.970828 2 0.000192
1 -0.950765 0 0.000000
2 -0.930702 1 0.000096
3 -0.910639 1 0.000096
4 -0.890576 4 0.000383
5 -0.870512 0 0.000000
6 -0.850449 0 0.000000
7 -0.830386 0 0.000000
8 -0.810323 0 0.000000
9 -0.790260 0 0.000000
10 -0.770197 0 0.000000
11 -0.750134 0 0.000000
12 -0.730071 2 0.000192
13 -0.710008 0 0.000000
14 -0.689945 0 0.000000
15 -0.669881 0 0.000000
16 -0.649818 0 0.000000
17 -0.629755 2 0.000192
18 -0.609692 1 0.000096
19 -0.589629 0 0.000000
20 -0.569566 2 0.000192
21 -0.549503 3 0.000287
22 -0.529440 3 0.000287
23 -0.509376 3 0.000287
24 -0.489313 3 0.000287
25 -0.469250 3 0.000287
26 -0.449187 1 0.000096
27 -0.429124 1 0.000096
28 -0.409061 2 0.000192
29 -0.388998 11 0.001054
30 -0.368935 5 0.000479
31 -0.348872 10 0.000958
32 -0.328808 17 0.001629
33 -0.308745 25 0.002395
34 -0.288682 35 0.003353
35 -0.268619 36 0.003449
36 -0.248556 41 0.003928
37 -0.228493 79 0.007568
38 -0.208430 105 0.010059
39 -0.188367 150 0.014371
40 -0.168303 176 0.016861
41 -0.148240 261 0.025005
42 -0.128177 337 0.032286
43 -0.108114 469 0.044932
44 -0.088051 585 0.056045
45 -0.067988 785 0.075206
46 -0.047925 809 0.077505
47 -0.027862 930 0.089098
48 -0.007799 938 0.089864
49 0.012264 894 0.085649
50 0.032328 792 0.075877
51 0.052391 703 0.067350
52 0.072454 639 0.061219
53 0.092517 405 0.038801
54 0.112580 298 0.028550
55 0.132643 242 0.023185
56 0.152706 158 0.015137
57 0.172769 90 0.008622
58 0.192832 82 0.007856
59 0.212896 69 0.006610
60 0.232959 66 0.006323
61 0.253022 37 0.003545
62 0.273085 29 0.002778
63 0.293148 16 0.001533
64 0.313211 13 0.001245
65 0.333274 10 0.000958
66 0.353337 11 0.001054
67 0.373401 4 0.000383
68 0.393464 5 0.000479
69 0.413527 6 0.000575
70 0.433590 1 0.000096
71 0.453653 3 0.000287
72 0.473716 3 0.000287
73 0.493779 2 0.000192
74 0.513842 0 0.000000
75 0.533906 1 0.000096
76 0.553969 1 0.000096
77 0.574032 0 0.000000
78 0.594095 1 0.000096
79 0.614158 0 0.000000
80 0.634221 3 0.000287
81 0.654284 0 0.000000
82 0.674347 1 0.000096
83 0.694410 2 0.000192
84 0.714473 1 0.000096
85 0.734537 0 0.000000
86 0.754600 0 0.000000
87 0.774663 0 0.000000
88 0.794726 0 0.000000
89 0.814789 1 0.000096
90 0.834852 0 0.000000
91 0.854915 0 0.000000
92 0.874978 0 0.000000
93 0.895041 2 0.000192
94 0.915105 2 0.000192
95 0.935168 4 0.000383
96 0.955231 1 0.000096
97 0.975294 0 0.000000
98 0.995357 1 0.000096
99 1.015420 1 0.000096
