0 0.000026 727 0.070405
1 0.010074 678 0.065660
2 0.020122 684 0.066241
3 0.030171 688 0.066628
4 0.040219 609 0.058977
5 0.050268 606 0.058687
6 0.060316 611 0.059171
7 0.070364 573 0.055491
8 0.080413 515 0.049874
9 0.090461 541 0.052392
10 0.100509 442 0.042805
11 0.110558 388 0.037575
12 0.120606 416 0.040287
13 0.130654 338 0.032733
14 0.140703 262 0.025373
15 0.150751 270 0.026148
16 0.160799 225 0.021790
17 0.170848 234 0.022661
18 0.180896 182 0.017625
19 0.190945 159 0.015398
20 0.200993 126 0.012202
21 0.211041 120 0.011621
22 0.221090 95 0.009200
23 0.231138 95 0.009200
24 0.241186 86 0.008328
25 0.251235 68 0.006585
26 0.261283 73 0.007070
27 0.271331 69 0.006682
28 0.281380 58 0.005617
29 0.291428 56 0.005423
30 0.301476 32 0.003099
31 0.311525 34 0.003293
32 0.321573 29 0.002808
33 0.331622 26 0.002518
34 0.341670 13 0.001259
35 0.351718 5 0.000484
36 0.361767 14 0.001356
37 0.371815 14 0.001356
38 0.381863 10 0.000968
39 0.391912 9 0.000872
40 0.401960 10 0.000968
41 0.412008 12 0.001162
42 0.422057 11 0.001065
43 0.432105 5 0.000484
44 0.442153 5 0.000484
45 0.452202 5 0.000484
46 0.462250 3 0.000291
47 0.472299 5 0.000484
48 0.482347 2 0.000194
49 0.492395 1 0.000097
50 0.502444 1 0.000097
51 0.512492 4 0.000387
52 0.522540 4 0.000387
53 0.532589 4 0.000387
54 0.542637 4 0.000387
55 0.552685 3 0.000291
56 0.562734 3 0.000291
57 0.572782 2 0.000194
58 0.582830 1 0.000097
59 0.592879 2 0.000194
60 0.602927 2 0.000194
61 0.612975 1 0.000097
62 0.623024 1 0.000097
63 0.633072 4 0.000387
64 0.643121 1 0.000097
65 0.653169 1 0.000097
66 0.663217 3 0.000291
67 0.673266 1 0.000097
68 0.683314 0 0.000000
69 0.693362 2 0.000194
70 0.703411 2 0.000194
71 0.713459 2 0.000194
72 0.723507 0 0.000000
73 0.733556 2 0.000194
74 0.743604 2 0.000194
75 0.753652 1 0.000097
76 0.763701 3 0.000291
77 0.773749 0 0.000000
78 0.783798 0 0.000000
79 0.793846 0 0.000000
80 0.803894 0 0.000000
81 0.813943 5 0.000484
82 0.823991 1 0.000097
83 0.834039 2 0.000194
84 0.844088 0 0.000000
85 0.854136 1 0.000097
86 0.864184 1 0.000097
87 0.874233 2 0.000194
88 0.884281 2 0.000194
89 0.894329 2 0.000194
90 0.904378 1 0.000097
91 0.914426 4 0.000387
92 0.924474 2 0.000194
93 0.934523 4 0.000387
94 0.944571 0 0.000000
95 0.954620 1 0.000097
96 0.964668 2 0.000194
97 0.974716 0 0.000000
98 0.984765 0 0.000000
99 0.994813 1 0.000097
