0 0.000000 6296 0.604919
1 0.010444 1609 0.154593
2 0.020888 857 0.082341
3 0.031331 511 0.049097
4 0.041775 280 0.026902
5 0.052219 185 0.017775
6 0.062663 152 0.014604
7 0.073106 119 0.011434
8 0.083550 85 0.008167
9 0.093994 64 0.006149
10 0.104438 33 0.003171
11 0.114881 37 0.003555
12 0.125325 19 0.001826
13 0.135769 15 0.001441
14 0.146213 13 0.001249
15 0.156656 2 0.000192
16 0.167100 4 0.000384
17 0.177544 8 0.000769
18 0.187988 6 0.000576
19 0.198431 9 0.000865
20 0.208875 6 0.000576
21 0.219319 5 0.000480
22 0.229763 6 0.000576
23 0.240206 4 0.000384
24 0.250650 6 0.000576
25 0.261094 2 0.000192
26 0.271538 2 0.000192
27 0.281981 1 0.000096
28 0.292425 1 0.000096
29 0.302869 9 0.000865
30 0.313313 1 0.000096
31 0.323756 1 0.000096
32 0.334200 2 0.000192
33 0.344644 2 0.000192
34 0.355088 1 0.000096
35 0.365531 5 0.000480
36 0.375975 2 0.000192
37 0.386419 2 0.000192
38 0.396863 1 0.000096
39 0.407306 1 0.000096
40 0.417750 3 0.000288
41 0.428194 2 0.000192
42 0.438638 0 0.000000
43 0.449081 0 0.000000
44 0.459525 0 0.000000
45 0.469969 1 0.000096
46 0.480413 2 0.000192
47 0.490856 0 0.000000
48 0.501300 1 0.000096
49 0.511744 1 0.000096
50 0.522188 3 0.000288
51 0.532631 1 0.000096
52 0.543075 0 0.000000
53 0.553519 2 0.000192
54 0.563963 0 0.000000
55 0.574406 2 0.000192
56 0.584850 0 0.000000
57 0.595294 1 0.000096
58 0.605738 1 0.000096
59 0.616181 0 0.000000
60 0.626625 2 0.000192
61 0.637069 1 0.000096
62 0.647513 1 0.000096
63 0.657956 1 0.000096
64 0.668400 0 0.000000
65 0.678844 2 0.000192
66 0.689288 1 0.000096
67 0.699731 0 0.000000
68 0.710175 1 0.000096
69 0.720619 1 0.000096
70 0.731063 1 0.000096
71 0.741506 1 0.000096
72 0.751950 0 0.000000
73 0.762394 0 0.000000
74 0.772838 1 0.000096
75 0.783281 2 0.000192
76 0.793725 1 0.000096
77 0.804169 0 0.000000
78 0.814613 0 0.000000
79 0.825056 0 0.000000
80 0.835500 1 0.000096
81 0.845944 1 0.000096
82 0.856388 0 0.000000
83 0.866831 0 0.000000
84 0.877275 0 0.000000
85 0.887719 1 0.000096
86 0.898163 1 0.000096
87 0.908606 1 0.000096
88 0.919050 0 0.000000
89 0.929494 0 0.000000
90 0.939938 0 0.000000
91 0.950382 0 0.000000
92 0.960825 0 0.000000
93 0.971269 1 0.000096
94 0.981713 1 0.000096
95 0.992157 0 0.000000
96 1.002600 0 0.000000
97 1.013044 0 0.000000
98 1.023488 0 0.000000
99 1.033931 1 0.000096
