0 -0.973989 2 0.000194
1 -0.954102 0 0.000000
2 -0.934215 0 0.000000
3 -0.914328 2 0.000194
4 -0.894441 1 0.000097
5 -0.874554 2 0.000194
6 -0.854667 1 0.000097
7 -0.834780 3 0.000291
8 -0.814893 0 0.000000
9 -0.795007 0 0.000000
10 -0.775120 2 0.000194
11 -0.755233 4 0.000387
12 -0.735346 2 0.000194
13 -0.715459 3 0.000291
14 -0.695572 0 0.000000
15 -0.675685 2 0.000194
16 -0.655798 2 0.000194
17 -0.635912 0 0.000000
18 -0.616025 2 0.000194
19 -0.596138 2 0.000194
20 -0.576251 0 0.000000
21 -0.556364 6 0.000581
22 -0.536477 4 0.000387
23 -0.516590 1 0.000097
24 -0.496703 3 0.000291
25 -0.476816 4 0.000387
26 -0.456930 7 0.000678
27 -0.437043 8 0.000775
28 -0.417156 9 0.000872
29 -0.397269 5 0.000484
30 -0.377382 17 0.001646
31 -0.357495 21 0.002034
32 -0.337608 31 0.003002
33 -0.317721 48 0.004648
34 -0.297835 69 0.006682
35 -0.277948 74 0.007166
36 -0.258061 78 0.007554
37 -0.238174 108 0.010459
38 -0.218287 136 0.013171
39 -0.198400 183 0.017722
40 -0.178513 232 0.022468
41 -0.158626 265 0.025663
42 -0.138739 374 0.036219
43 -0.118853 410 0.039706
44 -0.098966 457 0.044257
45 -0.079079 581 0.056266
46 -0.059192 598 0.057912
47 -0.039305 660 0.063916
48 -0.019418 678 0.065660
49 0.000469 712 0.068952
50 0.020356 694 0.067209
51 0.040243 613 0.059365
52 0.060129 605 0.058590
53 0.080016 561 0.054329
54 0.099903 444 0.042998
55 0.119790 374 0.036219
56 0.139677 270 0.026148
57 0.159564 237 0.022952
58 0.179451 164 0.015882
59 0.199338 119 0.011524
60 0.219224 85 0.008232
61 0.239111 80 0.007747
62 0.258998 72 0.006973
63 0.278885 44 0.004261
64 0.298772 27 0.002615
65 0.318659 17 0.001646
66 0.338546 11 0.001065
67 0.358433 8 0.000775
68 0.378320 13 0.001259
69 0.398206 13 0.001259
70 0.418093 9 0.000872
71 0.437980 5 0.000484
72 0.457867 5 0.000484
73 0.477754 1 0.000097
74 0.497641 1 0.000097
75 0.517528 5 0.000484
76 0.537415 2 0.000194
77 0.557301 4 0.000387
78 0.577188 2 0.000194
79 0.597075 1 0.000097
80 0.616962 3 0.000291
81 0.636849 3 0.000291
82 0.656736 2 0.000194
83 0.676623 0 0.000000
84 0.696510 1 0.000097
85 0.716397 0 0.000000
86 0.736283 1 0.000097
87 0.756170 1 0.000097
88 0.776057 0 0.000000
89 0.795944 1 0.000097
90 0.815831 2 0.000194
91 0.835718 1 0.000097
92 0.855605 0 0.000000
93 0.875492 3 0.000291
94 0.895378 1 0.000097
95 0.915265 6 0.000581
96 0.935152 4 0.000387
97 0.955039 1 0.000097
98 0.974926 0 0.000000
99 0.994813 1 0.000097
