0 -0.996000 153 0.014700
1 -0.975960 416 0.039969
2 -0.955919 319 0.030649
3 -0.935879 252 0.024212
4 -0.915838 18 0.001729
5 -0.895798 0 0.000000
6 -0.875758 37 0.003555
7 -0.855717 142 0.013643
8 -0.835677 320 0.030746
9 -0.815636 126 0.012106
10 -0.795596 67 0.006437
11 -0.775556 74 0.007110
12 -0.755515 66 0.006341
13 -0.735475 66 0.006341
14 -0.715434 82 0.007879
15 -0.695394 117 0.011241
16 -0.675354 119 0.011434
17 -0.655313 88 0.008455
18 -0.635273 43 0.004131
19 -0.615232 160 0.015373
20 -0.595192 117 0.011241
21 -0.575152 89 0.008551
22 -0.555111 82 0.007879
23 -0.535071 97 0.009320
24 -0.515030 136 0.013067
25 -0.494990 81 0.007782
26 -0.474949 86 0.008263
27 -0.454909 83 0.007975
28 -0.434869 115 0.011049
29 -0.414828 94 0.009032
30 -0.394788 72 0.006918
31 -0.374747 62 0.005957
32 -0.354707 94 0.009032
33 -0.334667 81 0.007782
34 -0.314626 80 0.007686
35 -0.294586 79 0.007590
36 -0.274545 49 0.004708
37 -0.254505 46 0.004420
38 -0.234465 63 0.006053
39 -0.214424 39 0.003747
40 -0.194384 44 0.004228
41 -0.174343 55 0.005284
42 -0.154303 49 0.004708
43 -0.134263 64 0.006149
44 -0.114222 58 0.005573
45 -0.094182 64 0.006149
46 -0.074141 103 0.009896
47 -0.054101 173 0.016622
48 -0.034061 163 0.015661
49 -0.014020 164 0.015757
50 0.006020 128 0.012298
51 0.026061 225 0.021618
52 0.046101 101 0.009704
53 0.066141 76 0.007302
54 0.086182 41 0.003939
55 0.106222 66 0.006341
56 0.126263 49 0.004708
57 0.146303 38 0.003651
58 0.166343 49 0.004708
59 0.186384 40 0.003843
60 0.206424 45 0.004324
61 0.226465 58 0.005573
62 0.246505 38 0.003651
63 0.266545 83 0.007975
64 0.286586 88 0.008455
65 0.306626 82 0.007879
66 0.326667 73 0.007014
67 0.346707 80 0.007686
68 0.366747 43 0.004131
69 0.386788 92 0.008839
70 0.406828 126 0.012106
71 0.426869 93 0.008935
72 0.446909 89 0.008551
73 0.466950 85 0.008167
74 0.486990 146 0.014028
75 0.507030 87 0.008359
76 0.527071 85 0.008167
77 0.547111 108 0.010377
78 0.567151 78 0.007494
79 0.587192 145 0.013932
80 0.607232 95 0.009128
81 0.627273 66 0.006341
82 0.647313 138 0.013259
83 0.667354 118 0.011337
84 0.687394 85 0.008167
85 0.707434 98 0.009416
86 0.727475 69 0.006630
87 0.747515 92 0.008839
88 0.767556 76 0.007302
89 0.787596 131 0.012586
90 0.807636 183 0.017583
91 0.827677 259 0.024885
92 0.847717 62 0.005957
93 0.867758 10 0.000961
94 0.887798 0 0.000000
95 0.907838 195 0.018736
96 0.927879 271 0.026038
97 0.947919 352 0.033820
98 0.967960 317 0.030457
99 0.988000 7 0.000673
