0 -1.213767 4 0.000387
1 -1.188357 10 0.000968
2 -1.162947 16 0.001549
3 -1.137537 32 0.003099
4 -1.112127 59 0.005714
5 -1.086716 32 0.003099
6 -1.061306 61 0.005907
7 -1.035896 63 0.006101
8 -1.010486 76 0.007360
9 -0.985075 100 0.009684
10 -0.959665 110 0.010653
11 -0.934255 96 0.009297
12 -0.908845 179 0.017335
13 -0.883435 159 0.015398
14 -0.858024 184 0.017819
15 -0.832614 162 0.015689
16 -0.807204 186 0.018013
17 -0.781794 176 0.017044
18 -0.756383 143 0.013849
19 -0.730973 124 0.012009
20 -0.705563 172 0.016657
21 -0.680153 147 0.014236
22 -0.654743 108 0.010459
23 -0.629332 131 0.012686
24 -0.603922 121 0.011718
25 -0.578512 136 0.013171
26 -0.553102 102 0.009878
27 -0.527692 105 0.010169
28 -0.502281 117 0.011331
29 -0.476871 122 0.011815
30 -0.451461 104 0.010072
31 -0.426051 114 0.011040
32 -0.400640 123 0.011912
33 -0.375230 129 0.012493
34 -0.349820 89 0.008619
35 -0.324410 99 0.009587
36 -0.299000 83 0.008038
37 -0.273589 68 0.006585
38 -0.248179 70 0.006779
39 -0.222769 103 0.009975
40 -0.197359 113 0.010943
41 -0.171948 123 0.011912
42 -0.146538 140 0.013558
43 -0.121128 165 0.015979
44 -0.095718 142 0.013752
45 -0.070308 120 0.011621
46 -0.044897 111 0.010750
47 -0.019487 141 0.013655
48 0.005923 133 0.012880
49 0.031333 147 0.014236
50 0.056744 142 0.013752
51 0.082154 114 0.011040
52 0.107564 123 0.011912
53 0.132974 88 0.008522
54 0.158384 85 0.008232
55 0.183795 83 0.008038
56 0.209205 85 0.008232
57 0.234615 103 0.009975
58 0.260025 118 0.011427
59 0.285435 84 0.008135
60 0.310846 81 0.007844
61 0.336256 108 0.010459
62 0.361666 114 0.011040
63 0.387076 112 0.010846
64 0.412487 115 0.011137
65 0.437897 127 0.012299
66 0.463307 118 0.011427
67 0.488717 87 0.008425
68 0.514127 104 0.010072
69 0.539538 98 0.009491
70 0.564948 100 0.009684
71 0.590358 113 0.010943
72 0.615768 93 0.009006
73 0.641178 133 0.012880
74 0.666589 102 0.009878
75 0.691999 142 0.013752
76 0.717409 123 0.011912
77 0.742819 163 0.015785
78 0.768230 159 0.015398
79 0.793640 191 0.018497
80 0.819050 220 0.021305
81 0.844460 182 0.017625
82 0.869871 209 0.020240
83 0.895281 148 0.014333
84 0.920691 134 0.012977
85 0.946101 94 0.009103
86 0.971511 75 0.007263
87 0.996922 57 0.005520
88 1.022332 50 0.004842
89 1.047742 41 0.003971
90 1.073152 45 0.004358
91 1.098562 34 0.003293
92 1.123973 35 0.003390
93 1.149383 17 0.001646
94 1.174793 10 0.000968
95 1.200203 10 0.000968
96 1.225613 5 0.000484
97 1.251024 0 0.000000
98 1.276434 1 0.000097
99 1.301844 1 0.000097
