0 -1.000000 76 0.007360
1 -0.979838 394 0.038156
2 -0.959677 323 0.031280
3 -0.939515 265 0.025663
4 -0.919354 73 0.007070
5 -0.899192 0 0.000000
6 -0.879030 40 0.003874
7 -0.858869 133 0.012880
8 -0.838707 263 0.025470
9 -0.818545 160 0.015495
10 -0.798384 100 0.009684
11 -0.778222 82 0.007941
12 -0.758061 82 0.007941
13 -0.737899 78 0.007554
14 -0.717737 88 0.008522
15 -0.697576 119 0.011524
16 -0.677414 98 0.009491
17 -0.657252 100 0.009684
18 -0.637091 65 0.006295
19 -0.616929 181 0.017529
20 -0.596768 119 0.011524
21 -0.576606 100 0.009684
22 -0.556444 74 0.007166
23 -0.536283 92 0.008910
24 -0.516121 132 0.012783
25 -0.495960 68 0.006585
26 -0.475798 85 0.008232
27 -0.455636 97 0.009394
28 -0.435475 123 0.011912
29 -0.415313 97 0.009394
30 -0.395151 66 0.006392
31 -0.374990 51 0.004939
32 -0.354828 79 0.007651
33 -0.334667 88 0.008522
34 -0.314505 95 0.009200
35 -0.294343 83 0.008038
36 -0.274182 53 0.005133
37 -0.254020 43 0.004164
38 -0.233859 39 0.003777
39 -0.213697 45 0.004358
40 -0.193535 40 0.003874
41 -0.173374 56 0.005423
42 -0.153212 55 0.005326
43 -0.133050 90 0.008716
44 -0.112889 55 0.005326
45 -0.092727 48 0.004648
46 -0.072566 92 0.008910
47 -0.052404 171 0.016560
48 -0.032242 159 0.015398
49 -0.012081 156 0.015107
50 0.008081 134 0.012977
51 0.028242 159 0.015398
52 0.048404 102 0.009878
53 0.068566 76 0.007360
54 0.088727 53 0.005133
55 0.108889 76 0.007360
56 0.129051 42 0.004067
57 0.149212 48 0.004648
58 0.169374 53 0.005133
59 0.189535 61 0.005907
60 0.209697 53 0.005133
61 0.229859 52 0.005036
62 0.250020 51 0.004939
63 0.270182 54 0.005230
64 0.290344 80 0.007747
65 0.310505 75 0.007263
66 0.330667 92 0.008910
67 0.350828 61 0.005907
68 0.370990 51 0.004939
69 0.391152 107 0.010362
70 0.411313 132 0.012783
71 0.431475 97 0.009394
72 0.451636 68 0.006585
73 0.471798 72 0.006973
74 0.491960 112 0.010846
75 0.512121 73 0.007070
76 0.532283 102 0.009878
77 0.552445 116 0.011234
78 0.572606 100 0.009684
79 0.592768 155 0.015011
80 0.612929 74 0.007166
81 0.633091 81 0.007844
82 0.653253 100 0.009684
83 0.673414 111 0.010750
84 0.693576 81 0.007844
85 0.713737 88 0.008522
86 0.733899 105 0.010169
87 0.754061 86 0.008328
88 0.774222 77 0.007457
89 0.794384 115 0.011137
90 0.814546 261 0.025276
91 0.834707 203 0.019659
92 0.854869 45 0.004358
93 0.875030 0 0.000000
94 0.895192 20 0.001937
95 0.915354 267 0.025857
96 0.935515 321 0.031087
97 0.955677 377 0.036510
98 0.975839 136 0.013171
99 0.996000 0 0.000000
