0 -1.171854 1 0.000096
1 -1.148107 0 0.000000
2 -1.124361 4 0.000383
3 -1.100614 14 0.001341
4 -1.076868 24 0.002299
5 -1.053121 57 0.005461
6 -1.029375 51 0.004886
7 -1.005628 74 0.007089
8 -0.981882 103 0.009868
9 -0.958135 164 0.015712
10 -0.934389 159 0.015233
11 -0.910642 192 0.018394
12 -0.886895 170 0.016287
13 -0.863149 153 0.014658
14 -0.839402 179 0.017149
15 -0.815656 181 0.017340
16 -0.791909 154 0.014754
17 -0.768163 145 0.013892
18 -0.744416 139 0.013317
19 -0.720670 108 0.010347
20 -0.696923 134 0.012838
21 -0.673176 121 0.011592
22 -0.649430 117 0.011209
23 -0.625683 155 0.014850
24 -0.601937 124 0.011880
25 -0.578190 121 0.011592
26 -0.554444 94 0.009006
27 -0.530697 92 0.008814
28 -0.506950 113 0.010826
29 -0.483204 123 0.011784
30 -0.459457 107 0.010251
31 -0.435711 92 0.008814
32 -0.411964 74 0.007089
33 -0.388218 72 0.006898
34 -0.364471 65 0.006227
35 -0.340725 98 0.009389
36 -0.316978 87 0.008335
37 -0.293232 95 0.009101
38 -0.269485 83 0.007952
39 -0.245738 85 0.008143
40 -0.221992 141 0.013508
41 -0.198245 120 0.011496
42 -0.174499 101 0.009676
43 -0.150752 104 0.009964
44 -0.127006 100 0.009580
45 -0.103259 132 0.012646
46 -0.079513 144 0.013796
47 -0.055766 139 0.013317
48 -0.032019 115 0.011017
49 -0.008273 109 0.010443
50 0.015474 124 0.011880
51 0.039220 121 0.011592
52 0.062967 118 0.011305
53 0.086713 100 0.009580
54 0.110460 92 0.008814
55 0.134206 103 0.009868
56 0.157953 75 0.007185
57 0.181700 68 0.006515
58 0.205446 83 0.007952
59 0.229193 102 0.009772
60 0.252939 144 0.013796
61 0.276686 91 0.008718
62 0.300432 98 0.009389
63 0.324179 88 0.008431
64 0.347925 73 0.006994
65 0.371672 84 0.008048
66 0.395419 87 0.008335
67 0.419165 100 0.009580
68 0.442912 103 0.009868
69 0.466658 102 0.009772
70 0.490405 71 0.006802
71 0.514151 93 0.008910
72 0.537898 98 0.009389
73 0.561644 96 0.009197
74 0.585391 119 0.011401
75 0.609138 130 0.012454
76 0.632884 129 0.012359
77 0.656631 143 0.013700
78 0.680377 123 0.011784
79 0.704124 148 0.014179
80 0.727870 144 0.013796
81 0.751617 145 0.013892
82 0.775363 154 0.014754
83 0.799110 156 0.014945
84 0.822857 149 0.014275
85 0.846603 172 0.016478
86 0.870350 169 0.016191
87 0.894096 199 0.019065
88 0.917843 179 0.017149
89 0.941589 159 0.015233
90 0.965336 133 0.012742
91 0.989082 98 0.009389
92 1.012829 53 0.005078
93 1.036576 42 0.004024
94 1.060322 25 0.002395
95 1.084069 15 0.001437
96 1.107815 7 0.000671
97 1.131562 3 0.000287
98 1.155308 0 0.000000
99 1.179055 1 0.000096
