initializing
training size    : 140000
testing size     : 7000
epoch count      : 10
sub epoch size   : 5

epoch_learning_rate_decay   : 8
learning_rate_decay         : 0.250000

training



epoch [0 0] from [10 5]
training time per iterations 0.966893[ms]
testing
testing done
network success rate top1 89.542854% 90.242859% 
network success rate top5 100.000000% 100.000000% 
saving best net in top 1
best net saved to line_network_8/trained/, with success rate 89.542854%



epoch [0 1] from [10 5]
training time per iterations 0.959536[ms]
testing
testing done
network success rate top1 90.785713% 90.814285% 
network success rate top5 100.000000% 100.000000% 
saving best net in top 1
best net saved to line_network_8/trained/, with success rate 90.785713%



epoch [0 2] from [10 5]
training time per iterations 0.965393[ms]
testing
testing done
network success rate top1 91.300003% 90.742859% 
network success rate top5 100.000000% 100.000000% 
saving best net in top 1
best net saved to line_network_8/trained/, with success rate 91.300003%



epoch [0 3] from [10 5]
training time per iterations 0.976536[ms]
testing
testing done
network success rate top1 91.842857% 91.842857% 
network success rate top5 99.985718% 100.000000% 
saving best net in top 1
best net saved to line_network_8/trained/, with success rate 91.842857%



epoch [0 4] from [10 5]
training time per iterations 0.977750[ms]
testing
testing done
network success rate top1 92.171425% 92.271431% 
network success rate top5 99.971428% 100.000000% 
saving best net in top 1
best net saved to line_network_8/trained/, with success rate 92.171425%



epoch [1 0] from [10 5]
training time per iterations 0.972000[ms]
testing
testing done
network success rate top1 92.214287% 92.285713% 
network success rate top5 99.971428% 100.000000% 
saving best net in top 1
best net saved to line_network_8/trained/, with success rate 92.214287%



epoch [1 1] from [10 5]
training time per iterations 0.986607[ms]
testing
testing done
network success rate top1 92.871429% 92.542854% 
network success rate top5 99.971428% 100.000000% 
saving best net in top 1
best net saved to line_network_8/trained/, with success rate 92.871429%



epoch [1 2] from [10 5]
training time per iterations 0.960286[ms]
testing
testing done
network success rate top1 92.957146% 92.599998% 
network success rate top5 99.971428% 100.000000% 
saving best net in top 1
best net saved to line_network_8/trained/, with success rate 92.957146%



epoch [1 3] from [10 5]
training time per iterations 0.968929[ms]
testing
testing done
network success rate top1 92.985718% 92.842857% 
network success rate top5 99.971428% 100.000000% 
saving best net in top 1
best net saved to line_network_8/trained/, with success rate 92.985718%



epoch [1 4] from [10 5]
training time per iterations 0.975179[ms]
testing
testing done
network success rate top1 93.028572% 92.728569% 
network success rate top5 99.971428% 100.000000% 
saving best net in top 1
best net saved to line_network_8/trained/, with success rate 93.028572%



epoch [2 0] from [10 5]
training time per iterations 0.966143[ms]
testing
testing done
network success rate top1 92.885712% 93.371429% 
network success rate top5 99.971428% 100.000000% 



epoch [2 1] from [10 5]
training time per iterations 0.986250[ms]
testing
testing done
network success rate top1 93.271431% 92.699997% 
network success rate top5 99.985718% 99.985718% 
saving best net in top 1
best net saved to line_network_8/trained/, with success rate 93.271431%



epoch [2 2] from [10 5]
training time per iterations 0.959464[ms]
testing
testing done
network success rate top1 93.157143% 92.871429% 
network success rate top5 99.971428% 99.985718% 



epoch [2 3] from [10 5]
training time per iterations 0.982036[ms]
testing
testing done
network success rate top1 93.157143% 93.314285% 
network success rate top5 100.000000% 100.000000% 



epoch [2 4] from [10 5]
training time per iterations 0.970107[ms]
testing
testing done
network success rate top1 92.971428% 93.414284% 
network success rate top5 100.000000% 100.000000% 



epoch [3 0] from [10 5]
training time per iterations 0.962571[ms]
testing
testing done
network success rate top1 93.057144% 93.357140% 
network success rate top5 100.000000% 100.000000% 



epoch [3 1] from [10 5]
training time per iterations 0.975321[ms]
testing
testing done
network success rate top1 93.314285% 93.428574% 
network success rate top5 100.000000% 100.000000% 
saving best net in top 1
best net saved to line_network_8/trained/, with success rate 93.314285%



epoch [3 2] from [10 5]
training time per iterations 0.960750[ms]
testing
testing done
network success rate top1 93.214287% 92.942856% 
network success rate top5 100.000000% 99.985718% 



epoch [3 3] from [10 5]
training time per iterations 0.959250[ms]
testing
testing done
network success rate top1 93.657143% 93.942856% 
network success rate top5 100.000000% 100.000000% 
saving best net in top 1
best net saved to line_network_8/trained/, with success rate 93.657143%



epoch [3 4] from [10 5]
training time per iterations 0.962714[ms]
testing
testing done
network success rate top1 93.199997% 93.428574% 
network success rate top5 100.000000% 100.000000% 



epoch [4 0] from [10 5]
training time per iterations 0.960857[ms]
testing
testing done
network success rate top1 93.800003% 93.728569% 
network success rate top5 100.000000% 100.000000% 
saving best net in top 1
best net saved to line_network_8/trained/, with success rate 93.800003%



epoch [4 1] from [10 5]
training time per iterations 0.982643[ms]
testing
testing done
network success rate top1 93.528572% 93.914284% 
network success rate top5 100.000000% 99.985718% 



epoch [4 2] from [10 5]
training time per iterations 0.947107[ms]
testing
testing done
network success rate top1 93.757141% 93.557144% 
network success rate top5 100.000000% 99.985718% 



epoch [4 3] from [10 5]
training time per iterations 0.960393[ms]
testing
testing done
network success rate top1 93.928574% 94.142860% 
network success rate top5 100.000000% 99.985718% 
saving best net in top 1
best net saved to line_network_8/trained/, with success rate 93.928574%



epoch [4 4] from [10 5]
training time per iterations 0.982964[ms]
testing
testing done
network success rate top1 93.371429% 93.300003% 
network success rate top5 100.000000% 99.985718% 



epoch [5 0] from [10 5]
training time per iterations 0.958821[ms]
testing
testing done
network success rate top1 93.699997% 93.671425% 
network success rate top5 100.000000% 100.000000% 



epoch [5 1] from [10 5]
training time per iterations 0.979750[ms]
testing
testing done
network success rate top1 93.942856% 93.685715% 
network success rate top5 100.000000% 99.985718% 
saving best net in top 1
best net saved to line_network_8/trained/, with success rate 93.942856%



epoch [5 2] from [10 5]
training time per iterations 0.969679[ms]
testing
testing done
network success rate top1 93.528572% 93.342857% 
network success rate top5 100.000000% 99.971428% 



epoch [5 3] from [10 5]
training time per iterations 0.979071[ms]
testing
testing done
network success rate top1 93.642860% 93.857140% 
network success rate top5 100.000000% 99.985718% 



epoch [5 4] from [10 5]
training time per iterations 0.989500[ms]
testing
testing done
network success rate top1 94.014282% 94.099998% 
network success rate top5 100.000000% 100.000000% 
saving best net in top 1
best net saved to line_network_8/trained/, with success rate 94.014282%



epoch [6 0] from [10 5]
training time per iterations 0.963500[ms]
testing
testing done
network success rate top1 94.028572% 93.800003% 
network success rate top5 100.000000% 99.971428% 
saving best net in top 1
best net saved to line_network_8/trained/, with success rate 94.028572%



epoch [6 1] from [10 5]
training time per iterations 0.984964[ms]
testing
testing done
network success rate top1 94.257141% 94.471428% 
network success rate top5 100.000000% 99.985718% 
saving best net in top 1
best net saved to line_network_8/trained/, with success rate 94.257141%



epoch [6 2] from [10 5]
training time per iterations 0.975179[ms]
testing
testing done
network success rate top1 93.457146% 93.742859% 
network success rate top5 100.000000% 99.985718% 



epoch [6 3] from [10 5]
training time per iterations 0.974964[ms]
testing
testing done
network success rate top1 93.800003% 93.985718% 
network success rate top5 99.985718% 99.985718% 



epoch [6 4] from [10 5]
training time per iterations 0.953857[ms]
testing
testing done
network success rate top1 94.057144% 94.357140% 
network success rate top5 100.000000% 100.000000% 



epoch [7 0] from [10 5]
training time per iterations 0.965250[ms]
testing
testing done
network success rate top1 93.957146% 94.157143% 
network success rate top5 99.985718% 100.000000% 



epoch [7 1] from [10 5]
training time per iterations 0.987393[ms]
testing
testing done
network success rate top1 94.385712% 94.042854% 
network success rate top5 100.000000% 100.000000% 
saving best net in top 1
best net saved to line_network_8/trained/, with success rate 94.385712%



epoch [7 2] from [10 5]
training time per iterations 0.957893[ms]
testing
testing done
network success rate top1 93.914284% 94.228569% 
network success rate top5 99.985718% 100.000000% 



epoch [7 3] from [10 5]
training time per iterations 0.976964[ms]
testing
testing done
network success rate top1 94.042854% 94.300003% 
network success rate top5 100.000000% 100.000000% 



epoch [7 4] from [10 5]
training time per iterations 0.955464[ms]
testing
testing done
network success rate top1 94.199997% 93.857140% 
network success rate top5 99.985718% 99.985718% 
setting learning rate to 0.000250



epoch [8 0] from [10 5]
training time per iterations 0.973750[ms]
testing
testing done
network success rate top1 38.642857% 38.728573% 
network success rate top5 85.928574% 85.971428% 



epoch [8 1] from [10 5]
training time per iterations 0.979571[ms]
testing
testing done
network success rate top1 90.628571% 90.557144% 
network success rate top5 99.985718% 100.000000% 



epoch [8 2] from [10 5]
training time per iterations 0.956393[ms]
testing
testing done
network success rate top1 56.957142% 57.228573% 
network success rate top5 85.871429% 85.757141% 



epoch [8 3] from [10 5]
training time per iterations 0.972357[ms]
testing
testing done
network success rate top1 92.300003% 92.314285% 
network success rate top5 99.985718% 99.985718% 



epoch [8 4] from [10 5]
training time per iterations 0.984821[ms]
testing
testing done
network success rate top1 66.771431% 66.385712% 
network success rate top5 85.871429% 85.571426% 



epoch [9 0] from [10 5]
training time per iterations 0.967357[ms]
testing
testing done
network success rate top1 93.371429% 93.685715% 
network success rate top5 99.957146% 99.985718% 



epoch [9 1] from [10 5]
training time per iterations 0.953357[ms]
testing
testing done
network success rate top1 70.557144% 69.828575% 
network success rate top5 85.885712% 85.414284% 



epoch [9 2] from [10 5]
training time per iterations 1.007536[ms]
testing
testing done
network success rate top1 93.500000% 93.271431% 
network success rate top5 99.957146% 99.985718% 



epoch [9 3] from [10 5]
training time per iterations 0.973714[ms]
testing
testing done
network success rate top1 74.485718% 74.871429% 
network success rate top5 85.957146% 85.599998% 



epoch [9 4] from [10 5]
training time per iterations 0.982250[ms]
testing
testing done
network success rate top1 93.342857% 93.814285% 
network success rate top5 99.985718% 99.985718% 
training done
