0.000000 0 0 78.612503 78.062500  99.875000 99.712502 
0.200000 0 1 80.412498 79.125000  99.875000 99.875000 
0.400000 0 2 80.525002 80.574997  99.912498 99.862503 
0.600000 0 3 80.912498 80.287498  99.900002 99.900002 
0.800000 0 4 82.150002 82.037498  99.925003 99.875000 
1.000000 1 0 82.375000 82.712502  99.887497 99.812500 
1.200000 1 1 83.112503 83.025002  99.849998 99.875000 
1.400000 1 2 83.824997 83.699997  99.887497 99.900002 
1.600000 1 3 84.000000 83.650002  99.887497 99.750000 
1.800000 1 4 84.487503 84.050003  99.887497 99.800003 
2.000000 2 0 84.599998 83.949997  99.875000 99.812500 
2.200000 2 1 84.012497 83.787498  99.875000 99.912498 
2.400000 2 2 84.574997 85.212502  99.887497 99.937500 
2.600000 2 3 85.050003 84.650002  99.862503 99.900002 
2.800000 2 4 85.150002 84.412498  99.875000 99.875000 
3.000000 3 0 85.012497 85.224998  99.849998 99.837502 
3.200000 3 1 85.375000 84.262497  99.862503 99.862503 
3.400000 3 2 85.237503 85.012497  99.875000 99.900002 
3.600000 3 3 86.099998 86.387497  99.887497 99.787498 
3.800000 3 4 85.612503 84.937500  99.900002 99.875000 
4.000000 4 0 85.987503 85.812500  99.900002 99.837502 
4.200000 4 1 86.275002 85.875000  99.849998 99.925003 
4.400000 4 2 86.937500 87.000000  99.875000 99.949997 
4.600000 4 3 85.300003 85.175003  99.875000 99.824997 
4.800000 4 4 86.800003 86.574997  99.887497 99.900002 
5.000000 5 0 86.662498 86.412498  99.912498 99.862503 
5.200000 5 1 86.662498 86.400002  99.875000 99.937500 
5.400000 5 2 86.712502 86.949997  99.887497 99.937500 
5.600000 5 3 86.587502 86.512497  99.912498 99.937500 
5.800000 5 4 85.474998 86.199997  99.887497 99.925003 
6.000000 6 0 86.112503 85.937500  99.875000 99.862503 
6.200000 6 1 85.474998 86.550003  99.875000 99.824997 
6.400000 6 2 85.425003 85.987503  99.900002 99.849998 
6.600000 6 3 85.762497 85.912498  99.900002 99.987503 
6.800000 6 4 86.262497 85.900002  99.875000 99.800003 
7.000000 7 0 87.074997 87.125000  99.875000 99.949997 
7.200000 7 1 85.887497 85.849998  99.887497 99.900002 
7.400000 7 2 86.162498 86.437500  99.900002 99.912498 
7.600000 7 3 86.675003 86.550003  99.875000 99.949997 
7.800000 7 4 86.750000 87.212502  99.875000 99.912498 
8.000000 8 0 87.387497 87.637497  99.900002 99.887497 
8.200000 8 1 87.437500 87.012497  99.900002 99.912498 
8.400000 8 2 87.087502 86.812500  99.900002 99.925003 
8.600000 8 3 87.125000 87.525002  99.900002 99.887497 
8.800000 8 4 87.025002 86.712502  99.900002 99.937500 
9.000000 9 0 87.187500 87.362503  99.900002 99.887497 
9.200000 9 1 87.099998 87.250000  99.900002 99.875000 
9.400000 9 2 87.150002 86.887497  99.900002 99.925003 
9.600000 9 3 87.212502 87.599998  99.912498 99.862503 
9.800000 9 4 87.237503 87.275002  99.900002 99.875000 
