0 -0.972802 1 0.000095
1 -0.952615 0 0.000000
2 -0.932427 0 0.000000
3 -0.912239 2 0.000190
4 -0.892052 2 0.000190
5 -0.871864 1 0.000095
6 -0.851676 0 0.000000
7 -0.831489 0 0.000000
8 -0.811301 3 0.000284
9 -0.791113 0 0.000000
10 -0.770926 3 0.000284
11 -0.750738 1 0.000095
12 -0.730550 5 0.000474
13 -0.710363 3 0.000284
14 -0.690175 3 0.000284
15 -0.669987 3 0.000284
16 -0.649800 2 0.000190
17 -0.629612 4 0.000379
18 -0.609424 1 0.000095
19 -0.589237 3 0.000284
20 -0.569049 4 0.000379
21 -0.548861 1 0.000095
22 -0.528674 0 0.000000
23 -0.508486 5 0.000474
24 -0.488298 6 0.000569
25 -0.468111 4 0.000379
26 -0.447923 11 0.001043
27 -0.427735 9 0.000853
28 -0.407548 19 0.001801
29 -0.387360 22 0.002085
30 -0.367172 33 0.003128
31 -0.346985 56 0.005308
32 -0.326797 66 0.006256
33 -0.306609 76 0.007204
34 -0.286422 111 0.010521
35 -0.266234 121 0.011469
36 -0.246046 165 0.015640
37 -0.225859 197 0.018673
38 -0.205671 202 0.019147
39 -0.185483 263 0.024929
40 -0.165295 337 0.031943
41 -0.145108 400 0.037915
42 -0.124920 426 0.040379
43 -0.104732 459 0.043507
44 -0.084545 459 0.043507
45 -0.064357 508 0.048152
46 -0.044169 553 0.052417
47 -0.023982 563 0.053365
48 -0.003794 577 0.054692
49 0.016394 528 0.050047
50 0.036581 545 0.051659
51 0.056769 532 0.050427
52 0.076957 491 0.046540
53 0.097144 476 0.045118
54 0.117332 437 0.041422
55 0.137520 355 0.033649
56 0.157707 308 0.029194
57 0.177895 265 0.025118
58 0.198083 193 0.018294
59 0.218270 120 0.011374
60 0.238458 125 0.011848
61 0.258646 109 0.010332
62 0.278833 86 0.008152
63 0.299021 79 0.007488
64 0.319209 43 0.004076
65 0.339396 29 0.002749
66 0.359584 22 0.002085
67 0.379772 15 0.001422
68 0.399959 12 0.001137
69 0.420147 8 0.000758
70 0.440335 13 0.001232
71 0.460522 6 0.000569
72 0.480710 5 0.000474
73 0.500898 8 0.000758
74 0.521085 5 0.000474
75 0.541273 1 0.000095
76 0.561461 3 0.000284
77 0.581648 3 0.000284
78 0.601836 1 0.000095
79 0.622024 3 0.000284
80 0.642211 5 0.000474
81 0.662399 1 0.000095
82 0.682587 3 0.000284
83 0.702774 3 0.000284
84 0.722962 3 0.000284
85 0.743150 2 0.000190
86 0.763338 1 0.000095
87 0.783525 1 0.000095
88 0.803713 0 0.000000
89 0.823901 1 0.000095
90 0.844088 0 0.000000
91 0.864276 2 0.000190
92 0.884464 3 0.000284
93 0.904651 2 0.000190
94 0.924839 3 0.000284
95 0.945027 2 0.000190
96 0.965214 0 0.000000
97 0.985402 1 0.000095
98 1.005589 1 0.000095
99 1.025777 0 0.000000
