0 -1.000000 87 0.008246
1 -0.979879 403 0.038199
2 -0.959758 324 0.030711
3 -0.939636 260 0.024645
4 -0.919515 101 0.009573
5 -0.899394 0 0.000000
6 -0.879273 19 0.001801
7 -0.859152 138 0.013081
8 -0.839030 308 0.029194
9 -0.818909 151 0.014313
10 -0.798788 82 0.007773
11 -0.778667 93 0.008815
12 -0.758545 64 0.006066
13 -0.738424 100 0.009479
14 -0.718303 97 0.009194
15 -0.698182 105 0.009953
16 -0.678061 99 0.009384
17 -0.657939 88 0.008341
18 -0.637818 44 0.004171
19 -0.617697 148 0.014028
20 -0.597576 155 0.014692
21 -0.577455 84 0.007962
22 -0.557333 75 0.007109
23 -0.537212 86 0.008152
24 -0.517091 97 0.009194
25 -0.496970 75 0.007109
26 -0.476848 96 0.009100
27 -0.456727 87 0.008246
28 -0.436606 112 0.010616
29 -0.416485 116 0.010995
30 -0.396364 59 0.005592
31 -0.376242 43 0.004076
32 -0.356121 95 0.009005
33 -0.336000 89 0.008436
34 -0.315879 81 0.007678
35 -0.295758 79 0.007488
36 -0.275636 42 0.003981
37 -0.255515 43 0.004076
38 -0.235394 43 0.004076
39 -0.215273 35 0.003318
40 -0.195152 38 0.003602
41 -0.175030 35 0.003318
42 -0.154909 60 0.005687
43 -0.134788 58 0.005498
44 -0.114667 46 0.004360
45 -0.094545 67 0.006351
46 -0.074424 95 0.009005
47 -0.054303 171 0.016209
48 -0.034182 191 0.018104
49 -0.014061 184 0.017441
50 0.006061 118 0.011185
51 0.026182 234 0.022180
52 0.046303 95 0.009005
53 0.066424 90 0.008531
54 0.086545 57 0.005403
55 0.106667 70 0.006635
56 0.126788 56 0.005308
57 0.146909 47 0.004455
58 0.167030 51 0.004834
59 0.187151 38 0.003602
60 0.207273 33 0.003128
61 0.227394 53 0.005024
62 0.247515 45 0.004265
63 0.267636 78 0.007393
64 0.287758 81 0.007678
65 0.307879 91 0.008626
66 0.328000 111 0.010521
67 0.348121 72 0.006825
68 0.368242 38 0.003602
69 0.388364 122 0.011564
70 0.408485 135 0.012796
71 0.428606 111 0.010521
72 0.448727 104 0.009858
73 0.468848 75 0.007109
74 0.488970 108 0.010237
75 0.509091 74 0.007014
76 0.529212 74 0.007014
77 0.549333 104 0.009858
78 0.569454 136 0.012891
79 0.589576 175 0.016588
80 0.609697 93 0.008815
81 0.629818 86 0.008152
82 0.649939 120 0.011374
83 0.670061 105 0.009953
84 0.690182 99 0.009384
85 0.710303 83 0.007867
86 0.730424 73 0.006919
87 0.750545 74 0.007014
88 0.770667 88 0.008341
89 0.790788 121 0.011469
90 0.810909 213 0.020190
91 0.831030 242 0.022938
92 0.851151 46 0.004360
93 0.871273 0 0.000000
94 0.891394 0 0.000000
95 0.911515 235 0.022275
96 0.931636 296 0.028057
97 0.951757 365 0.034597
98 0.971879 286 0.027109
99 0.992000 1 0.000095
