0.000000 0 0 86.800003 87.071426  100.000000 100.000000 
0.200000 0 1 89.114288 89.885712  100.000000 100.000000 
0.400000 0 2 88.842857 89.014282  100.000000 100.000000 
0.600000 0 3 90.585716 91.357140  100.000000 100.000000 
0.800000 0 4 90.842857 91.342857  100.000000 100.000000 
1.000000 1 0 90.371429 90.271431  100.000000 100.000000 
1.200000 1 1 90.085716 90.257141  100.000000 99.985718 
1.400000 1 2 90.128571 91.014282  100.000000 99.985718 
1.600000 1 3 90.199997 90.614288  100.000000 99.985718 
1.800000 1 4 89.985718 89.714287  99.985718 99.985718 
2.000000 2 0 89.800003 89.871429  99.971428 99.928574 
2.200000 2 1 89.842857 90.699997  99.971428 99.985718 
2.400000 2 2 89.828575 89.971428  99.957146 99.957146 
2.600000 2 3 89.671425 89.985718  99.971428 100.000000 
2.800000 2 4 89.757141 89.614288  99.985718 99.971428 
3.000000 3 0 89.414284 89.542854  99.985718 100.000000 
3.200000 3 1 90.257141 90.142860  99.971428 100.000000 
3.400000 3 2 89.442856 90.085716  99.971428 99.957146 
3.600000 3 3 90.171425 89.528572  99.957146 99.942856 
3.800000 3 4 88.985718 88.928574  99.942856 99.957146 
4.000000 4 0 89.099998 89.785713  99.985718 99.985718 
4.200000 4 1 89.542854 89.414284  99.971428 100.000000 
4.400000 4 2 89.114288 88.757141  99.957146 99.971428 
4.600000 4 3 89.428574 89.257141  99.971428 99.957146 
4.800000 4 4 89.742859 90.128571  99.971428 99.985718 
5.000000 5 0 89.599998 90.128571  99.957146 99.971428 
5.200000 5 1 89.500000 89.057144  99.971428 99.985718 
5.400000 5 2 90.185715 90.085716  99.971428 99.971428 
5.600000 5 3 90.085716 89.771431  99.971428 100.000000 
5.800000 5 4 89.628571 89.042854  99.957146 100.000000 
6.000000 6 0 90.085716 90.357140  99.971428 99.942856 
6.200000 6 1 89.642860 89.985718  99.957146 99.985718 
6.400000 6 2 90.099998 89.614288  99.971428 99.971428 
6.600000 6 3 90.228569 89.857140  99.957146 99.957146 
6.800000 6 4 90.071426 90.185715  99.971428 99.985718 
7.000000 7 0 90.171425 90.428574  99.942856 99.971428 
7.200000 7 1 90.385712 90.900002  99.971428 99.971428 
7.400000 7 2 90.599998 91.071426  99.957146 99.985718 
7.600000 7 3 90.071426 90.357140  99.942856 100.000000 
7.800000 7 4 91.214287 90.785713  99.971428 99.985718 
8.000000 8 0 66.485718 67.114288  85.928574 85.914284 
8.200000 8 1 82.685715 82.928574  100.000000 100.000000 
8.400000 8 2 72.942856 73.028572  85.971428 85.900002 
8.600000 8 3 85.171425 85.771431  100.000000 100.000000 
8.800000 8 4 74.928574 75.371429  86.271431 86.171425 
9.000000 9 0 86.228569 86.457146  100.000000 100.000000 
9.200000 9 1 75.500000 75.628571  86.528572 86.342857 
9.400000 9 2 86.871429 87.442856  100.000000 100.000000 
9.600000 9 3 75.699997 74.857140  86.757141 86.199997 
9.800000 9 4 87.328575 89.142860  100.000000 100.000000 
