testing accuracy 96.080002[%]
training accuracy   96.379997[%]



TESTING confussion matrix : 

     1056       22        0        0        0
       26      950       33        0        0
        0       27      913       30        0
        0        0       14      920       24
        0        0        0       20      965

   97.597   95.095   95.104   94.845   97.573      


success count     4804
miss count         196
accuracy         96.08%
        
====================================================================================================




TRAINING confussion matrix : 

      939       33        0        0        0
       18      950       31        0        0
        0       20      934       16        0
        0        0       30      980       18
        0        0        0       15     1016

   98.119   94.716   93.869   96.934   98.259      


success count     4819
miss count         181
accuracy         96.38%
        
====================================================================================================




