0 0 0.000000 90.599998 91.120003
0 1 2.000000 92.639999 93.199997
0 2 4.000000 93.160004 93.239998
0 3 6.000000 93.620003 94.260002
0 4 8.000000 94.360001 94.860001
1 0 10.000000 94.599998 94.879997
1 1 12.000000 94.620003 94.940002
1 2 14.000000 94.540001 95.199997
1 3 16.000000 94.660004 95.000000
1 4 18.000000 94.660004 95.180000
2 0 20.000000 94.839996 95.599998
2 1 22.000000 95.239998 95.500000
2 2 24.000000 95.220001 95.440002
2 3 26.000000 95.360001 95.500000
2 4 28.000000 95.180000 95.199997
3 0 30.000000 95.620003 95.620003
3 1 32.000000 95.480003 96.459999
3 2 34.000000 95.720001 96.160004
3 3 36.000000 95.279999 95.860001
3 4 38.000000 95.459999 96.559998
4 0 40.000000 95.459999 95.779999
4 1 42.000000 94.980003 95.040001
4 2 44.000000 95.580002 95.639999
4 3 46.000000 95.419998 96.099998
4 4 48.000000 95.419998 95.660004
5 0 50.000000 95.919998 95.820000
5 1 52.000000 95.599998 95.760002
5 2 54.000000 95.559998 96.080002
5 3 56.000000 95.500000 96.160004
5 4 58.000000 95.559998 96.059998
6 0 60.000000 95.699997 95.800003
6 1 62.000000 95.580002 95.860001
6 2 64.000000 95.820000 95.519997
6 3 66.000000 95.519997 95.800003
6 4 68.000000 95.860001 95.820000
7 0 70.000000 95.879997 96.260002
7 1 72.000000 95.959999 96.320000
7 2 74.000000 95.540001 95.660004
7 3 76.000000 95.459999 95.900002
7 4 78.000000 95.800003 96.160004
8 0 80.000000 96.019997 96.160004
8 1 82.000000 96.080002 96.379997
8 2 84.000000 95.660004 96.139999
8 3 86.000000 95.620003 95.739998
8 4 88.000000 95.860001 96.239998
9 0 90.000000 95.779999 96.139999
9 1 92.000000 95.500000 95.160004
9 2 94.000000 95.779999 96.720001
9 3 96.000000 95.779999 96.279999
9 4 98.000000 95.900002 96.580002
