initializing
training size    : 140000
testing size     : 7000
epoch count      : 10
sub epoch size   : 5

epoch_learning_rate_decay   : 8
learning_rate_decay         : 0.250000

training



epoch [0 0] from [10 5]
training time per iterations 0.929000[ms]
testing
testing done
network success rate top1 85.771431% 85.371429% 
network success rate top5 100.000000% 100.000000% 
saving best net in top 1
best net saved to line_network_1/trained/, with success rate 85.771431%



epoch [0 1] from [10 5]
training time per iterations 0.904750[ms]
testing
testing done
network success rate top1 80.042854% 78.942856% 
network success rate top5 100.000000% 100.000000% 



epoch [0 2] from [10 5]
training time per iterations 0.901250[ms]
testing
testing done
network success rate top1 80.157143% 79.485718% 
network success rate top5 100.000000% 100.000000% 



epoch [0 3] from [10 5]
training time per iterations 0.931107[ms]
testing
testing done
network success rate top1 85.485718% 84.400002% 
network success rate top5 100.000000% 100.000000% 



epoch [0 4] from [10 5]
training time per iterations 0.934929[ms]
testing
testing done
network success rate top1 81.128571% 80.471428% 
network success rate top5 100.000000% 100.000000% 



epoch [1 0] from [10 5]
training time per iterations 0.913000[ms]
testing
testing done
network success rate top1 78.185715% 78.114288% 
network success rate top5 100.000000% 100.000000% 



epoch [1 1] from [10 5]
training time per iterations 0.916464[ms]
testing
testing done
network success rate top1 81.857140% 80.671425% 
network success rate top5 100.000000% 100.000000% 



epoch [1 2] from [10 5]
training time per iterations 0.915821[ms]
testing
testing done
network success rate top1 78.671425% 78.914284% 
network success rate top5 100.000000% 100.000000% 



epoch [1 3] from [10 5]
training time per iterations 0.886536[ms]
testing
testing done
network success rate top1 78.657143% 77.757141% 
network success rate top5 100.000000% 99.985718% 



epoch [1 4] from [10 5]
training time per iterations 0.908679[ms]
testing
testing done
network success rate top1 86.042854% 84.857140% 
network success rate top5 100.000000% 100.000000% 
saving best net in top 1
best net saved to line_network_1/trained/, with success rate 86.042854%



epoch [2 0] from [10 5]
training time per iterations 0.921750[ms]
testing
testing done
network success rate top1 78.271431% 77.071426% 
network success rate top5 99.985718% 100.000000% 



epoch [2 1] from [10 5]
training time per iterations 0.916929[ms]
testing
testing done
network success rate top1 90.371429% 90.000000% 
network success rate top5 99.971428% 100.000000% 
saving best net in top 1
best net saved to line_network_1/trained/, with success rate 90.371429%



epoch [2 2] from [10 5]
training time per iterations 0.896536[ms]
testing
testing done
network success rate top1 81.728569% 81.514282% 
network success rate top5 100.000000% 100.000000% 



epoch [2 3] from [10 5]
training time per iterations 0.915714[ms]
testing
testing done
network success rate top1 82.042854% 80.599998% 
network success rate top5 100.000000% 100.000000% 



epoch [2 4] from [10 5]
training time per iterations 0.895500[ms]
testing
testing done
network success rate top1 88.800003% 88.571426% 
network success rate top5 100.000000% 100.000000% 



epoch [3 0] from [10 5]
training time per iterations 0.925643[ms]
testing
testing done
network success rate top1 87.385712% 86.871429% 
network success rate top5 100.000000% 100.000000% 



epoch [3 1] from [10 5]
training time per iterations 0.906071[ms]
testing
testing done
network success rate top1 89.957146% 89.628571% 
network success rate top5 99.985718% 99.985718% 



epoch [3 2] from [10 5]
training time per iterations 0.904571[ms]
testing
testing done
network success rate top1 82.014282% 81.285713% 
network success rate top5 99.985718% 99.985718% 



epoch [3 3] from [10 5]
training time per iterations 0.899393[ms]
testing
testing done
network success rate top1 78.685715% 77.642860% 
network success rate top5 99.985718% 100.000000% 



epoch [3 4] from [10 5]
training time per iterations 0.912250[ms]
testing
testing done
network success rate top1 82.114288% 80.742859% 
network success rate top5 100.000000% 100.000000% 



epoch [4 0] from [10 5]
training time per iterations 0.918607[ms]
testing
testing done
network success rate top1 82.214287% 80.942856% 
network success rate top5 99.985718% 99.985718% 



epoch [4 1] from [10 5]
training time per iterations 0.928036[ms]
testing
testing done
network success rate top1 88.457146% 87.900002% 
network success rate top5 100.000000% 100.000000% 



epoch [4 2] from [10 5]
training time per iterations 0.903893[ms]
testing
testing done
network success rate top1 81.585716% 81.171425% 
network success rate top5 99.985718% 100.000000% 



epoch [4 3] from [10 5]
training time per iterations 0.921143[ms]
testing
testing done
network success rate top1 90.300003% 89.828575% 
network success rate top5 99.985718% 99.985718% 



epoch [4 4] from [10 5]
training time per iterations 0.914714[ms]
testing
testing done
network success rate top1 86.514282% 85.471428% 
network success rate top5 100.000000% 100.000000% 



epoch [5 0] from [10 5]
training time per iterations 0.895821[ms]
testing
testing done
network success rate top1 81.385712% 80.614288% 
network success rate top5 99.985718% 99.985718% 



epoch [5 1] from [10 5]
training time per iterations 0.907964[ms]
testing
testing done
network success rate top1 88.771431% 88.357140% 
network success rate top5 99.985718% 100.000000% 



epoch [5 2] from [10 5]
training time per iterations 0.917786[ms]
testing
testing done
network success rate top1 90.471428% 90.128571% 
network success rate top5 99.985718% 100.000000% 
saving best net in top 1
best net saved to line_network_1/trained/, with success rate 90.471428%



epoch [5 3] from [10 5]
training time per iterations 0.915714[ms]
testing
testing done
network success rate top1 83.428574% 82.857140% 
network success rate top5 99.985718% 100.000000% 



epoch [5 4] from [10 5]
training time per iterations 0.905429[ms]
testing
testing done
network success rate top1 78.585716% 77.328575% 
network success rate top5 100.000000% 99.985718% 



epoch [6 0] from [10 5]
training time per iterations 0.927000[ms]
testing
testing done
network success rate top1 88.557144% 88.428574% 
network success rate top5 99.985718% 100.000000% 



epoch [6 1] from [10 5]
training time per iterations 0.890321[ms]
testing
testing done
network success rate top1 82.085716% 81.271431% 
network success rate top5 99.985718% 99.985718% 



epoch [6 2] from [10 5]
training time per iterations 0.916893[ms]
testing
testing done
network success rate top1 85.814285% 85.471428% 
network success rate top5 99.985718% 100.000000% 



epoch [6 3] from [10 5]
training time per iterations 0.896893[ms]
testing
testing done
network success rate top1 85.628571% 85.599998% 
network success rate top5 99.985718% 100.000000% 



epoch [6 4] from [10 5]
training time per iterations 0.887000[ms]
testing
testing done
network success rate top1 88.557144% 87.385712% 
network success rate top5 99.985718% 100.000000% 



epoch [7 0] from [10 5]
training time per iterations 0.917536[ms]
testing
testing done
network success rate top1 82.842857% 81.257141% 
network success rate top5 100.000000% 100.000000% 



epoch [7 1] from [10 5]
training time per iterations 0.903893[ms]
testing
testing done
network success rate top1 90.571426% 90.185715% 
network success rate top5 99.985718% 99.985718% 
saving best net in top 1
best net saved to line_network_1/trained/, with success rate 90.571426%



epoch [7 2] from [10 5]
training time per iterations 0.905286[ms]
testing
testing done
network success rate top1 87.914284% 88.128571% 
network success rate top5 99.985718% 100.000000% 



epoch [7 3] from [10 5]
training time per iterations 0.919429[ms]
testing
testing done
network success rate top1 79.614288% 78.885712% 
network success rate top5 99.985718% 100.000000% 



epoch [7 4] from [10 5]
training time per iterations 0.914250[ms]
testing
testing done
network success rate top1 79.042854% 78.400002% 
network success rate top5 99.985718% 99.985718% 
setting learning rate to 0.000250



epoch [8 0] from [10 5]
training time per iterations 0.891286[ms]
testing
testing done
network success rate top1 69.942856% 68.042854% 
network success rate top5 95.357140% 95.514282% 



epoch [8 1] from [10 5]
training time per iterations 0.909214[ms]
testing
testing done
network success rate top1 90.342857% 89.757141% 
network success rate top5 99.985718% 99.985718% 



epoch [8 2] from [10 5]
training time per iterations 0.913179[ms]
testing
testing done
network success rate top1 71.471428% 69.685715% 
network success rate top5 100.000000% 100.000000% 



epoch [8 3] from [10 5]
training time per iterations 0.907536[ms]
testing
testing done
network success rate top1 79.657143% 79.142860% 
network success rate top5 99.985718% 100.000000% 



epoch [8 4] from [10 5]
training time per iterations 0.930357[ms]
testing
testing done
network success rate top1 72.628571% 71.271431% 
network success rate top5 100.000000% 100.000000% 



epoch [9 0] from [10 5]
training time per iterations 0.942536[ms]
testing
testing done
network success rate top1 89.242859% 89.671425% 
network success rate top5 99.985718% 100.000000% 



epoch [9 1] from [10 5]
training time per iterations 0.930679[ms]
testing
testing done
network success rate top1 81.785713% 79.828575% 
network success rate top5 100.000000% 99.985718% 



epoch [9 2] from [10 5]
training time per iterations 0.895786[ms]
testing
testing done
network success rate top1 89.514282% 88.900002% 
network success rate top5 100.000000% 99.985718% 



epoch [9 3] from [10 5]
training time per iterations 0.896536[ms]
testing
testing done
network success rate top1 73.257141% 71.599998% 
network success rate top5 100.000000% 99.985718% 



epoch [9 4] from [10 5]
training time per iterations 0.928357[ms]
testing
testing done
network success rate top1 79.771431% 79.542854% 
network success rate top5 100.000000% 99.985718% 
training done
