network init start

hyperparameters
init_weight_range 0.000000 ,xavier
learning_rate 0.001000
lambda1 0.000050
lambda2 0.100000
dropout 0.200000
minibatch size 32

         CONVOLUTION  [    8     8     1] [    3     3     8] [    8     8     8] [        72          8][      5120]
                RELU  [    8     8     8] [    1     1     1] [    8     8     8] [         0          0][      1024]
         MAX POOLING  [    8     8     8] [    2     2     1] [    4     4     8] [         0          0][      1024]
         CONVOLUTION  [    4     4     8] [    3     3     8] [    4     4     8] [       576          8][      9344]
                RELU  [    4     4     8] [    1     1     1] [    4     4     8] [         0          0][       256]
             DROPOUT  [    4     4     8] [    1     1     1] [    4     4     8] [         0          0][       256]
                  FC  [    4     4     8] [    1     1     7] [    1     1     7] [       896          7][      1806]

input_geometry  [8 8 1]
output_geometry [1 1 7]
network flops operations 18830 FLOPS, 0.000019 GFLOPS
init DONE

network destructor done
