0.000000 0 0 85.771431 85.371429  100.000000 100.000000 
0.200000 0 1 80.042854 78.942856  100.000000 100.000000 
0.400000 0 2 80.157143 79.485718  100.000000 100.000000 
0.600000 0 3 85.485718 84.400002  100.000000 100.000000 
0.800000 0 4 81.128571 80.471428  100.000000 100.000000 
1.000000 1 0 78.185715 78.114288  100.000000 100.000000 
1.200000 1 1 81.857140 80.671425  100.000000 100.000000 
1.400000 1 2 78.671425 78.914284  100.000000 100.000000 
1.600000 1 3 78.657143 77.757141  100.000000 99.985718 
1.800000 1 4 86.042854 84.857140  100.000000 100.000000 
2.000000 2 0 78.271431 77.071426  99.985718 100.000000 
2.200000 2 1 90.371429 90.000000  99.971428 100.000000 
2.400000 2 2 81.728569 81.514282  100.000000 100.000000 
2.600000 2 3 82.042854 80.599998  100.000000 100.000000 
2.800000 2 4 88.800003 88.571426  100.000000 100.000000 
3.000000 3 0 87.385712 86.871429  100.000000 100.000000 
3.200000 3 1 89.957146 89.628571  99.985718 99.985718 
3.400000 3 2 82.014282 81.285713  99.985718 99.985718 
3.600000 3 3 78.685715 77.642860  99.985718 100.000000 
3.800000 3 4 82.114288 80.742859  100.000000 100.000000 
4.000000 4 0 82.214287 80.942856  99.985718 99.985718 
4.200000 4 1 88.457146 87.900002  100.000000 100.000000 
4.400000 4 2 81.585716 81.171425  99.985718 100.000000 
4.600000 4 3 90.300003 89.828575  99.985718 99.985718 
4.800000 4 4 86.514282 85.471428  100.000000 100.000000 
5.000000 5 0 81.385712 80.614288  99.985718 99.985718 
5.200000 5 1 88.771431 88.357140  99.985718 100.000000 
5.400000 5 2 90.471428 90.128571  99.985718 100.000000 
5.600000 5 3 83.428574 82.857140  99.985718 100.000000 
5.800000 5 4 78.585716 77.328575  100.000000 99.985718 
6.000000 6 0 88.557144 88.428574  99.985718 100.000000 
6.200000 6 1 82.085716 81.271431  99.985718 99.985718 
6.400000 6 2 85.814285 85.471428  99.985718 100.000000 
6.600000 6 3 85.628571 85.599998  99.985718 100.000000 
6.800000 6 4 88.557144 87.385712  99.985718 100.000000 
7.000000 7 0 82.842857 81.257141  100.000000 100.000000 
7.200000 7 1 90.571426 90.185715  99.985718 99.985718 
7.400000 7 2 87.914284 88.128571  99.985718 100.000000 
7.600000 7 3 79.614288 78.885712  99.985718 100.000000 
7.800000 7 4 79.042854 78.400002  99.985718 99.985718 
8.000000 8 0 69.942856 68.042854  95.357140 95.514282 
8.200000 8 1 90.342857 89.757141  99.985718 99.985718 
8.400000 8 2 71.471428 69.685715  100.000000 100.000000 
8.600000 8 3 79.657143 79.142860  99.985718 100.000000 
8.800000 8 4 72.628571 71.271431  100.000000 100.000000 
9.000000 9 0 89.242859 89.671425  99.985718 100.000000 
9.200000 9 1 81.785713 79.828575  100.000000 99.985718 
9.400000 9 2 89.514282 88.900002  100.000000 99.985718 
9.600000 9 3 73.257141 71.599998  100.000000 99.985718 
9.800000 9 4 79.771431 79.542854  100.000000 99.985718 
